#
# There is insufficient memory for the Java Runtime Environment to continue.
# Native memory allocation (mmap) failed to map 32505856 bytes for Failed to commit area from 0x0000000089a00000 to 0x000000008b900000 of length 32505856.
# Possible reasons:
#   The system is out of physical RAM or swap space
#   The process is running with CompressedOops enabled, and the Java Heap may be blocking the growth of the native heap
# Possible solutions:
#   Reduce memory load on the system
#   Increase physical memory or swap space
#   Check if swap backing store is full
#   Decrease Java heap size (-Xmx/-Xms)
#   Decrease number of Java threads
#   Decrease Java thread stack sizes (-Xss)
#   Set larger code cache with -XX:ReservedCodeCacheSize=
#   JVM is running with Unscaled Compressed Oops mode in which the Java heap is
#     placed in the first 4GB address space. The Java Heap base address is the
#     maximum limit for the native heap growth. Please use -XX:HeapBaseMinAddress
#     to set the Java Heap base and to place the Java Heap above 4GB virtual address.
# This output file may be truncated or incomplete.
#
#  Out of Memory Error (./src/hotspot/os/windows/os_windows.cpp:3303), pid=22772, tid=16252
#
# JRE version: OpenJDK Runtime Environment (11.0.8+10) (build 11.0.8+10-b944.6842174)
# Java VM: OpenJDK 64-Bit Server VM (11.0.8+10-b944.6842174, mixed mode, tiered, compressed oops, g1 gc, windows-amd64)
# No core dump will be written. Minidumps are not enabled by default on client versions of Windows
#

---------------  S U M M A R Y ------------

Command Line: --add-opens=java.base/java.util=ALL-UNNAMED --add-opens=java.base/java.lang=ALL-UNNAMED --add-opens=java.base/java.lang.invoke=ALL-UNNAMED --add-opens=java.prefs/java.util.prefs=ALL-UNNAMED -Xmx2048m -Dfile.encoding=UTF-8 -Duser.country=US -Duser.language=en -Duser.variant org.gradle.launcher.daemon.bootstrap.GradleDaemon 6.7.1

Host: Intel(R) Core(TM) i5-7300HQ CPU @ 2.50GHz, 4 cores, 7G,  Windows 10 , 64 bit Build 19041 (10.0.19041.1151)
Time: Tue Aug 24 17:45:18 2021 SE Asia Standard Time elapsed time: 8 seconds (0d 0h 0m 8s)

---------------  T H R E A D  ---------------

Current thread (0x0000020734196800):  VMThread "VM Thread" [stack: 0x000000df4bf00000,0x000000df4c000000] [id=16252]

Stack: [0x000000df4bf00000,0x000000df4c000000]
[error occurred during error reporting (printing stack bounds), id 0xc0000005, EXCEPTION_ACCESS_VIOLATION (0xc0000005) at pc=0x000002071d990dad]

Native frames: (J=compiled Java code, j=interpreted, Vv=VM code, C=native code)
V  [jvm.dll+0x5de50a]
V  [jvm.dll+0x7122f5]
V  [jvm.dll+0x71384d]
V  [jvm.dll+0x713e65]
V  [jvm.dll+0x713e1b]
V  [jvm.dll+0x5dd958]
V  [jvm.dll+0x5de0f8]
C  [ntdll.dll+0xa217f]
C  [ntdll.dll+0x51454]
C  [ntdll.dll+0xa0cae]
C  0x000002071d990dad

VM_Operation (0x000000df4d4f46c0): CollectForMetadataAllocation, mode: safepoint, requested by thread 0x0000020736339000


---------------  P R O C E S S  ---------------

Threads class SMR info:
_java_thread_list=0x000002073b2c4060, length=132, elements={
0x000002071a00b800, 0x000002073419f000, 0x00000207341a9000, 0x00000207341b5800,
0x00000207341b6000, 0x00000207341b8000, 0x00000207341be000, 0x00000207341e4000,
0x0000020734c67000, 0x0000020734c70800, 0x00000207359d4000, 0x0000020735687000,
0x00000207362e2800, 0x0000020736321000, 0x0000020735dd0800, 0x0000020736344000,
0x0000020736339000, 0x0000020736413800, 0x0000020736612800, 0x0000020736613000,
0x0000020736a82800, 0x0000020736a84000, 0x0000020736a85000, 0x0000020736a85800,
0x0000020736a80000, 0x0000020736a83000, 0x0000020736a86800, 0x0000020736a81000,
0x0000020736a81800, 0x0000020736cad800, 0x0000020736cac800, 0x0000020736cac000,
0x0000020736cae800, 0x0000020736caf000, 0x0000020736cb0000, 0x0000020736cb1000,
0x0000020736cab000, 0x0000020736cb2800, 0x0000020736cb3000, 0x0000020736cb5000,
0x0000020736cb4000, 0x0000020736cb5800, 0x0000020736cb6800, 0x0000020736cb7800,
0x0000020736cb1800, 0x0000020736cb8000, 0x0000020736cb9000, 0x0000020736cba000,
0x0000020738e82000, 0x0000020738e80800, 0x0000020738e83000, 0x0000020738e81800,
0x0000020738e7d800, 0x0000020738e84800, 0x0000020738e85800, 0x0000020738e88000,
0x0000020738e88800, 0x0000020738e89800, 0x0000020738e86800, 0x0000020738e87000,
0x0000020738e84000, 0x0000020738e8b000, 0x0000020738e8c000, 0x0000020738e8a800,
0x00000207372ac000, 0x00000207372a8000, 0x00000207372ad000, 0x00000207372a7800,
0x00000207372a9000, 0x00000207372aa800, 0x00000207372ae800, 0x00000207372ab800,
0x00000207372ae000, 0x00000207372af800, 0x00000207372aa000, 0x00000207372b1000,
0x00000207372b2000, 0x00000207372b3800, 0x00000207372b4800, 0x00000207372b5000,
0x00000207372b6000, 0x00000207372b3000, 0x00000207372b0800, 0x000002073710e800,
0x000002073710f800, 0x0000020737110000, 0x0000020737111000, 0x0000020737112000,
0x000002073710c000, 0x0000020737112800, 0x000002073710d000, 0x0000020737113800,
0x000002073710e000, 0x0000020737115000, 0x0000020737116000, 0x000002073711a000,
0x0000020737114800, 0x0000020737118800, 0x0000020737117000, 0x0000020737117800,
0x000002073711b000, 0x0000020737119000, 0x000002073964a000, 0x0000020739649000,
0x000002073964a800, 0x0000020739647800, 0x000002073964c000, 0x0000020739648000,
0x0000020739651000, 0x000002073964e000, 0x000002073964b800, 0x0000020739652000,
0x0000020739653000, 0x000002073964d000, 0x000002073964f800, 0x0000020739650800,
0x0000020739653800, 0x0000020739654800, 0x000002073964e800, 0x0000020739655000,
0x0000020739656000, 0x00000207374e8800, 0x00000207374ea800, 0x00000207374e8000,
0x00000207374eb000, 0x00000207374e5800, 0x00000207374e9800, 0x00000207374ec000,
0x00000207374e6000, 0x00000207374e7000, 0x00000207374f1000, 0x00000207374ee800
}

Java Threads: ( => current thread )
  0x000002071a00b800 JavaThread "main" [_thread_blocked, id=12160, stack(0x000000df4b900000,0x000000df4ba00000)]
  0x000002073419f000 JavaThread "Reference Handler" daemon [_thread_blocked, id=23488, stack(0x000000df4c000000,0x000000df4c100000)]
  0x00000207341a9000 JavaThread "Finalizer" daemon [_thread_blocked, id=7568, stack(0x000000df4c100000,0x000000df4c200000)]
  0x00000207341b5800 JavaThread "Signal Dispatcher" daemon [_thread_blocked, id=15488, stack(0x000000df4c200000,0x000000df4c300000)]
  0x00000207341b6000 JavaThread "Attach Listener" daemon [_thread_blocked, id=5892, stack(0x000000df4c300000,0x000000df4c400000)]
  0x00000207341b8000 JavaThread "C2 CompilerThread0" daemon [_thread_blocked, id=10896, stack(0x000000df4c400000,0x000000df4c500000)]
  0x00000207341be000 JavaThread "C1 CompilerThread0" daemon [_thread_blocked, id=23960, stack(0x000000df4c500000,0x000000df4c600000)]
  0x00000207341e4000 JavaThread "Sweeper thread" daemon [_thread_blocked, id=16064, stack(0x000000df4c600000,0x000000df4c700000)]
  0x0000020734c67000 JavaThread "Common-Cleaner" daemon [_thread_blocked, id=16408, stack(0x000000df4c700000,0x000000df4c800000)]
  0x0000020734c70800 JavaThread "Service Thread" daemon [_thread_blocked, id=1668, stack(0x000000df4c800000,0x000000df4c900000)]
  0x00000207359d4000 JavaThread "Daemon health stats" [_thread_blocked, id=20912, stack(0x000000df4cc00000,0x000000df4cd00000)]
  0x0000020735687000 JavaThread "Incoming local TCP Connector on port 57410" [_thread_in_native, id=17004, stack(0x000000df4cf00000,0x000000df4d000000)]
  0x00000207362e2800 JavaThread "Daemon periodic checks" [_thread_blocked, id=16788, stack(0x000000df4d000000,0x000000df4d100000)]
  0x0000020736321000 JavaThread "Daemon" [_thread_blocked, id=664, stack(0x000000df4d100000,0x000000df4d200000)]
  0x0000020735dd0800 JavaThread "Handler for socket connection from /127.0.0.1:57410 to /127.0.0.1:57412" [_thread_in_native, id=10944, stack(0x000000df4d200000,0x000000df4d300000)]
  0x0000020736344000 JavaThread "Cancel handler" [_thread_blocked, id=23896, stack(0x000000df4d300000,0x000000df4d400000)]
  0x0000020736339000 JavaThread "Daemon worker" [_thread_blocked, id=10392, stack(0x000000df4d400000,0x000000df4d500000)]
  0x0000020736413800 JavaThread "Asynchronous log dispatcher for DefaultDaemonConnection: socket connection from /127.0.0.1:57410 to /127.0.0.1:57412" [_thread_blocked, id=17600, stack(0x000000df4d500000,0x000000df4d600000)]
  0x0000020736612800 JavaThread "Stdin handler" [_thread_blocked, id=23656, stack(0x000000df4d600000,0x000000df4d700000)]
  0x0000020736613000 JavaThread "Thread-8" [_thread_blocked, id=22644, stack(0x000000df4d700000,0x000000df4d800000)]
  0x0000020736a82800 JavaThread "Cache worker for file hash cache (C:\Users\QuangThanh\.gradle\caches\6.7.1\fileHashes)" [_thread_blocked, id=18492, stack(0x000000df4d900000,0x000000df4da00000)]
  0x0000020736a84000 JavaThread "File lock request listener" [_thread_in_native, id=23836, stack(0x000000df4da00000,0x000000df4db00000)]
  0x0000020736a85000 JavaThread "Cache worker for journal cache (C:\Users\QuangThanh\.gradle\caches\journal-1)" [_thread_blocked, id=7784, stack(0x000000df4db00000,0x000000df4dc00000)]
  0x0000020736a85800 JavaThread "Cache worker for file hash cache (F:\FPT_POLY\CNTT\MOB403_AndroidNetworking\AsmFinal_NguyenQuangThanh_PH11399\Assignment\.gradle\6.7.1\fileHashes)" [_thread_blocked, id=9264, stack(0x000000df4dc00000,0x000000df4dd00000)]
  0x0000020736a80000 JavaThread "jar transforms" [_thread_blocked, id=12260, stack(0x000000df4dd00000,0x000000df4de00000)]
  0x0000020736a83000 JavaThread "jar transforms Thread 2" [_thread_blocked, id=16256, stack(0x000000df4de00000,0x000000df4df00000)]
  0x0000020736a86800 JavaThread "jar transforms Thread 3" [_thread_blocked, id=7532, stack(0x000000df4df00000,0x000000df4e000000)]
  0x0000020736a81000 JavaThread "jar transforms Thread 4" [_thread_blocked, id=18096, stack(0x000000df4e000000,0x000000df4e100000)]
  0x0000020736a81800 JavaThread "jar transforms Thread 5" [_thread_blocked, id=21444, stack(0x000000df4e100000,0x000000df4e200000)]
  0x0000020736cad800 JavaThread "jar transforms Thread 6" [_thread_blocked, id=23992, stack(0x000000df4e200000,0x000000df4e300000)]
  0x0000020736cac800 JavaThread "jar transforms Thread 7" [_thread_blocked, id=23076, stack(0x000000df4e300000,0x000000df4e400000)]
  0x0000020736cac000 JavaThread "jar transforms Thread 8" [_thread_blocked, id=20500, stack(0x000000df4e400000,0x000000df4e500000)]
  0x0000020736cae800 JavaThread "jar transforms Thread 9" [_thread_blocked, id=23436, stack(0x000000df4e500000,0x000000df4e600000)]
  0x0000020736caf000 JavaThread "jar transforms Thread 10" [_thread_blocked, id=24456, stack(0x000000df4e600000,0x000000df4e700000)]
  0x0000020736cb0000 JavaThread "jar transforms Thread 11" [_thread_blocked, id=9252, stack(0x000000df4e700000,0x000000df4e800000)]
  0x0000020736cb1000 JavaThread "jar transforms Thread 12" [_thread_blocked, id=23372, stack(0x000000df4e800000,0x000000df4e900000)]
  0x0000020736cab000 JavaThread "jar transforms Thread 13" [_thread_blocked, id=9472, stack(0x000000df4e900000,0x000000df4ea00000)]
  0x0000020736cb2800 JavaThread "jar transforms Thread 14" [_thread_blocked, id=20900, stack(0x000000df4ea00000,0x000000df4eb00000)]
  0x0000020736cb3000 JavaThread "jar transforms Thread 15" [_thread_blocked, id=23472, stack(0x000000df4eb00000,0x000000df4ec00000)]
  0x0000020736cb5000 JavaThread "jar transforms Thread 16" [_thread_blocked, id=22412, stack(0x000000df4ec00000,0x000000df4ed00000)]
  0x0000020736cb4000 JavaThread "jar transforms Thread 17" [_thread_blocked, id=23700, stack(0x000000df4ed00000,0x000000df4ee00000)]
  0x0000020736cb5800 JavaThread "jar transforms Thread 18" [_thread_blocked, id=7940, stack(0x000000df4ee00000,0x000000df4ef00000)]
  0x0000020736cb6800 JavaThread "jar transforms Thread 19" [_thread_blocked, id=24244, stack(0x000000df4ef00000,0x000000df4f000000)]
  0x0000020736cb7800 JavaThread "jar transforms Thread 20" [_thread_blocked, id=23156, stack(0x000000df4f000000,0x000000df4f100000)]
  0x0000020736cb1800 JavaThread "jar transforms Thread 21" [_thread_blocked, id=2432, stack(0x000000df4f100000,0x000000df4f200000)]
  0x0000020736cb8000 JavaThread "Cache worker for checksums cache (F:\FPT_POLY\CNTT\MOB403_AndroidNetworking\AsmFinal_NguyenQuangThanh_PH11399\Assignment\.gradle\checksums)" [_thread_blocked, id=6800, stack(0x000000df4f200000,0x000000df4f300000)]
  0x0000020736cb9000 JavaThread "Cache worker for cache directory md-supplier (C:\Users\QuangThanh\.gradle\caches\6.7.1\md-supplier)" [_thread_blocked, id=24360, stack(0x000000df4f300000,0x000000df4f400000)]
  0x0000020736cba000 JavaThread "Cache worker for cache directory md-rule (C:\Users\QuangThanh\.gradle\caches\6.7.1\md-rule)" [_thread_blocked, id=22684, stack(0x000000df4f400000,0x000000df4f500000)]
  0x0000020738e82000 JavaThread "Cache worker for execution history cache (C:\Users\QuangThanh\.gradle\caches\6.7.1\executionHistory)" [_thread_blocked, id=22728, stack(0x000000df4f500000,0x000000df4f600000)]
  0x0000020738e80800 JavaThread "Cache worker for file content cache (C:\Users\QuangThanh\.gradle\caches\6.7.1\fileContent)" [_thread_blocked, id=18280, stack(0x000000df4f600000,0x000000df4f700000)]
  0x0000020738e83000 JavaThread "Cache worker for Build Output Cleanup Cache (F:\FPT_POLY\CNTT\MOB403_AndroidNetworking\AsmFinal_NguyenQuangThanh_PH11399\Assignment\.gradle\buildOutputCleanup)" [_thread_blocked, id=12620, stack(0x000000df4f700000,0x000000df4f800000)]
  0x0000020738e81800 JavaThread "Build operations" [_thread_blocked, id=24248, stack(0x000000df4f800000,0x000000df4f900000)]
  0x0000020738e7d800 JavaThread "Build operations Thread 2" [_thread_blocked, id=21416, stack(0x000000df4f900000,0x000000df4fa00000)]
  0x0000020738e84800 JavaThread "Build operations Thread 3" [_thread_blocked, id=21024, stack(0x000000df4fa00000,0x000000df4fb00000)]
  0x0000020738e85800 JavaThread "Build operations Thread 4" [_thread_blocked, id=14696, stack(0x000000df4fb00000,0x000000df4fc00000)]
  0x0000020738e88000 JavaThread "jar transforms Thread 22" [_thread_blocked, id=22388, stack(0x000000df4fc00000,0x000000df4fd00000)]
  0x0000020738e88800 JavaThread "jar transforms Thread 23" [_thread_blocked, id=13540, stack(0x000000df4fd00000,0x000000df4fe00000)]
  0x0000020738e89800 JavaThread "jar transforms Thread 24" [_thread_blocked, id=14768, stack(0x000000df4fe00000,0x000000df4ff00000)]
  0x0000020738e86800 JavaThread "jar transforms Thread 25" [_thread_blocked, id=23316, stack(0x000000df4ff00000,0x000000df50000000)]
  0x0000020738e87000 JavaThread "jar transforms Thread 26" [_thread_blocked, id=13344, stack(0x000000df50000000,0x000000df50100000)]
  0x0000020738e84000 JavaThread "jar transforms Thread 27" [_thread_blocked, id=13928, stack(0x000000df50100000,0x000000df50200000)]
  0x0000020738e8b000 JavaThread "jar transforms Thread 28" [_thread_blocked, id=23860, stack(0x000000df50200000,0x000000df50300000)]
  0x0000020738e8c000 JavaThread "jar transforms Thread 29" [_thread_blocked, id=4124, stack(0x000000df50300000,0x000000df50400000)]
  0x0000020738e8a800 JavaThread "jar transforms Thread 30" [_thread_blocked, id=23832, stack(0x000000df50400000,0x000000df50500000)]
  0x00000207372ac000 JavaThread "jar transforms Thread 31" [_thread_blocked, id=18388, stack(0x000000df50500000,0x000000df50600000)]
  0x00000207372a8000 JavaThread "jar transforms Thread 32" [_thread_blocked, id=6112, stack(0x000000df50600000,0x000000df50700000)]
  0x00000207372ad000 JavaThread "jar transforms Thread 33" [_thread_blocked, id=16636, stack(0x000000df50700000,0x000000df50800000)]
  0x00000207372a7800 JavaThread "jar transforms Thread 34" [_thread_blocked, id=23276, stack(0x000000df50800000,0x000000df50900000)]
  0x00000207372a9000 JavaThread "jar transforms Thread 35" [_thread_blocked, id=2516, stack(0x000000df50900000,0x000000df50a00000)]
  0x00000207372aa800 JavaThread "jar transforms Thread 36" [_thread_blocked, id=17248, stack(0x000000df50a00000,0x000000df50b00000)]
  0x00000207372ae800 JavaThread "jar transforms Thread 37" [_thread_blocked, id=16600, stack(0x000000df50b00000,0x000000df50c00000)]
  0x00000207372ab800 JavaThread "jar transforms Thread 38" [_thread_blocked, id=22836, stack(0x000000df50c00000,0x000000df50d00000)]
  0x00000207372ae000 JavaThread "jar transforms Thread 39" [_thread_blocked, id=20100, stack(0x000000df50d00000,0x000000df50e00000)]
  0x00000207372af800 JavaThread "jar transforms Thread 40" [_thread_blocked, id=19428, stack(0x000000df50e00000,0x000000df50f00000)]
  0x00000207372aa000 JavaThread "jar transforms Thread 41" [_thread_blocked, id=12124, stack(0x000000df50f00000,0x000000df51000000)]
  0x00000207372b1000 JavaThread "jar transforms Thread 42" [_thread_blocked, id=24528, stack(0x000000df51000000,0x000000df51100000)]
  0x00000207372b2000 JavaThread "jar transforms Thread 43" [_thread_blocked, id=19536, stack(0x000000df51100000,0x000000df51200000)]
  0x00000207372b3800 JavaThread "jar transforms Thread 44" [_thread_blocked, id=23752, stack(0x000000df51200000,0x000000df51300000)]
  0x00000207372b4800 JavaThread "jar transforms Thread 45" [_thread_blocked, id=23816, stack(0x000000df51300000,0x000000df51400000)]
  0x00000207372b5000 JavaThread "jar transforms Thread 46" [_thread_blocked, id=12916, stack(0x000000df51400000,0x000000df51500000)]
  0x00000207372b6000 JavaThread "jar transforms Thread 47" [_thread_blocked, id=21452, stack(0x000000df51500000,0x000000df51600000)]
  0x00000207372b3000 JavaThread "jar transforms Thread 48" [_thread_blocked, id=14588, stack(0x000000df51600000,0x000000df51700000)]
  0x00000207372b0800 JavaThread "jar transforms Thread 49" [_thread_blocked, id=8636, stack(0x000000df51700000,0x000000df51800000)]
  0x000002073710e800 JavaThread "jar transforms Thread 50" [_thread_blocked, id=2364, stack(0x000000df51800000,0x000000df51900000)]
  0x000002073710f800 JavaThread "jar transforms Thread 51" [_thread_blocked, id=18692, stack(0x000000df51900000,0x000000df51a00000)]
  0x0000020737110000 JavaThread "jar transforms Thread 52" [_thread_blocked, id=15944, stack(0x000000df51a00000,0x000000df51b00000)]
  0x0000020737111000 JavaThread "jar transforms Thread 53" [_thread_blocked, id=23756, stack(0x000000df51b00000,0x000000df51c00000)]
  0x0000020737112000 JavaThread "jar transforms Thread 54" [_thread_blocked, id=14400, stack(0x000000df51c00000,0x000000df51d00000)]
  0x000002073710c000 JavaThread "jar transforms Thread 55" [_thread_blocked, id=10928, stack(0x000000df51d00000,0x000000df51e00000)]
  0x0000020737112800 JavaThread "jar transforms Thread 56" [_thread_blocked, id=14984, stack(0x000000df51e00000,0x000000df51f00000)]
  0x000002073710d000 JavaThread "jar transforms Thread 57" [_thread_blocked, id=15556, stack(0x000000df51f00000,0x000000df52000000)]
  0x0000020737113800 JavaThread "jar transforms Thread 58" [_thread_blocked, id=23920, stack(0x000000df52000000,0x000000df52100000)]
  0x000002073710e000 JavaThread "jar transforms Thread 59" [_thread_blocked, id=11592, stack(0x000000df52100000,0x000000df52200000)]
  0x0000020737115000 JavaThread "jar transforms Thread 60" [_thread_blocked, id=24084, stack(0x000000df52200000,0x000000df52300000)]
  0x0000020737116000 JavaThread "jar transforms Thread 61" [_thread_blocked, id=8912, stack(0x000000df52300000,0x000000df52400000)]
  0x000002073711a000 JavaThread "jar transforms Thread 62" [_thread_blocked, id=24488, stack(0x000000df52400000,0x000000df52500000)]
  0x0000020737114800 JavaThread "jar transforms Thread 63" [_thread_blocked, id=7632, stack(0x000000df52500000,0x000000df52600000)]
  0x0000020737118800 JavaThread "jar transforms Thread 64" [_thread_blocked, id=17960, stack(0x000000df52600000,0x000000df52700000)]
  0x0000020737117000 JavaThread "jar transforms Thread 65" [_thread_blocked, id=19936, stack(0x000000df52700000,0x000000df52800000)]
  0x0000020737117800 JavaThread "jar transforms Thread 66" [_thread_blocked, id=1652, stack(0x000000df52800000,0x000000df52900000)]
  0x000002073711b000 JavaThread "jar transforms Thread 67" [_thread_blocked, id=4316, stack(0x000000df52900000,0x000000df52a00000)]
  0x0000020737119000 JavaThread "jar transforms Thread 68" [_thread_blocked, id=21752, stack(0x000000df52a00000,0x000000df52b00000)]
  0x000002073964a000 JavaThread "jar transforms Thread 69" [_thread_blocked, id=23572, stack(0x000000df52b00000,0x000000df52c00000)]
  0x0000020739649000 JavaThread "jar transforms Thread 70" [_thread_blocked, id=6588, stack(0x000000df52c00000,0x000000df52d00000)]
  0x000002073964a800 JavaThread "jar transforms Thread 71" [_thread_blocked, id=22556, stack(0x000000df52d00000,0x000000df52e00000)]
  0x0000020739647800 JavaThread "jar transforms Thread 72" [_thread_blocked, id=22756, stack(0x000000df52e00000,0x000000df52f00000)]
  0x000002073964c000 JavaThread "jar transforms Thread 73" [_thread_blocked, id=11380, stack(0x000000df52f00000,0x000000df53000000)]
  0x0000020739648000 JavaThread "jar transforms Thread 74" [_thread_blocked, id=24420, stack(0x000000df53000000,0x000000df53100000)]
  0x0000020739651000 JavaThread "jar transforms Thread 75" [_thread_blocked, id=17352, stack(0x000000df53100000,0x000000df53200000)]
  0x000002073964e000 JavaThread "jar transforms Thread 76" [_thread_blocked, id=22768, stack(0x000000df53200000,0x000000df53300000)]
  0x000002073964b800 JavaThread "jar transforms Thread 77" [_thread_blocked, id=9468, stack(0x000000df53300000,0x000000df53400000)]
  0x0000020739652000 JavaThread "jar transforms Thread 78" [_thread_blocked, id=11996, stack(0x000000df53400000,0x000000df53500000)]
  0x0000020739653000 JavaThread "jar transforms Thread 79" [_thread_blocked, id=23196, stack(0x000000df53500000,0x000000df53600000)]
  0x000002073964d000 JavaThread "jar transforms Thread 80" [_thread_blocked, id=23824, stack(0x000000df53600000,0x000000df53700000)]
  0x000002073964f800 JavaThread "jar transforms Thread 81" [_thread_blocked, id=14392, stack(0x000000df53700000,0x000000df53800000)]
  0x0000020739650800 JavaThread "jar transforms Thread 82" [_thread_blocked, id=14648, stack(0x000000df53800000,0x000000df53900000)]
  0x0000020739653800 JavaThread "jar transforms Thread 83" [_thread_blocked, id=23480, stack(0x000000df53900000,0x000000df53a00000)]
  0x0000020739654800 JavaThread "jar transforms Thread 84" [_thread_blocked, id=17868, stack(0x000000df53a00000,0x000000df53b00000)]
  0x000002073964e800 JavaThread "jar transforms Thread 85" [_thread_blocked, id=5340, stack(0x000000df53b00000,0x000000df53c00000)]
  0x0000020739655000 JavaThread "jar transforms Thread 86" [_thread_blocked, id=23264, stack(0x000000df53c00000,0x000000df53d00000)]
  0x0000020739656000 JavaThread "jar transforms Thread 87" [_thread_blocked, id=23728, stack(0x000000df53d00000,0x000000df53e00000)]
  0x00000207374e8800 JavaThread "jar transforms Thread 88" [_thread_blocked, id=23292, stack(0x000000df53e00000,0x000000df53f00000)]
  0x00000207374ea800 JavaThread "jar transforms Thread 89" [_thread_blocked, id=8928, stack(0x000000df53f00000,0x000000df54000000)]
  0x00000207374e8000 JavaThread "jar transforms Thread 90" [_thread_blocked, id=22748, stack(0x000000df54000000,0x000000df54100000)]
  0x00000207374eb000 JavaThread "jar transforms Thread 91" [_thread_blocked, id=22620, stack(0x000000df54100000,0x000000df54200000)]
  0x00000207374e5800 JavaThread "jar transforms Thread 92" [_thread_blocked, id=22580, stack(0x000000df54200000,0x000000df54300000)]
  0x00000207374e9800 JavaThread "jar transforms Thread 93" [_thread_blocked, id=7856, stack(0x000000df54300000,0x000000df54400000)]
  0x00000207374ec000 JavaThread "jar transforms Thread 94" [_thread_blocked, id=21396, stack(0x000000df54400000,0x000000df54500000)]
  0x00000207374e6000 JavaThread "jar transforms Thread 95" [_thread_blocked, id=4328, stack(0x000000df54500000,0x000000df54600000)]
  0x00000207374e7000 JavaThread "jar transforms Thread 96" [_thread_blocked, id=20632, stack(0x000000df54600000,0x000000df54700000)]
  0x00000207374f1000 JavaThread "jar transforms Thread 97" [_thread_blocked, id=24148, stack(0x000000df54700000,0x000000df54800000)]
  0x00000207374ee800 JavaThread "Memory manager" [_thread_blocked, id=15920, stack(0x000000df54800000,0x000000df54900000)]

Other Threads:
=>0x0000020734196800 VMThread "VM Thread" [stack: 0x000000df4bf00000,0x000000df4c000000] [id=16252]
  0x0000020734cc3800 WatcherThread [stack: 0x000000df4c900000,0x000000df4ca00000] [id=23348]
  0x000002071a022800 GCTaskThread "GC Thread#0" [stack: 0x000000df4ba00000,0x000000df4bb00000] [id=13980]
  0x00000207350df800 GCTaskThread "GC Thread#1" [stack: 0x000000df4ca00000,0x000000df4cb00000] [id=22732]
  0x0000020735078800 GCTaskThread "GC Thread#2" [stack: 0x000000df4cb00000,0x000000df4cc00000] [id=24368]
  0x00000207360d8000 GCTaskThread "GC Thread#3" [stack: 0x000000df4d800000,0x000000df4d900000] [id=5412]
  0x000002071a054800 ConcurrentGCThread "G1 Main Marker" [stack: 0x000000df4bb00000,0x000000df4bc00000] [id=2092]
  0x000002071a056000 ConcurrentGCThread "G1 Conc#0" [stack: 0x000000df4bc00000,0x000000df4bd00000] [id=23392]
  0x000002071a0e6800 ConcurrentGCThread "G1 Refine#0" [stack: 0x000000df4bd00000,0x000000df4be00000] [id=11012]
  0x000002071a0e7800 ConcurrentGCThread "G1 Young RemSet Sampling" [stack: 0x000000df4be00000,0x000000df4bf00000] [id=18204]

Threads with active compile tasks:
C2 CompilerThread0   8192 5148       4       java.lang.invoke.LambdaForm$Name::replaceNames (174 bytes)

VM state:at safepoint (normal execution)

VM Mutex/Monitor currently owned by a thread:  ([mutex/lock_event])
[0x000002071a006b00] Threads_lock - owner thread: 0x0000020734196800
[0x000002071a006f80] Heap_lock - owner thread: 0x0000020736339000

Heap address: 0x0000000080000000, size: 2048 MB, Compressed Oops mode: 32-bit
Narrow klass base: 0x0000000000000000, Narrow klass shift: 3
Compressed class space size: 1073741824 Address: 0x0000000100000000

Heap:
 garbage-first heap   total 189440K, used 66459K [0x0000000080000000, 0x0000000100000000)
  region size 1024K, 4 young (4096K), 4 survivors (4096K)
 Metaspace       used 58218K, capacity 59843K, committed 59940K, reserved 1101824K
  class space    used 7417K, capacity 7933K, committed 7936K, reserved 1048576K
Heap Regions: E=young(eden), S=young(survivor), O=old, HS=humongous(starts), HC=humongous(continues), CS=collection set, F=free, A=archive, TAMS=top-at-mark-start (previous, next)
|   0|0x0000000080000000, 0x0000000080100000, 0x0000000080100000|100%| O|  |TAMS 0x0000000080100000, 0x0000000080100000| Untracked 
|   1|0x0000000080100000, 0x0000000080200000, 0x0000000080200000|100%| O|  |TAMS 0x0000000080200000, 0x0000000080200000| Untracked 
|   2|0x0000000080200000, 0x0000000080300000, 0x0000000080300000|100%| O|  |TAMS 0x0000000080300000, 0x0000000080300000| Untracked 
|   3|0x0000000080300000, 0x0000000080400000, 0x0000000080400000|100%|HS|  |TAMS 0x0000000080400000, 0x0000000080400000| Complete 
|   4|0x0000000080400000, 0x0000000080500000, 0x0000000080500000|100%|HC|  |TAMS 0x0000000080500000, 0x0000000080500000| Complete 
|   5|0x0000000080500000, 0x0000000080600000, 0x0000000080600000|100%|HC|  |TAMS 0x0000000080600000, 0x0000000080600000| Complete 
|   6|0x0000000080600000, 0x0000000080700000, 0x0000000080700000|100%| O|  |TAMS 0x0000000080700000, 0x0000000080700000| Untracked 
|   7|0x0000000080700000, 0x0000000080800000, 0x0000000080800000|100%| O|  |TAMS 0x0000000080800000, 0x0000000080800000| Untracked 
|   8|0x0000000080800000, 0x0000000080900000, 0x0000000080900000|100%| O|  |TAMS 0x0000000080900000, 0x0000000080900000| Untracked 
|   9|0x0000000080900000, 0x0000000080a00000, 0x0000000080a00000|100%| O|  |TAMS 0x0000000080a00000, 0x0000000080a00000| Untracked 
|  10|0x0000000080a00000, 0x0000000080b00000, 0x0000000080b00000|100%| O|  |TAMS 0x0000000080b00000, 0x0000000080b00000| Untracked 
|  11|0x0000000080b00000, 0x0000000080c00000, 0x0000000080c00000|100%| O|  |TAMS 0x0000000080c00000, 0x0000000080c00000| Untracked 
|  12|0x0000000080c00000, 0x0000000080d00000, 0x0000000080d00000|100%| O|  |TAMS 0x0000000080d00000, 0x0000000080d00000| Untracked 
|  13|0x0000000080d00000, 0x0000000080e00000, 0x0000000080e00000|100%| O|  |TAMS 0x0000000080e00000, 0x0000000080e00000| Untracked 
|  14|0x0000000080e00000, 0x0000000080f00000, 0x0000000080f00000|100%|HS|  |TAMS 0x0000000080f00000, 0x0000000080f00000| Complete 
|  15|0x0000000080f00000, 0x0000000081000000, 0x0000000081000000|100%|HC|  |TAMS 0x0000000081000000, 0x0000000081000000| Complete 
|  16|0x0000000081000000, 0x0000000081100000, 0x0000000081100000|100%|HS|  |TAMS 0x0000000081100000, 0x0000000081100000| Complete 
|  17|0x0000000081100000, 0x0000000081200000, 0x0000000081200000|100%|HC|  |TAMS 0x0000000081200000, 0x0000000081200000| Complete 
|  18|0x0000000081200000, 0x0000000081300000, 0x0000000081300000|100%|HC|  |TAMS 0x0000000081300000, 0x0000000081300000| Complete 
|  19|0x0000000081300000, 0x0000000081400000, 0x0000000081400000|100%|HS|  |TAMS 0x0000000081400000, 0x0000000081400000| Complete 
|  20|0x0000000081400000, 0x0000000081500000, 0x0000000081500000|100%|HC|  |TAMS 0x0000000081500000, 0x0000000081500000| Complete 
|  21|0x0000000081500000, 0x0000000081600000, 0x0000000081600000|100%|HC|  |TAMS 0x0000000081600000, 0x0000000081600000| Complete 
|  22|0x0000000081600000, 0x0000000081700000, 0x0000000081700000|100%|HC|  |TAMS 0x0000000081700000, 0x0000000081700000| Complete 
|  23|0x0000000081700000, 0x0000000081800000, 0x0000000081800000|100%| O|  |TAMS 0x0000000081800000, 0x0000000081800000| Untracked 
|  24|0x0000000081800000, 0x0000000081900000, 0x0000000081900000|100%| O|  |TAMS 0x00000000818dcc00, 0x0000000081900000| Untracked 
|  25|0x0000000081900000, 0x0000000081a00000, 0x0000000081a00000|100%| O|  |TAMS 0x0000000081900000, 0x0000000081a00000| Untracked 
|  26|0x0000000081a00000, 0x0000000081b00000, 0x0000000081b00000|100%| O|  |TAMS 0x0000000081a00000, 0x0000000081b00000| Untracked 
|  27|0x0000000081b00000, 0x0000000081c00000, 0x0000000081c00000|100%| O|  |TAMS 0x0000000081b00000, 0x0000000081c00000| Untracked 
|  28|0x0000000081c00000, 0x0000000081d00000, 0x0000000081d00000|100%|HS|  |TAMS 0x0000000081c00000, 0x0000000081d00000| Complete 
|  29|0x0000000081d00000, 0x0000000081e00000, 0x0000000081e00000|100%|HC|  |TAMS 0x0000000081d00000, 0x0000000081e00000| Complete 
|  30|0x0000000081e00000, 0x0000000081f00000, 0x0000000081f00000|100%|HC|  |TAMS 0x0000000081e00000, 0x0000000081f00000| Complete 
|  31|0x0000000081f00000, 0x0000000082000000, 0x0000000082000000|100%|HC|  |TAMS 0x0000000081f00000, 0x0000000082000000| Complete 
|  32|0x0000000082000000, 0x0000000082100000, 0x0000000082100000|100%|HS|  |TAMS 0x0000000082000000, 0x0000000082100000| Complete 
|  33|0x0000000082100000, 0x0000000082200000, 0x0000000082200000|100%|HC|  |TAMS 0x0000000082100000, 0x0000000082200000| Complete 
|  34|0x0000000082200000, 0x0000000082300000, 0x0000000082300000|100%|HC|  |TAMS 0x0000000082200000, 0x0000000082300000| Complete 
|  35|0x0000000082300000, 0x0000000082400000, 0x0000000082400000|100%| O|  |TAMS 0x0000000082300000, 0x0000000082400000| Untracked 
|  36|0x0000000082400000, 0x0000000082500000, 0x0000000082500000|100%| O|  |TAMS 0x0000000082400000, 0x0000000082500000| Untracked 
|  37|0x0000000082500000, 0x0000000082600000, 0x0000000082600000|100%| O|  |TAMS 0x0000000082500000, 0x0000000082600000| Untracked 
|  38|0x0000000082600000, 0x0000000082700000, 0x0000000082700000|100%| O|  |TAMS 0x0000000082600000, 0x0000000082700000| Untracked 
|  39|0x0000000082700000, 0x0000000082800000, 0x0000000082800000|100%| O|  |TAMS 0x0000000082700000, 0x0000000082800000| Untracked 
|  40|0x0000000082800000, 0x0000000082900000, 0x0000000082900000|100%| O|  |TAMS 0x0000000082800000, 0x0000000082900000| Untracked 
|  41|0x0000000082900000, 0x0000000082a00000, 0x0000000082a00000|100%| O|  |TAMS 0x0000000082900000, 0x0000000082a00000| Untracked 
|  42|0x0000000082a00000, 0x0000000082b00000, 0x0000000082b00000|100%| O|  |TAMS 0x0000000082a00000, 0x0000000082b00000| Untracked 
|  43|0x0000000082b00000, 0x0000000082c00000, 0x0000000082c00000|100%| O|  |TAMS 0x0000000082b00000, 0x0000000082c00000| Untracked 
|  44|0x0000000082c00000, 0x0000000082d00000, 0x0000000082d00000|100%| O|  |TAMS 0x0000000082c00000, 0x0000000082d00000| Untracked 
|  45|0x0000000082d00000, 0x0000000082e00000, 0x0000000082e00000|100%| O|  |TAMS 0x0000000082d00000, 0x0000000082e00000| Untracked 
|  46|0x0000000082e00000, 0x0000000082f00000, 0x0000000082f00000|100%|HS|  |TAMS 0x0000000082e00000, 0x0000000082f00000| Complete 
|  47|0x0000000082f00000, 0x0000000083000000, 0x0000000083000000|100%|HS|  |TAMS 0x0000000082f00000, 0x0000000083000000| Complete 
|  48|0x0000000083000000, 0x0000000083100000, 0x0000000083100000|100%|HC|  |TAMS 0x0000000083000000, 0x0000000083100000| Complete 
|  49|0x0000000083100000, 0x0000000083200000, 0x0000000083200000|100%| O|  |TAMS 0x0000000083100000, 0x0000000083200000| Untracked 
|  50|0x0000000083200000, 0x0000000083300000, 0x0000000083300000|100%| O|  |TAMS 0x0000000083200000, 0x0000000083300000| Untracked 
|  51|0x0000000083300000, 0x0000000083400000, 0x0000000083400000|100%| O|  |TAMS 0x0000000083300000, 0x0000000083400000| Untracked 
|  52|0x0000000083400000, 0x0000000083500000, 0x0000000083500000|100%| O|  |TAMS 0x0000000083400000, 0x0000000083500000| Untracked 
|  53|0x0000000083500000, 0x0000000083600000, 0x0000000083600000|100%| O|  |TAMS 0x0000000083500000, 0x0000000083600000| Untracked 
|  54|0x0000000083600000, 0x0000000083700000, 0x0000000083700000|100%| O|  |TAMS 0x0000000083600000, 0x0000000083700000| Untracked 
|  55|0x0000000083700000, 0x0000000083800000, 0x0000000083800000|100%| O|  |TAMS 0x0000000083700000, 0x0000000083800000| Untracked 
|  56|0x0000000083800000, 0x0000000083900000, 0x0000000083900000|100%| O|  |TAMS 0x0000000083800000, 0x0000000083900000| Untracked 
|  57|0x0000000083900000, 0x0000000083a00000, 0x0000000083a00000|100%| O|  |TAMS 0x0000000083900000, 0x0000000083a00000| Untracked 
|  58|0x0000000083a00000, 0x0000000083b00000, 0x0000000083b00000|100%| O|  |TAMS 0x0000000083a00000, 0x0000000083b00000| Untracked 
|  59|0x0000000083b00000, 0x0000000083c00000, 0x0000000083c00000|100%| O|  |TAMS 0x0000000083b00000, 0x0000000083c00000| Untracked 
|  60|0x0000000083c00000, 0x0000000083d00000, 0x0000000083d00000|100%| O|  |TAMS 0x0000000083c00000, 0x0000000083d00000| Untracked 
|  61|0x0000000083d00000, 0x0000000083d5c000, 0x0000000083e00000| 35%| O|  |TAMS 0x0000000083d00000, 0x0000000083d5c000| Untracked 
|  62|0x0000000083e00000, 0x0000000083e00000, 0x0000000083f00000|  0%| F|  |TAMS 0x0000000083e00000, 0x0000000083e00000| Untracked 
|  63|0x0000000083f00000, 0x0000000083f00000, 0x0000000084000000|  0%| F|  |TAMS 0x0000000083f00000, 0x0000000083f00000| Untracked 
|  64|0x0000000084000000, 0x0000000084000000, 0x0000000084100000|  0%| F|  |TAMS 0x0000000084000000, 0x0000000084000000| Untracked 
|  65|0x0000000084100000, 0x0000000084100000, 0x0000000084200000|  0%| F|  |TAMS 0x0000000084100000, 0x0000000084100000| Untracked 
|  66|0x0000000084200000, 0x0000000084200000, 0x0000000084300000|  0%| F|  |TAMS 0x0000000084200000, 0x0000000084200000| Untracked 
|  67|0x0000000084300000, 0x0000000084300000, 0x0000000084400000|  0%| F|  |TAMS 0x0000000084300000, 0x0000000084300000| Untracked 
|  68|0x0000000084400000, 0x0000000084400000, 0x0000000084500000|  0%| F|  |TAMS 0x0000000084400000, 0x0000000084400000| Untracked 
|  69|0x0000000084500000, 0x0000000084500000, 0x0000000084600000|  0%| F|  |TAMS 0x0000000084500000, 0x0000000084500000| Untracked 
|  70|0x0000000084600000, 0x0000000084600000, 0x0000000084700000|  0%| F|  |TAMS 0x0000000084600000, 0x0000000084600000| Untracked 
|  71|0x0000000084700000, 0x0000000084700000, 0x0000000084800000|  0%| F|  |TAMS 0x0000000084700000, 0x0000000084700000| Untracked 
|  72|0x0000000084800000, 0x0000000084800000, 0x0000000084900000|  0%| F|  |TAMS 0x0000000084800000, 0x0000000084800000| Untracked 
|  73|0x0000000084900000, 0x0000000084900000, 0x0000000084a00000|  0%| F|  |TAMS 0x0000000084900000, 0x0000000084900000| Untracked 
|  74|0x0000000084a00000, 0x0000000084a00000, 0x0000000084b00000|  0%| F|  |TAMS 0x0000000084a00000, 0x0000000084a00000| Untracked 
|  75|0x0000000084b00000, 0x0000000084b00000, 0x0000000084c00000|  0%| F|  |TAMS 0x0000000084b00000, 0x0000000084b00000| Untracked 
|  76|0x0000000084c00000, 0x0000000084c00000, 0x0000000084d00000|  0%| F|  |TAMS 0x0000000084c00000, 0x0000000084c00000| Untracked 
|  77|0x0000000084d00000, 0x0000000084d00000, 0x0000000084e00000|  0%| F|  |TAMS 0x0000000084d00000, 0x0000000084d00000| Untracked 
|  78|0x0000000084e00000, 0x0000000084e00000, 0x0000000084f00000|  0%| F|  |TAMS 0x0000000084e00000, 0x0000000084e00000| Untracked 
|  79|0x0000000084f00000, 0x0000000084f00000, 0x0000000085000000|  0%| F|  |TAMS 0x0000000084f00000, 0x0000000084f00000| Untracked 
|  80|0x0000000085000000, 0x0000000085000000, 0x0000000085100000|  0%| F|  |TAMS 0x0000000085000000, 0x0000000085000000| Untracked 
|  81|0x0000000085100000, 0x0000000085100000, 0x0000000085200000|  0%| F|  |TAMS 0x0000000085100000, 0x0000000085100000| Untracked 
|  82|0x0000000085200000, 0x0000000085200000, 0x0000000085300000|  0%| F|  |TAMS 0x0000000085200000, 0x0000000085200000| Untracked 
|  83|0x0000000085300000, 0x0000000085300000, 0x0000000085400000|  0%| F|  |TAMS 0x0000000085300000, 0x0000000085300000| Untracked 
|  84|0x0000000085400000, 0x0000000085400000, 0x0000000085500000|  0%| F|  |TAMS 0x0000000085400000, 0x0000000085400000| Untracked 
|  85|0x0000000085500000, 0x0000000085500000, 0x0000000085600000|  0%| F|  |TAMS 0x0000000085500000, 0x0000000085500000| Untracked 
|  86|0x0000000085600000, 0x0000000085600000, 0x0000000085700000|  0%| F|  |TAMS 0x0000000085600000, 0x0000000085600000| Untracked 
|  87|0x0000000085700000, 0x0000000085700000, 0x0000000085800000|  0%| F|  |TAMS 0x0000000085700000, 0x0000000085700000| Untracked 
|  88|0x0000000085800000, 0x0000000085800000, 0x0000000085900000|  0%| F|  |TAMS 0x0000000085800000, 0x0000000085800000| Untracked 
|  89|0x0000000085900000, 0x0000000085900000, 0x0000000085a00000|  0%| F|  |TAMS 0x0000000085900000, 0x0000000085900000| Untracked 
|  90|0x0000000085a00000, 0x0000000085a00000, 0x0000000085b00000|  0%| F|  |TAMS 0x0000000085a00000, 0x0000000085a00000| Untracked 
|  91|0x0000000085b00000, 0x0000000085b00000, 0x0000000085c00000|  0%| F|  |TAMS 0x0000000085b00000, 0x0000000085b00000| Untracked 
|  92|0x0000000085c00000, 0x0000000085c00000, 0x0000000085d00000|  0%| F|  |TAMS 0x0000000085c00000, 0x0000000085c00000| Untracked 
|  93|0x0000000085d00000, 0x0000000085d00000, 0x0000000085e00000|  0%| F|  |TAMS 0x0000000085d00000, 0x0000000085d00000| Untracked 
|  94|0x0000000085e00000, 0x0000000085e00000, 0x0000000085f00000|  0%| F|  |TAMS 0x0000000085e00000, 0x0000000085e00000| Untracked 
|  95|0x0000000085f00000, 0x0000000085f00000, 0x0000000086000000|  0%| F|  |TAMS 0x0000000085f00000, 0x0000000085f00000| Untracked 
|  96|0x0000000086000000, 0x0000000086000000, 0x0000000086100000|  0%| F|  |TAMS 0x0000000086000000, 0x0000000086000000| Untracked 
|  97|0x0000000086100000, 0x0000000086100000, 0x0000000086200000|  0%| F|  |TAMS 0x0000000086100000, 0x0000000086100000| Untracked 
|  98|0x0000000086200000, 0x0000000086200000, 0x0000000086300000|  0%| F|  |TAMS 0x0000000086200000, 0x0000000086200000| Untracked 
|  99|0x0000000086300000, 0x0000000086300000, 0x0000000086400000|  0%| F|  |TAMS 0x0000000086300000, 0x0000000086300000| Untracked 
| 100|0x0000000086400000, 0x0000000086400000, 0x0000000086500000|  0%| F|  |TAMS 0x0000000086400000, 0x0000000086400000| Untracked 
| 101|0x0000000086500000, 0x0000000086500000, 0x0000000086600000|  0%| F|  |TAMS 0x0000000086500000, 0x0000000086500000| Untracked 
| 102|0x0000000086600000, 0x0000000086600000, 0x0000000086700000|  0%| F|  |TAMS 0x0000000086600000, 0x0000000086600000| Untracked 
| 103|0x0000000086700000, 0x0000000086700000, 0x0000000086800000|  0%| F|  |TAMS 0x0000000086700000, 0x0000000086700000| Untracked 
| 104|0x0000000086800000, 0x0000000086800000, 0x0000000086900000|  0%| F|  |TAMS 0x0000000086800000, 0x0000000086800000| Untracked 
| 105|0x0000000086900000, 0x0000000086900000, 0x0000000086a00000|  0%| F|  |TAMS 0x0000000086900000, 0x0000000086900000| Untracked 
| 106|0x0000000086a00000, 0x0000000086a00000, 0x0000000086b00000|  0%| F|  |TAMS 0x0000000086a00000, 0x0000000086a00000| Untracked 
| 107|0x0000000086b00000, 0x0000000086b00000, 0x0000000086c00000|  0%| F|  |TAMS 0x0000000086b00000, 0x0000000086b00000| Untracked 
| 108|0x0000000086c00000, 0x0000000086c00000, 0x0000000086d00000|  0%| F|  |TAMS 0x0000000086c00000, 0x0000000086c00000| Untracked 
| 109|0x0000000086d00000, 0x0000000086d00000, 0x0000000086e00000|  0%| F|  |TAMS 0x0000000086d00000, 0x0000000086d00000| Untracked 
| 110|0x0000000086e00000, 0x0000000086e00000, 0x0000000086f00000|  0%| F|  |TAMS 0x0000000086e00000, 0x0000000086e00000| Untracked 
| 111|0x0000000086f00000, 0x0000000086f8aef0, 0x0000000087000000| 54%| S|CS|TAMS 0x0000000086f00000, 0x0000000086f00000| Complete 
| 112|0x0000000087000000, 0x0000000087100000, 0x0000000087100000|100%| S|CS|TAMS 0x0000000087000000, 0x0000000087000000| Complete 
| 113|0x0000000087100000, 0x0000000087200000, 0x0000000087200000|100%| S|CS|TAMS 0x0000000087100000, 0x0000000087100000| Complete 
| 114|0x0000000087200000, 0x0000000087300000, 0x0000000087300000|100%| S|CS|TAMS 0x0000000087200000, 0x0000000087200000| Complete 
| 115|0x0000000087300000, 0x0000000087300000, 0x0000000087400000|  0%| F|  |TAMS 0x0000000087300000, 0x0000000087300000| Untracked 
| 116|0x0000000087400000, 0x0000000087400000, 0x0000000087500000|  0%| F|  |TAMS 0x0000000087400000, 0x0000000087400000| Untracked 
| 117|0x0000000087500000, 0x0000000087500000, 0x0000000087600000|  0%| F|  |TAMS 0x0000000087500000, 0x0000000087500000| Untracked 
| 118|0x0000000087600000, 0x0000000087600000, 0x0000000087700000|  0%| F|  |TAMS 0x0000000087600000, 0x0000000087600000| Untracked 
| 119|0x0000000087700000, 0x0000000087700000, 0x0000000087800000|  0%| F|  |TAMS 0x0000000087700000, 0x0000000087700000| Untracked 
| 120|0x0000000087800000, 0x0000000087800000, 0x0000000087900000|  0%| F|  |TAMS 0x0000000087800000, 0x0000000087800000| Untracked 
| 121|0x0000000087900000, 0x0000000087900000, 0x0000000087a00000|  0%| F|  |TAMS 0x0000000087900000, 0x0000000087900000| Untracked 
| 122|0x0000000087a00000, 0x0000000087a00000, 0x0000000087b00000|  0%| F|  |TAMS 0x0000000087a00000, 0x0000000087a00000| Untracked 
| 123|0x0000000087b00000, 0x0000000087b00000, 0x0000000087c00000|  0%| F|  |TAMS 0x0000000087b00000, 0x0000000087b00000| Untracked 
| 124|0x0000000087c00000, 0x0000000087c00000, 0x0000000087d00000|  0%| F|  |TAMS 0x0000000087c00000, 0x0000000087c00000| Untracked 
| 125|0x0000000087d00000, 0x0000000087d00000, 0x0000000087e00000|  0%| F|  |TAMS 0x0000000087d00000, 0x0000000087d00000| Untracked 
| 126|0x0000000087e00000, 0x0000000087e00000, 0x0000000087f00000|  0%| F|  |TAMS 0x0000000087e00000, 0x0000000087e00000| Untracked 
| 127|0x0000000087f00000, 0x0000000087f00000, 0x0000000088000000|  0%| F|  |TAMS 0x0000000087f00000, 0x0000000087f00000| Untracked 
| 128|0x0000000088000000, 0x0000000088000000, 0x0000000088100000|  0%| F|  |TAMS 0x0000000088000000, 0x0000000088000000| Untracked 
| 129|0x0000000088100000, 0x0000000088100000, 0x0000000088200000|  0%| F|  |TAMS 0x0000000088100000, 0x0000000088100000| Untracked 
| 130|0x0000000088200000, 0x0000000088200000, 0x0000000088300000|  0%| F|  |TAMS 0x0000000088200000, 0x0000000088200000| Untracked 
| 131|0x0000000088300000, 0x0000000088300000, 0x0000000088400000|  0%| F|  |TAMS 0x0000000088300000, 0x0000000088300000| Untracked 
| 132|0x0000000088400000, 0x0000000088400000, 0x0000000088500000|  0%| F|  |TAMS 0x0000000088400000, 0x0000000088400000| Untracked 
| 133|0x0000000088500000, 0x0000000088500000, 0x0000000088600000|  0%| F|  |TAMS 0x0000000088500000, 0x0000000088500000| Untracked 
| 134|0x0000000088600000, 0x0000000088600000, 0x0000000088700000|  0%| F|  |TAMS 0x0000000088600000, 0x0000000088600000| Untracked 
| 135|0x0000000088700000, 0x0000000088700000, 0x0000000088800000|  0%| F|  |TAMS 0x0000000088700000, 0x0000000088700000| Untracked 
| 136|0x0000000088800000, 0x0000000088800000, 0x0000000088900000|  0%| F|  |TAMS 0x0000000088800000, 0x0000000088800000| Untracked 
| 137|0x0000000088900000, 0x0000000088900000, 0x0000000088a00000|  0%| F|  |TAMS 0x0000000088900000, 0x0000000088900000| Untracked 
| 138|0x0000000088a00000, 0x0000000088a00000, 0x0000000088b00000|  0%| F|  |TAMS 0x0000000088a00000, 0x0000000088a00000| Untracked 
| 139|0x0000000088b00000, 0x0000000088b00000, 0x0000000088c00000|  0%| F|  |TAMS 0x0000000088b00000, 0x0000000088b00000| Untracked 
| 140|0x0000000088c00000, 0x0000000088c00000, 0x0000000088d00000|  0%| F|  |TAMS 0x0000000088c00000, 0x0000000088c00000| Untracked 
| 141|0x0000000088d00000, 0x0000000088d00000, 0x0000000088e00000|  0%| F|  |TAMS 0x0000000088d00000, 0x0000000088d00000| Untracked 
| 142|0x0000000088e00000, 0x0000000088e00000, 0x0000000088f00000|  0%| F|  |TAMS 0x0000000088e00000, 0x0000000088e00000| Untracked 
| 143|0x0000000088f00000, 0x0000000088f00000, 0x0000000089000000|  0%| F|  |TAMS 0x0000000088f00000, 0x0000000088f00000| Untracked 
| 144|0x0000000089000000, 0x0000000089000000, 0x0000000089100000|  0%| F|  |TAMS 0x0000000089000000, 0x0000000089000000| Untracked 
| 145|0x0000000089100000, 0x0000000089100000, 0x0000000089200000|  0%| F|  |TAMS 0x0000000089100000, 0x0000000089100000| Untracked 
| 146|0x0000000089200000, 0x0000000089200000, 0x0000000089300000|  0%| F|  |TAMS 0x0000000089200000, 0x0000000089200000| Untracked 
| 147|0x0000000089300000, 0x0000000089300000, 0x0000000089400000|  0%| F|  |TAMS 0x0000000089300000, 0x0000000089300000| Untracked 
| 148|0x0000000089400000, 0x0000000089400000, 0x0000000089500000|  0%| F|  |TAMS 0x0000000089400000, 0x0000000089400000| Untracked 
| 149|0x0000000089500000, 0x0000000089500000, 0x0000000089600000|  0%| F|  |TAMS 0x0000000089500000, 0x0000000089500000| Untracked 
| 150|0x0000000089600000, 0x0000000089600000, 0x0000000089700000|  0%| F|  |TAMS 0x0000000089600000, 0x0000000089600000| Untracked 
| 151|0x0000000089700000, 0x0000000089700000, 0x0000000089800000|  0%| F|  |TAMS 0x0000000089700000, 0x0000000089700000| Untracked 
| 152|0x0000000089800000, 0x0000000089800000, 0x0000000089900000|  0%| F|  |TAMS 0x0000000089800000, 0x0000000089800000| Untracked 
| 153|0x0000000089900000, 0x0000000089900000, 0x0000000089a00000|  0%| F|  |TAMS 0x0000000089900000, 0x0000000089900000| Untracked 

Card table byte_map: [0x000002072d3b0000,0x000002072d7b0000] _byte_map_base: 0x000002072cfb0000

Marking Bits (Prev, Next): (CMBitMap*) 0x000002071a04b988, (CMBitMap*) 0x000002071a04b9c0
 Prev Bits: [0x000002072dbb0000, 0x000002072fbb0000)
 Next Bits: [0x000002072fbb0000, 0x0000020731bb0000)

Polling page: 0x0000020718750000

Metaspace:

Usage:
  Non-class:     50.69 MB capacity,    49.61 MB ( 98%) used,   975.98 KB (  2%) free+waste,   133.75 KB ( <1%) overhead. 
      Class:      7.75 MB capacity,     7.24 MB ( 94%) used,   450.95 KB (  6%) free+waste,    64.31 KB ( <1%) overhead. 
       Both:     58.44 MB capacity,    56.85 MB ( 97%) used,     1.39 MB (  2%) free+waste,   198.06 KB ( <1%) overhead. 

Virtual space:
  Non-class space:       52.00 MB reserved,      50.79 MB ( 98%) committed 
      Class space:        1.00 GB reserved,       7.75 MB ( <1%) committed 
             Both:        1.05 GB reserved,      58.54 MB (  5%) committed 

Chunk freelists:
   Non-Class:  54.00 KB
       Class:  3.00 KB
        Both:  57.00 KB

MaxMetaspaceSize: 17179869184.00 GB
CompressedClassSpaceSize: 1.00 GB

CodeHeap 'non-profiled nmethods': size=120064Kb used=2271Kb max_used=2271Kb free=117792Kb
 bounds [0x0000020725450000, 0x00000207256c0000, 0x000002072c990000]
CodeHeap 'profiled nmethods': size=120000Kb used=10573Kb max_used=10573Kb free=109426Kb
 bounds [0x000002071df20000, 0x000002071e980000, 0x0000020725450000]
CodeHeap 'non-nmethods': size=5696Kb used=2230Kb max_used=2248Kb free=3465Kb
 bounds [0x000002071d990000, 0x000002071dc00000, 0x000002071df20000]
 total_blobs=5845 nmethods=5032 adapters=724
 compilation: enabled
              stopped_count=0, restarted_count=0
 full_count=0

Compilation events (20 events):
Event: 8.017 Thread 0x00000207341be000 5283       2       com.google.common.collect.MapMakerInternalMap$StrongKeyWeakValueEntry::copy (34 bytes)
Event: 8.017 Thread 0x00000207341be000 nmethod 5283 0x000002071e972d90 code [0x000002071e972f60, 0x000002071e973288]
Event: 8.017 Thread 0x00000207341be000 5282       2       com.google.common.collect.MapMakerInternalMap$WeakValueReferenceImpl::copyFor (14 bytes)
Event: 8.017 Thread 0x00000207341be000 nmethod 5282 0x000002071e973390 code [0x000002071e973540, 0x000002071e9737f8]
Event: 8.027 Thread 0x00000207341be000 5284       2       sun.reflect.annotation.AnnotationParser::parseArray (226 bytes)
Event: 8.027 Thread 0x00000207341be000 nmethod 5284 0x000002071e973890 code [0x000002071e973b80, 0x000002071e974518]
Event: 8.027 Thread 0x00000207341be000 5285       2       com.google.common.collect.LinkedHashMultimap$ValueSet::iterator (9 bytes)
Event: 8.028 Thread 0x00000207341be000 nmethod 5285 0x000002071e974a10 code [0x000002071e974bc0, 0x000002071e974dd8]
Event: 8.028 Thread 0x00000207341be000 5286       2       com.google.common.collect.LinkedHashMultimap$ValueSet$1::<init> (32 bytes)
Event: 8.028 Thread 0x00000207341be000 nmethod 5286 0x000002071e974e90 code [0x000002071e975040, 0x000002071e9751f8]
Event: 8.029 Thread 0x00000207341be000 5287       2       org.objectweb.asm.Frame::getInitializedType (153 bytes)
Event: 8.030 Thread 0x00000207341be000 nmethod 5287 0x000002071e975310 code [0x000002071e975500, 0x000002071e975818]
Event: 8.030 Thread 0x00000207341be000 5288  s    2       org.gradle.internal.classloader.VisitableURLClassLoader::getUserData (48 bytes)
Event: 8.030 Thread 0x00000207341be000 nmethod 5288 0x000002071e975a90 code [0x000002071e975c80, 0x000002071e976018]
Event: 8.036 Thread 0x00000207341be000 5290       1       org.gradle.internal.instantiation.generator.AbstractClassGenerator$PropertyMetadata::access$1200 (5 bytes)
Event: 8.036 Thread 0x00000207341be000 nmethod 5290 0x0000020725687690 code [0x0000020725687840, 0x00000207256878d8]
Event: 8.037 Thread 0x00000207341be000 5291       2       com.google.common.base.Preconditions::checkArgument (13 bytes)
Event: 8.037 Thread 0x00000207341be000 nmethod 5291 0x000002071e976190 code [0x000002071e976340, 0x000002071e9764c8]
Event: 8.039 Thread 0x00000207341be000 5292       1       org.gradle.internal.instantiation.generator.AbstractClassGenerator::getRoleHandler (5 bytes)
Event: 8.039 Thread 0x00000207341be000 nmethod 5292 0x0000020725687990 code [0x0000020725687b40, 0x0000020725687bf8]

GC Heap History (20 events):
Event: 0.674 GC heap after
{Heap after GC invocations=1 (full 0):
 garbage-first heap   total 131072K, used 7679K [0x0000000080000000, 0x0000000100000000)
  region size 1024K, 2 young (2048K), 2 survivors (2048K)
 Metaspace       used 7411K, capacity 7599K, committed 7680K, reserved 1056768K
  class space    used 681K, capacity 748K, committed 768K, reserved 1048576K
}
Event: 1.164 GC heap before
{Heap before GC invocations=1 (full 0):
 garbage-first heap   total 131072K, used 18943K [0x0000000080000000, 0x0000000100000000)
  region size 1024K, 13 young (13312K), 2 survivors (2048K)
 Metaspace       used 10453K, capacity 10628K, committed 10752K, reserved 1058816K
  class space    used 1100K, capacity 1164K, committed 1280K, reserved 1048576K
}
Event: 1.167 GC heap after
{Heap after GC invocations=2 (full 0):
 garbage-first heap   total 131072K, used 8758K [0x0000000080000000, 0x0000000100000000)
  region size 1024K, 1 young (1024K), 1 survivors (1024K)
 Metaspace       used 10453K, capacity 10628K, committed 10752K, reserved 1058816K
  class space    used 1100K, capacity 1164K, committed 1280K, reserved 1048576K
}
Event: 1.506 GC heap before
{Heap before GC invocations=2 (full 0):
 garbage-first heap   total 131072K, used 36406K [0x0000000080000000, 0x0000000100000000)
  region size 1024K, 29 young (29696K), 1 survivors (1024K)
 Metaspace       used 10625K, capacity 10885K, committed 11008K, reserved 1058816K
  class space    used 1101K, capacity 1164K, committed 1280K, reserved 1048576K
}
Event: 1.509 GC heap after
{Heap after GC invocations=3 (full 0):
 garbage-first heap   total 131072K, used 12969K [0x0000000080000000, 0x0000000100000000)
  region size 1024K, 4 young (4096K), 4 survivors (4096K)
 Metaspace       used 10625K, capacity 10885K, committed 11008K, reserved 1058816K
  class space    used 1101K, capacity 1164K, committed 1280K, reserved 1048576K
}
Event: 2.583 GC heap before
{Heap before GC invocations=3 (full 0):
 garbage-first heap   total 131072K, used 53929K [0x0000000080000000, 0x0000000100000000)
  region size 1024K, 44 young (45056K), 4 survivors (4096K)
 Metaspace       used 18598K, capacity 19032K, committed 19328K, reserved 1067008K
  class space    used 2226K, capacity 2370K, committed 2432K, reserved 1048576K
}
Event: 2.590 GC heap after
{Heap after GC invocations=4 (full 0):
 garbage-first heap   total 131072K, used 16610K [0x0000000080000000, 0x0000000100000000)
  region size 1024K, 4 young (4096K), 4 survivors (4096K)
 Metaspace       used 18598K, capacity 19032K, committed 19328K, reserved 1067008K
  class space    used 2226K, capacity 2370K, committed 2432K, reserved 1048576K
}
Event: 2.881 GC heap before
{Heap before GC invocations=4 (full 0):
 garbage-first heap   total 131072K, used 30946K [0x0000000080000000, 0x0000000100000000)
  region size 1024K, 19 young (19456K), 4 survivors (4096K)
 Metaspace       used 20568K, capacity 21123K, committed 21296K, reserved 1069056K
  class space    used 2512K, capacity 2688K, committed 2688K, reserved 1048576K
}
Event: 2.887 GC heap after
{Heap after GC invocations=5 (full 0):
 garbage-first heap   total 131072K, used 17099K [0x0000000080000000, 0x0000000100000000)
  region size 1024K, 4 young (4096K), 4 survivors (4096K)
 Metaspace       used 20568K, capacity 21123K, committed 21296K, reserved 1069056K
  class space    used 2512K, capacity 2688K, committed 2688K, reserved 1048576K
}
Event: 3.786 GC heap before
{Heap before GC invocations=6 (full 0):
 garbage-first heap   total 131072K, used 80587K [0x0000000080000000, 0x0000000100000000)
  region size 1024K, 57 young (58368K), 4 survivors (4096K)
 Metaspace       used 26138K, capacity 26823K, committed 26928K, reserved 1073152K
  class space    used 3408K, capacity 3645K, committed 3712K, reserved 1048576K
}
Event: 3.792 GC heap after
{Heap after GC invocations=7 (full 0):
 garbage-first heap   total 131072K, used 30385K [0x0000000080000000, 0x0000000100000000)
  region size 1024K, 8 young (8192K), 8 survivors (8192K)
 Metaspace       used 26138K, capacity 26823K, committed 26928K, reserved 1073152K
  class space    used 3408K, capacity 3645K, committed 3712K, reserved 1048576K
}
Event: 4.682 GC heap before
{Heap before GC invocations=7 (full 0):
 garbage-first heap   total 131072K, used 79537K [0x0000000080000000, 0x0000000100000000)
  region size 1024K, 58 young (59392K), 8 survivors (8192K)
 Metaspace       used 34847K, capacity 35622K, committed 35708K, reserved 1081344K
  class space    used 4524K, capacity 4798K, committed 4864K, reserved 1048576K
}
Event: 4.693 GC heap after
{Heap after GC invocations=8 (full 0):
 garbage-first heap   total 157696K, used 33914K [0x0000000080000000, 0x0000000100000000)
  region size 1024K, 9 young (9216K), 9 survivors (9216K)
 Metaspace       used 34847K, capacity 35622K, committed 35708K, reserved 1081344K
  class space    used 4524K, capacity 4798K, committed 4864K, reserved 1048576K
}
Event: 5.678 GC heap before
{Heap before GC invocations=9 (full 0):
 garbage-first heap   total 157696K, used 112762K [0x0000000080000000, 0x0000000100000000)
  region size 1024K, 76 young (77824K), 9 survivors (9216K)
 Metaspace       used 42068K, capacity 43188K, committed 43516K, reserved 1087488K
  class space    used 5311K, capacity 5673K, committed 5760K, reserved 1048576K
}
Event: 5.687 GC heap after
{Heap after GC invocations=10 (full 0):
 garbage-first heap   total 157696K, used 47219K [0x0000000080000000, 0x0000000100000000)
  region size 1024K, 10 young (10240K), 10 survivors (10240K)
 Metaspace       used 42068K, capacity 43188K, committed 43516K, reserved 1087488K
  class space    used 5311K, capacity 5673K, committed 5760K, reserved 1048576K
}
Event: 6.568 GC heap before
{Heap before GC invocations=10 (full 0):
 garbage-first heap   total 157696K, used 116851K [0x0000000080000000, 0x0000000100000000)
  region size 1024K, 78 young (79872K), 10 survivors (10240K)
 Metaspace       used 46647K, capacity 48013K, committed 48380K, reserved 1091584K
  class space    used 5990K, capacity 6403K, committed 6528K, reserved 1048576K
}
Event: 6.579 GC heap after
{Heap after GC invocations=11 (full 0):
 garbage-first heap   total 157696K, used 51950K [0x0000000080000000, 0x0000000100000000)
  region size 1024K, 5 young (5120K), 5 survivors (5120K)
 Metaspace       used 46647K, capacity 48013K, committed 48380K, reserved 1091584K
  class space    used 5990K, capacity 6403K, committed 6528K, reserved 1048576K
}
Event: 7.509 GC heap before
{Heap before GC invocations=11 (full 0):
 garbage-first heap   total 157696K, used 122606K [0x0000000080000000, 0x0000000100000000)
  region size 1024K, 72 young (73728K), 5 survivors (5120K)
 Metaspace       used 52971K, capacity 54494K, committed 54780K, reserved 1097728K
  class space    used 6768K, capacity 7222K, committed 7296K, reserved 1048576K
}
Event: 7.518 GC heap after
{Heap after GC invocations=12 (full 0):
 garbage-first heap   total 157696K, used 62789K [0x0000000080000000, 0x0000000100000000)
  region size 1024K, 9 young (9216K), 9 survivors (9216K)
 Metaspace       used 52971K, capacity 54494K, committed 54780K, reserved 1097728K
  class space    used 6768K, capacity 7222K, committed 7296K, reserved 1048576K
}
Event: 8.040 GC heap before
{Heap before GC invocations=12 (full 0):
 garbage-first heap   total 157696K, used 101701K [0x0000000080000000, 0x0000000100000000)
  region size 1024K, 48 young (49152K), 9 survivors (9216K)
 Metaspace       used 58218K, capacity 59843K, committed 59940K, reserved 1101824K
  class space    used 7417K, capacity 7933K, committed 7936K, reserved 1048576K
}

Deoptimization events (20 events):
Event: 7.825 Thread 0x0000020736339000 Uncommon trap: trap_request=0xffffff7e fr.pc=0x00000207256268c0 relative=0x00000000000002c0
Event: 7.825 Thread 0x0000020736339000 Uncommon trap: reason=predicate action=maybe_recompile pc=0x00000207256268c0 method=java.util.Arrays.binarySearch0([Ljava/lang/Object;IILjava/lang/Object;Ljava/util/Comparator;)I @ 25 c2
Event: 7.825 Thread 0x0000020736339000 DEOPT PACKING pc=0x00000207256268c0 sp=0x000000df4d4f3850
Event: 7.825 Thread 0x0000020736339000 DEOPT UNPACKING pc=0x000002071d9b74af sp=0x000000df4d4f37c8 mode 2
Event: 7.946 Thread 0x0000020736339000 Uncommon trap: trap_request=0xffffff4d fr.pc=0x00000207255718f0 relative=0x0000000000007b70
Event: 7.946 Thread 0x0000020736339000 Uncommon trap: reason=unstable_if action=reinterpret pc=0x00000207255718f0 method=java.util.jar.JarFile.maybeInstantiateVerifier()V @ 61 c2
Event: 7.946 Thread 0x0000020736339000 DEOPT PACKING pc=0x00000207255718f0 sp=0x000000df4d4f4b60
Event: 7.946 Thread 0x0000020736339000 DEOPT UNPACKING pc=0x000002071d9b74af sp=0x000000df4d4f4948 mode 2
Event: 7.951 Thread 0x0000020736339000 Uncommon trap: trap_request=0xffffff4d fr.pc=0x00000207255201f8 relative=0x0000000000000138
Event: 7.951 Thread 0x0000020736339000 Uncommon trap: reason=unstable_if action=reinterpret pc=0x00000207255201f8 method=java.lang.ThreadLocal.get()Ljava/lang/Object; @ 11 c2
Event: 7.951 Thread 0x0000020736339000 DEOPT PACKING pc=0x00000207255201f8 sp=0x000000df4d4f4640
Event: 7.951 Thread 0x0000020736339000 DEOPT UNPACKING pc=0x000002071d9b74af sp=0x000000df4d4f45f0 mode 2
Event: 7.979 Thread 0x0000020736339000 Uncommon trap: trap_request=0xffffff4d fr.pc=0x00000207254fa3e8 relative=0x0000000000000388
Event: 7.979 Thread 0x0000020736339000 Uncommon trap: reason=unstable_if action=reinterpret pc=0x00000207254fa3e8 method=java.util.jar.JarFile.maybeInstantiateVerifier()V @ 61 c2
Event: 7.979 Thread 0x0000020736339000 DEOPT PACKING pc=0x00000207254fa3e8 sp=0x000000df4d4f4380
Event: 7.979 Thread 0x0000020736339000 DEOPT UNPACKING pc=0x000002071d9b74af sp=0x000000df4d4f4308 mode 2
Event: 7.990 Thread 0x0000020736339000 Uncommon trap: trap_request=0xffffff4d fr.pc=0x00000207256421a8 relative=0x0000000000000268
Event: 7.990 Thread 0x0000020736339000 Uncommon trap: reason=unstable_if action=reinterpret pc=0x00000207256421a8 method=java.util.LinkedHashMap.get(Ljava/lang/Object;)Ljava/lang/Object; @ 20 c2
Event: 7.990 Thread 0x0000020736339000 DEOPT PACKING pc=0x00000207256421a8 sp=0x000000df4d4f3cb0
Event: 7.990 Thread 0x0000020736339000 DEOPT UNPACKING pc=0x000002071d9b74af sp=0x000000df4d4f3c68 mode 2

Classes redefined (0 events):
No events

Internal exceptions (20 events):
Event: 6.825 Thread 0x0000020736339000 Exception <a 'java/lang/ClassNotFoundException'{0x000000008818ded8}: org/gradle/api/internal/AbstractTaskCustomizer> (0x000000008818ded8) thrown at [./src/hotspot/share/classfile/systemDictionary.cpp, line 231]
Event: 6.827 Thread 0x0000020736339000 Exception <a 'java/lang/ClassNotFoundException'{0x00000000881f1768}: org/gradle/api/DefaultTaskCustomizer> (0x00000000881f1768) thrown at [./src/hotspot/share/classfile/systemDictionary.cpp, line 231]
Event: 6.829 Thread 0x0000020736339000 Exception <a 'java/lang/ClassNotFoundException'{0x000000008806a5b8}: org/gradle/api/internal/ConventionTaskCustomizer> (0x000000008806a5b8) thrown at [./src/hotspot/share/classfile/systemDictionary.cpp, line 231]
Event: 6.830 Thread 0x0000020736339000 Exception <a 'java/lang/ClassNotFoundException'{0x000000008809ac58}: org/gradle/api/tasks/DeleteCustomizer> (0x000000008809ac58) thrown at [./src/hotspot/share/classfile/systemDictionary.cpp, line 231]
Event: 6.831 Thread 0x0000020736339000 Exception <a 'java/lang/ClassNotFoundException'{0x00000000880d16c8}: org/gradle/api/tasks/Delete_DecoratedCustomizer> (0x00000000880d16c8) thrown at [./src/hotspot/share/classfile/systemDictionary.cpp, line 231]
Event: 6.948 Thread 0x0000020736339000 Exception <a 'java/lang/ClassNotFoundException'{0x0000000087ff1558}: build_72qvrnbu59kjeglq5q2lidltaBeanInfo> (0x0000000087ff1558) thrown at [./src/hotspot/share/classfile/systemDictionary.cpp, line 231]
Event: 6.949 Thread 0x0000020736339000 Exception <a 'java/lang/ClassNotFoundException'{0x0000000087ffa360}: build_72qvrnbu59kjeglq5q2lidltaCustomizer> (0x0000000087ffa360) thrown at [./src/hotspot/share/classfile/systemDictionary.cpp, line 231]
Event: 6.958 Thread 0x0000020736339000 Exception <a 'java/lang/ClassNotFoundException'{0x0000000087e6d548}: org/gradle/plugin/use/internal/PluginRequestCollector$PluginDependenciesSpecImplBeanInfo> (0x0000000087e6d548) thrown at [./src/hotspot/share/classfile/systemDictionary.cpp, line 231]
Event: 6.958 Thread 0x0000020736339000 Exception <a 'java/lang/ClassNotFoundException'{0x0000000087e92998}: org/gradle/plugin/use/internal/PluginRequestCollector$PluginDependenciesSpecImplCustomizer> (0x0000000087e92998) thrown at [./src/hotspot/share/classfile/systemDictionary.cpp, line 231]
Event: 6.973 Thread 0x0000020736339000 Exception <a 'java/lang/NoSuchMethodError'{0x0000000087d051f0}: 'void java.lang.invoke.DirectMethodHandle$Holder.invokeInterface(java.lang.Object, java.lang.Object)'> (0x0000000087d051f0) thrown at [./src/hotspot/share/interpreter/linkResolver.cpp, line 773]
Event: 7.120 Thread 0x0000020736339000 Exception <a 'java/lang/NoSuchMethodError'{0x00000000873030b0}: 'java.lang.Object java.lang.invoke.DirectMethodHandle$Holder.invokeStatic(java.lang.Object, java.lang.Object, java.lang.Object, java.lang.Object, int)'> (0x00000000873030b0) thrown at [./src/hotspot/share/interpreter/linkResolver.cpp, line 773]
Event: 7.120 Thread 0x0000020736339000 Exception <a 'java/lang/NoSuchMethodError'{0x0000000087307aa8}: 'java.lang.Object java.lang.invoke.DirectMethodHandle$Holder.invokeSpecial(java.lang.Object, java.lang.Object, java.lang.Object, java.lang.Object, java.lang.Object, int)'> (0x0000000087307aa8) thrown at [./src/hotspot/share/interpreter/linkResolver.cpp, line 773]
Event: 7.120 Thread 0x0000020736339000 Exception <a 'java/lang/NoSuchMethodError'{0x000000008730c0e8}: 'java.lang.Object java.lang.invoke.Invokers$Holder.linkToTargetMethod(java.lang.Object, java.lang.Object, java.lang.Object, int, java.lang.Object)'> (0x000000008730c0e8) thrown at [./src/hotspot/share/interpreter/linkResolver.cpp, line 773]
Event: 7.382 Thread 0x0000020736339000 Exception <a 'java/lang/NoSuchMethodError'{0x00000000860aaa60}: 'java.lang.Object java.lang.invoke.DirectMethodHandle$Holder.invokeSpecial(java.lang.Object, java.lang.Object, int, int, java.lang.Object, java.lang.Object, java.lang.Object)'> (0x00000000860aaa60) thrown at [./src/hotspot/share/interpreter/linkResolver.cpp, line 773]
Event: 7.382 Thread 0x0000020736339000 Exception <a 'java/lang/NoSuchMethodError'{0x00000000860aefe0}: 'java.lang.Object java.lang.invoke.DelegatingMethodHandle$Holder.reinvoke_L(java.lang.Object, int, int, java.lang.Object, java.lang.Object, java.lang.Object)'> (0x00000000860aefe0) thrown at [./src/hotspot/share/interpreter/linkResolver.cpp, line 773]
Event: 7.569 Thread 0x0000020736339000 Exception <a 'java/lang/NoSuchMethodError'{0x00000000897d9c10}: 'int java.lang.invoke.DirectMethodHandle$Holder.invokeInterface(java.lang.Object, java.lang.Object, java.lang.Object, java.lang.Object)'> (0x00000000897d9c10) thrown at [./src/hotspot/share/interpreter/linkResolver.cpp, line 773]
Event: 7.724 Thread 0x0000020736339000 Exception <a 'java/lang/NoSuchMethodError'{0x0000000088d5f098}: 'void java.lang.invoke.DirectMethodHandle$Holder.invokeInterface(java.lang.Object, java.lang.Object, java.lang.Object, java.lang.Object)'> (0x0000000088d5f098) thrown at [./src/hotspot/share/interpreter/linkResolver.cpp, line 773]
Event: 7.816 Thread 0x0000020736339000 Exception <a 'java/lang/IncompatibleClassChangeError'{0x000000008869ae38}: Found class java.lang.Object, but interface was expected> (0x000000008869ae38) thrown at [./src/hotspot/share/interpreter/linkResolver.cpp, line 839]
Event: 7.843 Thread 0x0000020736339000 Exception <a 'java/lang/NoSuchMethodError'{0x0000000088536a30}: 'void java.lang.invoke.DirectMethodHandle$Holder.invokeStatic(java.lang.Object, java.lang.Object, java.lang.Object, java.lang.Object, java.lang.Object)'> (0x0000000088536a30) thrown at [./src/hotspot/share/interpreter/linkResolver.cpp, line 773]
Event: 7.951 Thread 0x0000020736339000 Implicit null exception at 0x000002072552010b to 0x00000207255201e4

Events (20 events):
Event: 8.026 loading class com/android/build/gradle/internal/dsl/ExternalNativeCmakeOptions done
Event: 8.026 loading class com/android/build/api/dsl/ExternalNativeCmakeOptions
Event: 8.026 loading class com/android/build/api/dsl/ExternalNativeCmakeOptions done
Event: 8.027 loading class com/google/common/annotations/VisibleForTesting
Event: 8.027 loading class com/google/common/annotations/VisibleForTesting done
Event: 8.032 loading class com/android/build/gradle/internal/dsl/AnnotationProcessorOptions
Event: 8.032 loading class com/android/build/gradle/internal/dsl/AnnotationProcessorOptions done
Event: 8.032 loading class com/android/build/gradle/api/AnnotationProcessorOptions
Event: 8.032 loading class com/android/build/gradle/api/AnnotationProcessorOptions done
Event: 8.033 loading class com/android/build/api/dsl/AnnotationProcessorOptions
Event: 8.033 loading class com/android/build/api/dsl/AnnotationProcessorOptions done
Event: 8.035 loading class org/gradle/process/CommandLineArgumentProvider
Event: 8.035 loading class org/gradle/process/CommandLineArgumentProvider done
Event: 8.035 loading class org/gradle/process/CommandLineArgumentProvider
Event: 8.035 loading class org/gradle/process/CommandLineArgumentProvider done
Event: 8.039 loading class com/android/resources/Density
Event: 8.039 loading class com/android/resources/Density done
Event: 8.039 loading class com/android/resources/ResourceEnum
Event: 8.039 loading class com/android/resources/ResourceEnum done
Event: 8.040 Executing VM operation: CollectForMetadataAllocation


Dynamic libraries:
0x00007ff776940000 - 0x00007ff77694a000 	C:\Program Files\Android\Android Studio\jre\bin\java.exe
0x00007ffd2c170000 - 0x00007ffd2c365000 	C:\Windows\SYSTEM32\ntdll.dll
0x00007ffd2b420000 - 0x00007ffd2b4dd000 	C:\Windows\System32\KERNEL32.DLL
0x00007ffd29d30000 - 0x00007ffd29ff9000 	C:\Windows\System32\KERNELBASE.dll
0x00007ffd2a0a0000 - 0x00007ffd2a1a0000 	C:\Windows\System32\ucrtbase.dll
0x00007ffd17370000 - 0x00007ffd17389000 	C:\Program Files\Android\Android Studio\jre\bin\jli.dll
0x00007ffd15070000 - 0x00007ffd15087000 	C:\Program Files\Android\Android Studio\jre\bin\VCRUNTIME140.dll
0x00007ffd2b280000 - 0x00007ffd2b420000 	C:\Windows\System32\USER32.dll
0x00007ffd2a1a0000 - 0x00007ffd2a1c2000 	C:\Windows\System32\win32u.dll
0x00007ffd2b250000 - 0x00007ffd2b27a000 	C:\Windows\System32\GDI32.dll
0x00007ffd299d0000 - 0x00007ffd29adb000 	C:\Windows\System32\gdi32full.dll
0x00007ffd2a000000 - 0x00007ffd2a09d000 	C:\Windows\System32\msvcp_win.dll
0x00007ffd28cb0000 - 0x00007ffd28f4a000 	C:\Windows\WinSxS\amd64_microsoft.windows.common-controls_6595b64144ccf1df_6.0.19041.1110_none_60b5254171f9507e\COMCTL32.dll
0x00007ffd2a840000 - 0x00007ffd2a8de000 	C:\Windows\System32\msvcrt.dll
0x00007ffd2a6c0000 - 0x00007ffd2a6f0000 	C:\Windows\System32\IMM32.DLL
0x00007ffd0bff0000 - 0x00007ffd0c08d000 	C:\Program Files\Android\Android Studio\jre\bin\msvcp140.dll
0x00007ffce4760000 - 0x00007ffce521c000 	C:\Program Files\Android\Android Studio\jre\bin\server\jvm.dll
0x00007ffd2a610000 - 0x00007ffd2a6bc000 	C:\Windows\System32\ADVAPI32.dll
0x00007ffd2a7a0000 - 0x00007ffd2a83b000 	C:\Windows\System32\sechost.dll
0x00007ffd2a8e0000 - 0x00007ffd2aa0a000 	C:\Windows\System32\RPCRT4.dll
0x00007ffd2ab00000 - 0x00007ffd2ab08000 	C:\Windows\System32\PSAPI.DLL
0x00007ffd24860000 - 0x00007ffd24869000 	C:\Windows\SYSTEM32\WSOCK32.dll
0x00007ffd2bf80000 - 0x00007ffd2bfeb000 	C:\Windows\System32\WS2_32.dll
0x00007ffd16f00000 - 0x00007ffd16f27000 	C:\Windows\SYSTEM32\WINMM.dll
0x00007ffd1f310000 - 0x00007ffd1f31a000 	C:\Windows\SYSTEM32\VERSION.dll
0x00007ffd27ad0000 - 0x00007ffd27ae2000 	C:\Windows\SYSTEM32\kernel.appcore.dll
0x00007ffd21d60000 - 0x00007ffd21d71000 	C:\Program Files\Android\Android Studio\jre\bin\verify.dll
0x00007ffd292c0000 - 0x00007ffd294a4000 	C:\Windows\SYSTEM32\DBGHELP.DLL
0x00007ffd29070000 - 0x00007ffd2909c000 	C:\Windows\SYSTEM32\dbgcore.DLL
0x00007ffd29ae0000 - 0x00007ffd29b63000 	C:\Windows\System32\bcryptPrimitives.dll
0x00007ffd1c330000 - 0x00007ffd1c359000 	C:\Program Files\Android\Android Studio\jre\bin\java.dll
0x00007ffd24480000 - 0x00007ffd2448b000 	C:\Program Files\Android\Android Studio\jre\bin\jimage.dll
0x00007ffd1b9f0000 - 0x00007ffd1ba08000 	C:\Program Files\Android\Android Studio\jre\bin\zip.dll
0x00007ffd2ab10000 - 0x00007ffd2b24f000 	C:\Windows\System32\SHELL32.dll
0x00007ffd27340000 - 0x00007ffd27ad0000 	C:\Windows\SYSTEM32\windows.storage.dll
0x00007ffd2b700000 - 0x00007ffd2ba55000 	C:\Windows\System32\combase.dll
0x00007ffd28c10000 - 0x00007ffd28c3c000 	C:\Windows\SYSTEM32\Wldp.dll
0x00007ffd2a6f0000 - 0x00007ffd2a79e000 	C:\Windows\System32\SHCORE.dll
0x00007ffd2c0c0000 - 0x00007ffd2c115000 	C:\Windows\System32\shlwapi.dll
0x00007ffd297e0000 - 0x00007ffd297ff000 	C:\Windows\SYSTEM32\profapi.dll
0x00007ffd1b9d0000 - 0x00007ffd1b9ea000 	C:\Program Files\Android\Android Studio\jre\bin\net.dll
0x00007ffd1b760000 - 0x00007ffd1b868000 	C:\Windows\SYSTEM32\WINHTTP.dll
0x00007ffd28ae0000 - 0x00007ffd28b4a000 	C:\Windows\system32\mswsock.dll
0x00007ffd1a5a0000 - 0x00007ffd1a5b4000 	C:\Program Files\Android\Android Studio\jre\bin\nio.dll
0x00007ffd0b6d0000 - 0x00007ffd0b6f7000 	C:\Users\QuangThanh\.gradle\native\fdc75f09e3144964f2cf3f50f0aa648679c211496f362492102eb8c894070792\windows-amd64\native-platform.dll
0x00007ffcec650000 - 0x00007ffcec7e6000 	C:\Users\QuangThanh\.gradle\native\12488b8bf47d2d4c9fbf2f6322a914ad602e24e48041cd04a747c6da556b65c4\windows-amd64\native-platform-file-events.dll
0x00007ffd22f70000 - 0x00007ffd22f7a000 	C:\Program Files\Android\Android Studio\jre\bin\management.dll
0x00007ffd223f0000 - 0x00007ffd223fc000 	C:\Program Files\Android\Android Studio\jre\bin\management_ext.dll
0x00007ffd29620000 - 0x00007ffd29638000 	C:\Windows\SYSTEM32\CRYPTSP.dll
0x00007ffd28310000 - 0x00007ffd28344000 	C:\Windows\system32\rsaenh.dll
0x00007ffd299a0000 - 0x00007ffd299c7000 	C:\Windows\System32\bcrypt.dll
0x00007ffd29760000 - 0x00007ffd2978e000 	C:\Windows\SYSTEM32\USERENV.dll
0x00007ffd28bd0000 - 0x00007ffd28bdc000 	C:\Windows\SYSTEM32\CRYPTBASE.dll
0x00007ffd28660000 - 0x00007ffd2869b000 	C:\Windows\SYSTEM32\IPHLPAPI.DLL
0x00007ffd2c120000 - 0x00007ffd2c128000 	C:\Windows\System32\NSI.dll
0x00007ffd1f2b0000 - 0x00007ffd1f2c7000 	C:\Windows\SYSTEM32\dhcpcsvc6.DLL
0x00007ffd1f6a0000 - 0x00007ffd1f6bd000 	C:\Windows\SYSTEM32\dhcpcsvc.DLL
0x00007ffd286a0000 - 0x00007ffd2876c000 	C:\Windows\SYSTEM32\DNSAPI.dll
0x00007ffd20020000 - 0x00007ffd2002b000 	C:\Windows\SYSTEM32\WINNSI.DLL

dbghelp: loaded successfully - version: 4.0.5 - missing functions: none
symbol engine: initialized successfully - sym options: 0x614 - pdb path: .;C:\Program Files\Android\Android Studio\jre\bin;C:\Windows\SYSTEM32;C:\Windows\WinSxS\amd64_microsoft.windows.common-controls_6595b64144ccf1df_6.0.19041.1110_none_60b5254171f9507e;C:\Program Files\Android\Android Studio\jre\bin\server;C:\Users\QuangThanh\.gradle\native\fdc75f09e3144964f2cf3f50f0aa648679c211496f362492102eb8c894070792\windows-amd64;C:\Users\QuangThanh\.gradle\native\12488b8bf47d2d4c9fbf2f6322a914ad602e24e48041cd04a747c6da556b65c4\windows-amd64

VM Arguments:
jvm_args: --add-opens=java.base/java.util=ALL-UNNAMED --add-opens=java.base/java.lang=ALL-UNNAMED --add-opens=java.base/java.lang.invoke=ALL-UNNAMED --add-opens=java.prefs/java.util.prefs=ALL-UNNAMED -Xmx2048m -Dfile.encoding=UTF-8 -Duser.country=US -Duser.language=en -Duser.variant 
java_command: org.gradle.launcher.daemon.bootstrap.GradleDaemon 6.7.1
java_class_path (initial): C:\Users\QuangThanh\.gradle\wrapper\dists\gradle-6.7.1-bin\bwlcbys1h7rz3272sye1xwiv6\gradle-6.7.1\lib\gradle-launcher-6.7.1.jar
Launcher Type: SUN_STANDARD

[Global flags]
     intx CICompilerCount                          = 3                                         {product} {ergonomic}
     uint ConcGCThreads                            = 1                                         {product} {ergonomic}
     uint G1ConcRefinementThreads                  = 4                                         {product} {ergonomic}
   size_t G1HeapRegionSize                         = 1048576                                   {product} {ergonomic}
    uintx GCDrainStackTargetSize                   = 64                                        {product} {ergonomic}
   size_t InitialHeapSize                          = 134217728                                 {product} {ergonomic}
   size_t MarkStackSize                            = 4194304                                   {product} {ergonomic}
   size_t MaxHeapSize                              = 2147483648                                {product} {command line}
   size_t MaxNewSize                               = 1287651328                                {product} {ergonomic}
   size_t MinHeapDeltaBytes                        = 1048576                                   {product} {ergonomic}
    uintx NonNMethodCodeHeapSize                   = 5830732                                {pd product} {ergonomic}
    uintx NonProfiledCodeHeapSize                  = 122913754                              {pd product} {ergonomic}
    uintx ProfiledCodeHeapSize                     = 122913754                              {pd product} {ergonomic}
    uintx ReservedCodeCacheSize                    = 251658240                              {pd product} {ergonomic}
     bool SegmentedCodeCache                       = true                                      {product} {ergonomic}
     bool UseCompressedClassPointers               = true                                 {lp64_product} {ergonomic}
     bool UseCompressedOops                        = true                                 {lp64_product} {ergonomic}
     bool UseG1GC                                  = true                                      {product} {ergonomic}
     bool UseLargePagesIndividualAllocation        = false                                  {pd product} {ergonomic}

Logging:
Log output configuration:
 #0: stdout all=warning uptime,level,tags
 #1: stderr all=off uptime,level,tags

Environment Variables:
JAVA_HOME=C:\Program Files\Java\jdk-13.0.1\
CLASSPATH=C:\Program Files\Java\jdk-13.0.1\lib
PATH=C:\ProgramData\Oracle\Java\javapath;C:\Program Files (x86)\Common Files\Oracle\Java\javapath;C:\Program Files\Java\jdk-13.0.1\bin;C:\Windows\system32;C:\Windows;C:\Windows\System32\Wbem;C:\Windows\System32\WindowsPowerShell\v1.0\;C:\Windows\System32\OpenSSH\;C:\Program Files\NVIDIA Corporation\NVIDIA NvDLISR;C:\Program Files\Git\cmd;C:\Program Files (x86)\NVIDIA Corporation\PhysX\Common;C:\Program Files\dotnet\;C:\Program Files\Microsoft SQL Server\130\Tools\Binn\;C:\Program Files\Microsoft SQL Server\Client SDK\ODBC\170\Tools\Binn\;C:\Program Files\nodejs\;";C:\Users\QuangThanh\AppData\Local\Android\Sdk\platform-tools;C:\Users\QuangThanh\AppData\Local\Android\Sdk\tools;C:\Users\QuangThanh\AppData\Local\Android\Sdk\tools\bin";C:\Users\QuangThanh\AppData\Roaming\npm;C:\Program Files\Java\jdk-13.0.1\bin;D:\VisualCode\Microsoft VS Code\bin
USERNAME=MSI
OS=Windows_NT
PROCESSOR_IDENTIFIER=Intel64 Family 6 Model 158 Stepping 9, GenuineIntel



---------------  S Y S T E M  ---------------

OS: Windows 10 , 64 bit Build 19041 (10.0.19041.1151)
OS uptime: 11 days 11:07 hours

CPU:total 4 (initial active 4) (4 cores per cpu, 1 threads per core) family 6 model 158 stepping 9, cmov, cx8, fxsr, mmx, sse, sse2, sse3, ssse3, sse4.1, sse4.2, popcnt, avx, avx2, aes, clmul, erms, 3dnowpref, lzcnt, tsc, tscinvbit, bmi1, bmi2, adx, fma

Memory: 4k page, system-wide physical 8109M (158M free)
TotalPageFile size 32685M (AvailPageFile size 36M)
current process WorkingSet (physical memory assigned to process): 324M, peak: 327M
current process commit charge ("private bytes"): 361M, peak: 395M

vm_info: OpenJDK 64-Bit Server VM (11.0.8+10-b944.6842174) for windows-amd64 JRE (11.0.8+10-b944.6842174), built on Sep 19 2020 01:11:42 by "builder" with MS VC++ 14.0 (VS2015)

END.
