#
# There is insufficient memory for the Java Runtime Environment to continue.
# Native memory allocation (mmap) failed to map 65011712 bytes for Failed to commit area from 0x000000008b900000 to 0x000000008f700000 of length 65011712.
# Possible reasons:
#   The system is out of physical RAM or swap space
#   The process is running with CompressedOops enabled, and the Java Heap may be blocking the growth of the native heap
# Possible solutions:
#   Reduce memory load on the system
#   Increase physical memory or swap space
#   Check if swap backing store is full
#   Decrease Java heap size (-Xmx/-Xms)
#   Decrease number of Java threads
#   Decrease Java thread stack sizes (-Xss)
#   Set larger code cache with -XX:ReservedCodeCacheSize=
#   JVM is running with Unscaled Compressed Oops mode in which the Java heap is
#     placed in the first 4GB address space. The Java Heap base address is the
#     maximum limit for the native heap growth. Please use -XX:HeapBaseMinAddress
#     to set the Java Heap base and to place the Java Heap above 4GB virtual address.
# This output file may be truncated or incomplete.
#
#  Out of Memory Error (./src/hotspot/os/windows/os_windows.cpp:3303), pid=14820, tid=22680
#
# JRE version: OpenJDK Runtime Environment (11.0.8+10) (build 11.0.8+10-b944.6842174)
# Java VM: OpenJDK 64-Bit Server VM (11.0.8+10-b944.6842174, mixed mode, tiered, compressed oops, g1 gc, windows-amd64)
# No core dump will be written. Minidumps are not enabled by default on client versions of Windows
#

---------------  S U M M A R Y ------------

Command Line: --add-opens=java.base/java.util=ALL-UNNAMED --add-opens=java.base/java.lang=ALL-UNNAMED --add-opens=java.base/java.lang.invoke=ALL-UNNAMED --add-opens=java.prefs/java.util.prefs=ALL-UNNAMED -Xmx2048m -Dfile.encoding=UTF-8 -Duser.country=US -Duser.language=en -Duser.variant org.gradle.launcher.daemon.bootstrap.GradleDaemon 6.7.1

Host: Intel(R) Core(TM) i5-7300HQ CPU @ 2.50GHz, 4 cores, 7G,  Windows 10 , 64 bit Build 19041 (10.0.19041.1151)
Time: Tue Aug 24 16:55:41 2021 SE Asia Standard Time elapsed time: 603 seconds (0d 0h 10m 3s)

---------------  T H R E A D  ---------------

Current thread (0x000001c1a3da8000):  VMThread "VM Thread" [stack: 0x00000034dc300000,0x00000034dc400000] [id=22680]

Stack: [0x00000034dc300000,0x00000034dc400000]
[error occurred during error reporting (printing stack bounds), id 0xc0000005, EXCEPTION_ACCESS_VIOLATION (0xc0000005) at pc=0x000001c18d540dad]

Native frames: (J=compiled Java code, j=interpreted, Vv=VM code, C=native code)
V  [jvm.dll+0x5de50a]
V  [jvm.dll+0x7122f5]
V  [jvm.dll+0x71384d]
V  [jvm.dll+0x713e65]
V  [jvm.dll+0x713e1b]
V  [jvm.dll+0x5dd958]
V  [jvm.dll+0x5de0f8]
C  [ntdll.dll+0xa217f]
C  [ntdll.dll+0x51454]
C  [ntdll.dll+0xa0cae]
C  0x000001c18d540dad

VM_Operation (0x00000034de1f9f30): G1CollectForAllocation, mode: safepoint, requested by thread 0x000001c1aa652000


---------------  P R O C E S S  ---------------

Threads class SMR info:
_java_thread_list=0x000001c1ad446150, length=144, elements={
0x000001c189b9a800, 0x000001c1a3db1000, 0x000001c1a3dbb000, 0x000001c1a3dc6000,
0x000001c1a3dc6800, 0x000001c1a3dc8800, 0x000001c1a3dcf000, 0x000001c1a3dd0800,
0x000001c1a4883800, 0x000001c1a488f800, 0x000001c1a5e9b800, 0x000001c1a5d9b000,
0x000001c1a5dac000, 0x000001c1a6234800, 0x000001c1a6230000, 0x000001c1a6236800,
0x000001c1a69fd800, 0x000001c1a69ff000, 0x000001c1aa64a800, 0x000001c1aa649000,
0x000001c1aa645000, 0x000001c1aa645800, 0x000001c1aa646800, 0x000001c1aa643800,
0x000001c1aa64a000, 0x000001c1aa647800, 0x000001c1aa644000, 0x000001c1aa64b800,
0x000001c1aa64d000, 0x000001c1aa64c800, 0x000001c1aa64e000, 0x000001c1aa648000,
0x000001c1aa652000, 0x000001c1aa64e800, 0x000001c1aa64f800, 0x000001c1aa650800,
0x000001c1aa651000, 0x000001c1a69fe800, 0x000001c1a6a00000, 0x000001c1a6a01800,
0x000001c1a69fc000, 0x000001c1a6a03800, 0x000001c1a6a08000, 0x000001c1a6a02800,
0x000001c1a6a05000, 0x000001c1a6a07800, 0x000001c1a6a05800, 0x000001c1a6a06800,
0x000001c1a6a09000, 0x000001c1a6a0a000, 0x000001c1a6a04000, 0x000001c1a6a0a800,
0x000001c1a6232800, 0x000001c1a6236000, 0x000001c1a6231000, 0x000001c1a6235000,
0x000001c1a6232000, 0x000001c1a6233800, 0x000001c1a9489000, 0x000001c1a948b000,
0x000001c1a948a000, 0x000001c1a9486000, 0x000001c1a9486800, 0x000001c1a9487800,
0x000001c1a9488800, 0x000001c1a9485000, 0x000001c1a948b800, 0x000001c1a948f800,
0x000001c1a948d000, 0x000001c1a948e000, 0x000001c1a9492000, 0x000001c1a9493000,
0x000001c1a9490800, 0x000001c1a948e800, 0x000001c1a9493800, 0x000001c1a9491000,
0x000001c1a9703000, 0x000001c1a9700800, 0x000001c1a9704000, 0x000001c1a9705800,
0x000001c1a9707000, 0x000001c1a9705000, 0x000001c1a9706800, 0x000001c1a9701800,
0x000001c1a9708000, 0x000001c1a9702800, 0x000001c1a970b800, 0x000001c1a970e000,
0x000001c1a970a800, 0x000001c1a970c000, 0x000001c1a9709000, 0x000001c1a970e800,
0x000001c1a970d000, 0x000001c1a970f800, 0x000001c1a9709800, 0x000001c1a9305000,
0x000001c1a9306000, 0x000001c1a9307000, 0x000001c1a9307800, 0x000001c1a9302000,
0x000001c1a9304800, 0x000001c1a9308800, 0x000001c1a9303000, 0x000001c1a9309800,
0x000001c1a9303800, 0x000001c1a930f000, 0x000001c1a930c000, 0x000001c1a930b000,
0x000001c1a930c800, 0x000001c1a930a000, 0x000001c1a930d800, 0x000001c1a930e000,
0x000001c1a9310000, 0x000001c1a9310800, 0x000001c1a743e800, 0x000001c1a743d800,
0x000001c1a743d000, 0x000001c1a7439000, 0x000001c1a7439800, 0x000001c1a743f800,
0x000001c1a743b000, 0x000001c1a7440000, 0x000001c1a743a800, 0x000001c1a7441000,
0x000001c1a7441800, 0x000001c1a743c000, 0x000001c1a7446000, 0x000001c1a7442800,
0x000001c1a7444000, 0x000001c1a7443800, 0x000001c1a7445000, 0x000001c1a7446800,
0x000001c1a7447800, 0x000001c1a6928000, 0x000001c1a6929800, 0x000001c1a692c000,
0x000001c1a6928800, 0x000001c1a692d000, 0x000001c1a692a800, 0x000001c1a6927000,
0x000001c1a692b000, 0x000001c1a6931800, 0x000001c1a6932800, 0x000001c1a6933800
}

Java Threads: ( => current thread )
  0x000001c189b9a800 JavaThread "main" [_thread_blocked, id=20976, stack(0x00000034dbd00000,0x00000034dbe00000)]
  0x000001c1a3db1000 JavaThread "Reference Handler" daemon [_thread_blocked, id=14672, stack(0x00000034dc400000,0x00000034dc500000)]
  0x000001c1a3dbb000 JavaThread "Finalizer" daemon [_thread_blocked, id=9740, stack(0x00000034dc500000,0x00000034dc600000)]
  0x000001c1a3dc6000 JavaThread "Signal Dispatcher" daemon [_thread_blocked, id=848, stack(0x00000034dc600000,0x00000034dc700000)]
  0x000001c1a3dc6800 JavaThread "Attach Listener" daemon [_thread_blocked, id=5412, stack(0x00000034dc700000,0x00000034dc800000)]
  0x000001c1a3dc8800 JavaThread "C2 CompilerThread0" daemon [_thread_blocked, id=21136, stack(0x00000034dc800000,0x00000034dc900000)]
  0x000001c1a3dcf000 JavaThread "C1 CompilerThread0" daemon [_thread_blocked, id=23404, stack(0x00000034dc900000,0x00000034dca00000)]
  0x000001c1a3dd0800 JavaThread "Sweeper thread" daemon [_thread_blocked, id=2092, stack(0x00000034dca00000,0x00000034dcb00000)]
  0x000001c1a4883800 JavaThread "Common-Cleaner" daemon [_thread_blocked, id=23444, stack(0x00000034dcb00000,0x00000034dcc00000)]
  0x000001c1a488f800 JavaThread "Service Thread" daemon [_thread_blocked, id=21848, stack(0x00000034dcc00000,0x00000034dcd00000)]
  0x000001c1a5e9b800 JavaThread "Daemon health stats" [_thread_blocked, id=20280, stack(0x00000034dd000000,0x00000034dd100000)]
  0x000001c1a5d9b000 JavaThread "Incoming local TCP Connector on port 49738" [_thread_in_native, id=1428, stack(0x00000034dd300000,0x00000034dd400000)]
  0x000001c1a5dac000 JavaThread "Daemon periodic checks" [_thread_blocked, id=14680, stack(0x00000034dd400000,0x00000034dd500000)]
  0x000001c1a6234800 JavaThread "Cache worker for file hash cache (C:\Users\QuangThanh\.gradle\caches\6.7.1\fileHashes)" [_thread_blocked, id=19448, stack(0x00000034ddd00000,0x00000034dde00000)]
  0x000001c1a6230000 JavaThread "File lock request listener" [_thread_in_native, id=17896, stack(0x00000034dde00000,0x00000034ddf00000)]
  0x000001c1a6236800 JavaThread "Cache worker for journal cache (C:\Users\QuangThanh\.gradle\caches\journal-1)" [_thread_blocked, id=12276, stack(0x00000034ddf00000,0x00000034de000000)]
  0x000001c1a69fd800 JavaThread "Cache worker for execution history cache (C:\Users\QuangThanh\.gradle\caches\6.7.1\executionHistory)" [_thread_blocked, id=23156, stack(0x00000034df900000,0x00000034dfa00000)]
  0x000001c1a69ff000 JavaThread "Cache worker for file content cache (C:\Users\QuangThanh\.gradle\caches\6.7.1\fileContent)" [_thread_blocked, id=23276, stack(0x00000034dfa00000,0x00000034dfb00000)]
  0x000001c1aa64a800 JavaThread "Memory manager" [_thread_blocked, id=23428, stack(0x00000034e4c00000,0x00000034e4d00000)]
  0x000001c1aa649000 JavaThread "Daemon Thread 2" [_thread_blocked, id=12108, stack(0x00000034dba00000,0x00000034dbb00000)]
  0x000001c1aa645000 JavaThread "Handler for socket connection from /127.0.0.1:49738 to /127.0.0.1:57746" [_thread_in_native, id=1764, stack(0x00000034dbb00000,0x00000034dbc00000)]
  0x000001c1aa645800 JavaThread "Cancel handler" [_thread_blocked, id=21128, stack(0x00000034dbc00000,0x00000034dbd00000)]
  0x000001c1aa646800 JavaThread "Daemon worker Thread 2" [_thread_blocked, id=8968, stack(0x00000034dd100000,0x00000034dd200000)]
  0x000001c1aa643800 JavaThread "Asynchronous log dispatcher for DefaultDaemonConnection: socket connection from /127.0.0.1:49738 to /127.0.0.1:57746" [_thread_blocked, id=17004, stack(0x00000034dd200000,0x00000034dd300000)]
  0x000001c1aa64a000 JavaThread "Stdin handler" [_thread_blocked, id=23176, stack(0x00000034dd500000,0x00000034dd600000)]
  0x000001c1aa647800 JavaThread "Thread-130" [_thread_blocked, id=24328, stack(0x00000034dd600000,0x00000034dd700000)]
  0x000001c1aa644000 JavaThread "Cache worker for file hash cache (F:\FPT_POLY\CNTT\MOB403_AndroidNetworking\AsmFinal_NguyenQuangThanh_PH11399\Assignment\.gradle\6.7.1\fileHashes)" [_thread_blocked, id=23080, stack(0x00000034dd700000,0x00000034dd800000)]
  0x000001c1aa64b800 JavaThread "Cache worker for checksums cache (F:\FPT_POLY\CNTT\MOB403_AndroidNetworking\AsmFinal_NguyenQuangThanh_PH11399\Assignment\.gradle\checksums)" [_thread_blocked, id=23840, stack(0x00000034dd800000,0x00000034dd900000)]
  0x000001c1aa64d000 JavaThread "Cache worker for cache directory md-supplier (C:\Users\QuangThanh\.gradle\caches\6.7.1\md-supplier)" [_thread_blocked, id=16252, stack(0x00000034dd900000,0x00000034dda00000)]
  0x000001c1aa64c800 JavaThread "Cache worker for cache directory md-rule (C:\Users\QuangThanh\.gradle\caches\6.7.1\md-rule)" [_thread_blocked, id=22536, stack(0x00000034dda00000,0x00000034ddb00000)]
  0x000001c1aa64e000 JavaThread "Cache worker for Build Output Cleanup Cache (F:\FPT_POLY\CNTT\MOB403_AndroidNetworking\AsmFinal_NguyenQuangThanh_PH11399\Assignment\.gradle\buildOutputCleanup)" [_thread_blocked, id=7304, stack(0x00000034ddb00000,0x00000034ddc00000)]
  0x000001c1aa648000 JavaThread "Build operations" [_thread_blocked, id=14224, stack(0x00000034de000000,0x00000034de100000)]
  0x000001c1aa652000 JavaThread "Build operations Thread 2" [_thread_blocked, id=9380, stack(0x00000034de100000,0x00000034de200000)]
  0x000001c1aa64e800 JavaThread "Build operations Thread 3" [_thread_blocked, id=9972, stack(0x00000034de200000,0x00000034de300000)]
  0x000001c1aa64f800 JavaThread "Build operations Thread 4" [_thread_blocked, id=8404, stack(0x00000034de300000,0x00000034de400000)]
  0x000001c1aa650800 JavaThread "jar transforms Thread 98" [_thread_blocked, id=15920, stack(0x00000034de400000,0x00000034de500000)]
  0x000001c1aa651000 JavaThread "jar transforms Thread 99" [_thread_blocked, id=5392, stack(0x00000034de500000,0x00000034de600000)]
  0x000001c1a69fe800 JavaThread "jar transforms Thread 100" [_thread_blocked, id=20520, stack(0x00000034de600000,0x00000034de700000)]
  0x000001c1a6a00000 JavaThread "jar transforms Thread 101" [_thread_blocked, id=19072, stack(0x00000034de700000,0x00000034de800000)]
  0x000001c1a6a01800 JavaThread "jar transforms Thread 102" [_thread_blocked, id=21520, stack(0x00000034de800000,0x00000034de900000)]
  0x000001c1a69fc000 JavaThread "jar transforms Thread 103" [_thread_blocked, id=22648, stack(0x00000034de900000,0x00000034dea00000)]
  0x000001c1a6a03800 JavaThread "jar transforms Thread 104" [_thread_blocked, id=23932, stack(0x00000034dea00000,0x00000034deb00000)]
  0x000001c1a6a08000 JavaThread "jar transforms Thread 105" [_thread_blocked, id=23532, stack(0x00000034deb00000,0x00000034dec00000)]
  0x000001c1a6a02800 JavaThread "jar transforms Thread 106" [_thread_blocked, id=17012, stack(0x00000034dec00000,0x00000034ded00000)]
  0x000001c1a6a05000 JavaThread "jar transforms Thread 107" [_thread_blocked, id=23984, stack(0x00000034ded00000,0x00000034dee00000)]
  0x000001c1a6a07800 JavaThread "jar transforms Thread 108" [_thread_blocked, id=23440, stack(0x00000034dee00000,0x00000034def00000)]
  0x000001c1a6a05800 JavaThread "jar transforms Thread 109" [_thread_blocked, id=9156, stack(0x00000034def00000,0x00000034df000000)]
  0x000001c1a6a06800 JavaThread "jar transforms Thread 110" [_thread_blocked, id=23060, stack(0x00000034df000000,0x00000034df100000)]
  0x000001c1a6a09000 JavaThread "jar transforms Thread 111" [_thread_blocked, id=12660, stack(0x00000034df100000,0x00000034df200000)]
  0x000001c1a6a0a000 JavaThread "jar transforms Thread 112" [_thread_blocked, id=18256, stack(0x00000034df200000,0x00000034df300000)]
  0x000001c1a6a04000 JavaThread "jar transforms Thread 113" [_thread_blocked, id=15896, stack(0x00000034df300000,0x00000034df400000)]
  0x000001c1a6a0a800 JavaThread "jar transforms Thread 114" [_thread_blocked, id=20960, stack(0x00000034df400000,0x00000034df500000)]
  0x000001c1a6232800 JavaThread "jar transforms Thread 115" [_thread_blocked, id=12092, stack(0x00000034df500000,0x00000034df600000)]
  0x000001c1a6236000 JavaThread "jar transforms Thread 116" [_thread_blocked, id=10968, stack(0x00000034df600000,0x00000034df700000)]
  0x000001c1a6231000 JavaThread "jar transforms Thread 117" [_thread_blocked, id=11380, stack(0x00000034df700000,0x00000034df800000)]
  0x000001c1a6235000 JavaThread "jar transforms Thread 118" [_thread_blocked, id=16256, stack(0x00000034df800000,0x00000034df900000)]
  0x000001c1a6232000 JavaThread "jar transforms Thread 119" [_thread_blocked, id=23132, stack(0x00000034dfb00000,0x00000034dfc00000)]
  0x000001c1a6233800 JavaThread "jar transforms Thread 120" [_thread_blocked, id=23028, stack(0x00000034dfc00000,0x00000034dfd00000)]
  0x000001c1a9489000 JavaThread "jar transforms Thread 121" [_thread_blocked, id=15912, stack(0x00000034dfd00000,0x00000034dfe00000)]
  0x000001c1a948b000 JavaThread "jar transforms Thread 122" [_thread_blocked, id=19912, stack(0x00000034dfe00000,0x00000034dff00000)]
  0x000001c1a948a000 JavaThread "jar transforms Thread 123" [_thread_blocked, id=3020, stack(0x00000034dff00000,0x00000034e0000000)]
  0x000001c1a9486000 JavaThread "jar transforms Thread 124" [_thread_blocked, id=1676, stack(0x00000034e0000000,0x00000034e0100000)]
  0x000001c1a9486800 JavaThread "jar transforms Thread 125" [_thread_blocked, id=24240, stack(0x00000034e0100000,0x00000034e0200000)]
  0x000001c1a9487800 JavaThread "jar transforms Thread 126" [_thread_blocked, id=19696, stack(0x00000034e0200000,0x00000034e0300000)]
  0x000001c1a9488800 JavaThread "jar transforms Thread 127" [_thread_blocked, id=24044, stack(0x00000034e0300000,0x00000034e0400000)]
  0x000001c1a9485000 JavaThread "jar transforms Thread 128" [_thread_blocked, id=23972, stack(0x00000034e0400000,0x00000034e0500000)]
  0x000001c1a948b800 JavaThread "jar transforms Thread 129" [_thread_blocked, id=16228, stack(0x00000034e0500000,0x00000034e0600000)]
  0x000001c1a948f800 JavaThread "jar transforms Thread 130" [_thread_blocked, id=9876, stack(0x00000034e0600000,0x00000034e0700000)]
  0x000001c1a948d000 JavaThread "jar transforms Thread 131" [_thread_blocked, id=3196, stack(0x00000034e0700000,0x00000034e0800000)]
  0x000001c1a948e000 JavaThread "jar transforms Thread 132" [_thread_blocked, id=23680, stack(0x00000034e0800000,0x00000034e0900000)]
  0x000001c1a9492000 JavaThread "jar transforms Thread 133" [_thread_blocked, id=18068, stack(0x00000034e0900000,0x00000034e0a00000)]
  0x000001c1a9493000 JavaThread "jar transforms Thread 134" [_thread_blocked, id=24128, stack(0x00000034e0a00000,0x00000034e0b00000)]
  0x000001c1a9490800 JavaThread "jar transforms Thread 135" [_thread_blocked, id=10816, stack(0x00000034e0b00000,0x00000034e0c00000)]
  0x000001c1a948e800 JavaThread "jar transforms Thread 136" [_thread_blocked, id=13408, stack(0x00000034e0c00000,0x00000034e0d00000)]
  0x000001c1a9493800 JavaThread "jar transforms Thread 137" [_thread_blocked, id=23720, stack(0x00000034e0d00000,0x00000034e0e00000)]
  0x000001c1a9491000 JavaThread "jar transforms Thread 138" [_thread_blocked, id=10928, stack(0x00000034e0e00000,0x00000034e0f00000)]
  0x000001c1a9703000 JavaThread "jar transforms Thread 139" [_thread_blocked, id=24528, stack(0x00000034e0f00000,0x00000034e1000000)]
  0x000001c1a9700800 JavaThread "jar transforms Thread 140" [_thread_blocked, id=23656, stack(0x00000034e1000000,0x00000034e1100000)]
  0x000001c1a9704000 JavaThread "jar transforms Thread 141" [_thread_blocked, id=3488, stack(0x00000034e1100000,0x00000034e1200000)]
  0x000001c1a9705800 JavaThread "jar transforms Thread 142" [_thread_blocked, id=9980, stack(0x00000034e1200000,0x00000034e1300000)]
  0x000001c1a9707000 JavaThread "jar transforms Thread 143" [_thread_blocked, id=24532, stack(0x00000034e1300000,0x00000034e1400000)]
  0x000001c1a9705000 JavaThread "jar transforms Thread 144" [_thread_blocked, id=18280, stack(0x00000034e1400000,0x00000034e1500000)]
  0x000001c1a9706800 JavaThread "jar transforms Thread 145" [_thread_blocked, id=14340, stack(0x00000034e1500000,0x00000034e1600000)]
  0x000001c1a9701800 JavaThread "jar transforms Thread 146" [_thread_blocked, id=23044, stack(0x00000034e1600000,0x00000034e1700000)]
  0x000001c1a9708000 JavaThread "jar transforms Thread 147" [_thread_blocked, id=23812, stack(0x00000034e1700000,0x00000034e1800000)]
  0x000001c1a9702800 JavaThread "jar transforms Thread 148" [_thread_blocked, id=12444, stack(0x00000034e1800000,0x00000034e1900000)]
  0x000001c1a970b800 JavaThread "jar transforms Thread 149" [_thread_blocked, id=24552, stack(0x00000034e1900000,0x00000034e1a00000)]
  0x000001c1a970e000 JavaThread "jar transforms Thread 150" [_thread_blocked, id=14984, stack(0x00000034e1a00000,0x00000034e1b00000)]
  0x000001c1a970a800 JavaThread "jar transforms Thread 151" [_thread_blocked, id=20576, stack(0x00000034e1b00000,0x00000034e1c00000)]
  0x000001c1a970c000 JavaThread "jar transforms Thread 152" [_thread_blocked, id=24196, stack(0x00000034e1c00000,0x00000034e1d00000)]
  0x000001c1a9709000 JavaThread "jar transforms Thread 153" [_thread_blocked, id=21388, stack(0x00000034e1d00000,0x00000034e1e00000)]
  0x000001c1a970e800 JavaThread "jar transforms Thread 154" [_thread_blocked, id=23584, stack(0x00000034e1e00000,0x00000034e1f00000)]
  0x000001c1a970d000 JavaThread "jar transforms Thread 155" [_thread_blocked, id=24168, stack(0x00000034e1f00000,0x00000034e2000000)]
  0x000001c1a970f800 JavaThread "jar transforms Thread 156" [_thread_blocked, id=13548, stack(0x00000034e2000000,0x00000034e2100000)]
  0x000001c1a9709800 JavaThread "jar transforms Thread 157" [_thread_blocked, id=23392, stack(0x00000034e2100000,0x00000034e2200000)]
  0x000001c1a9305000 JavaThread "jar transforms Thread 158" [_thread_blocked, id=23704, stack(0x00000034e2200000,0x00000034e2300000)]
  0x000001c1a9306000 JavaThread "jar transforms Thread 159" [_thread_blocked, id=9744, stack(0x00000034e2300000,0x00000034e2400000)]
  0x000001c1a9307000 JavaThread "jar transforms Thread 160" [_thread_blocked, id=15980, stack(0x00000034e2400000,0x00000034e2500000)]
  0x000001c1a9307800 JavaThread "jar transforms Thread 161" [_thread_blocked, id=16788, stack(0x00000034e2500000,0x00000034e2600000)]
  0x000001c1a9302000 JavaThread "jar transforms Thread 162" [_thread_blocked, id=24048, stack(0x00000034e2600000,0x00000034e2700000)]
  0x000001c1a9304800 JavaThread "jar transforms Thread 163" [_thread_blocked, id=21076, stack(0x00000034e2700000,0x00000034e2800000)]
  0x000001c1a9308800 JavaThread "jar transforms Thread 164" [_thread_blocked, id=15432, stack(0x00000034e2800000,0x00000034e2900000)]
  0x000001c1a9303000 JavaThread "jar transforms Thread 165" [_thread_blocked, id=18728, stack(0x00000034e2900000,0x00000034e2a00000)]
  0x000001c1a9309800 JavaThread "jar transforms Thread 166" [_thread_blocked, id=9480, stack(0x00000034e2a00000,0x00000034e2b00000)]
  0x000001c1a9303800 JavaThread "jar transforms Thread 167" [_thread_blocked, id=9620, stack(0x00000034e2b00000,0x00000034e2c00000)]
  0x000001c1a930f000 JavaThread "jar transforms Thread 168" [_thread_blocked, id=14620, stack(0x00000034e2c00000,0x00000034e2d00000)]
  0x000001c1a930c000 JavaThread "jar transforms Thread 169" [_thread_blocked, id=23384, stack(0x00000034e2d00000,0x00000034e2e00000)]
  0x000001c1a930b000 JavaThread "jar transforms Thread 170" [_thread_blocked, id=16856, stack(0x00000034e2e00000,0x00000034e2f00000)]
  0x000001c1a930c800 JavaThread "jar transforms Thread 171" [_thread_blocked, id=22468, stack(0x00000034e2f00000,0x00000034e3000000)]
  0x000001c1a930a000 JavaThread "jar transforms Thread 172" [_thread_blocked, id=23356, stack(0x00000034e3000000,0x00000034e3100000)]
  0x000001c1a930d800 JavaThread "jar transforms Thread 173" [_thread_blocked, id=24112, stack(0x00000034e3100000,0x00000034e3200000)]
  0x000001c1a930e000 JavaThread "jar transforms Thread 174" [_thread_blocked, id=20024, stack(0x00000034e3200000,0x00000034e3300000)]
  0x000001c1a9310000 JavaThread "jar transforms Thread 175" [_thread_blocked, id=10300, stack(0x00000034e3300000,0x00000034e3400000)]
  0x000001c1a9310800 JavaThread "jar transforms Thread 176" [_thread_blocked, id=14692, stack(0x00000034e3400000,0x00000034e3500000)]
  0x000001c1a743e800 JavaThread "jar transforms Thread 177" [_thread_blocked, id=12764, stack(0x00000034e3500000,0x00000034e3600000)]
  0x000001c1a743d800 JavaThread "jar transforms Thread 178" [_thread_blocked, id=11604, stack(0x00000034e3600000,0x00000034e3700000)]
  0x000001c1a743d000 JavaThread "jar transforms Thread 179" [_thread_blocked, id=17752, stack(0x00000034e3700000,0x00000034e3800000)]
  0x000001c1a7439000 JavaThread "jar transforms Thread 180" [_thread_blocked, id=22920, stack(0x00000034e3800000,0x00000034e3900000)]
  0x000001c1a7439800 JavaThread "jar transforms Thread 181" [_thread_blocked, id=23032, stack(0x00000034e3900000,0x00000034e3a00000)]
  0x000001c1a743f800 JavaThread "jar transforms Thread 182" [_thread_blocked, id=16408, stack(0x00000034e3a00000,0x00000034e3b00000)]
  0x000001c1a743b000 JavaThread "jar transforms Thread 183" [_thread_blocked, id=23480, stack(0x00000034e3b00000,0x00000034e3c00000)]
  0x000001c1a7440000 JavaThread "jar transforms Thread 184" [_thread_blocked, id=22712, stack(0x00000034e3c00000,0x00000034e3d00000)]
  0x000001c1a743a800 JavaThread "jar transforms Thread 185" [_thread_blocked, id=20476, stack(0x00000034e3d00000,0x00000034e3e00000)]
  0x000001c1a7441000 JavaThread "jar transforms Thread 186" [_thread_blocked, id=24548, stack(0x00000034e3e00000,0x00000034e3f00000)]
  0x000001c1a7441800 JavaThread "jar transforms Thread 187" [_thread_blocked, id=10620, stack(0x00000034e3f00000,0x00000034e4000000)]
  0x000001c1a743c000 JavaThread "jar transforms Thread 188" [_thread_blocked, id=116, stack(0x00000034e4000000,0x00000034e4100000)]
  0x000001c1a7446000 JavaThread "jar transforms Thread 189" [_thread_blocked, id=21688, stack(0x00000034e4100000,0x00000034e4200000)]
  0x000001c1a7442800 JavaThread "jar transforms Thread 190" [_thread_blocked, id=17840, stack(0x00000034e4200000,0x00000034e4300000)]
  0x000001c1a7444000 JavaThread "jar transforms Thread 191" [_thread_blocked, id=15388, stack(0x00000034e4300000,0x00000034e4400000)]
  0x000001c1a7443800 JavaThread "jar transforms Thread 192" [_thread_blocked, id=24036, stack(0x00000034e4400000,0x00000034e4500000)]
  0x000001c1a7445000 JavaThread "jar transforms Thread 193" [_thread_blocked, id=21816, stack(0x00000034e4500000,0x00000034e4600000)]
  0x000001c1a7446800 JavaThread "jar transforms Thread 194" [_thread_blocked, id=11016, stack(0x00000034e4600000,0x00000034e4700000)]
  0x000001c1a7447800 JavaThread "build event listener" [_thread_blocked, id=24368, stack(0x00000034e4800000,0x00000034e4900000)]
  0x000001c1a6928000 JavaThread "build event listener" [_thread_blocked, id=24120, stack(0x00000034e4900000,0x00000034e4a00000)]
  0x000001c1a6929800 JavaThread "Execution worker for ':'" [_thread_blocked, id=22916, stack(0x00000034e4a00000,0x00000034e4b00000)]
  0x000001c1a692c000 JavaThread "Execution worker for ':' Thread 2" [_thread_blocked, id=17756, stack(0x00000034e4b00000,0x00000034e4c00000)]
  0x000001c1a6928800 JavaThread "Execution worker for ':' Thread 3" [_thread_blocked, id=23900, stack(0x00000034e4d00000,0x00000034e4e00000)]
  0x000001c1a692d000 JavaThread "Cache worker for execution history cache (F:\FPT_POLY\CNTT\MOB403_AndroidNetworking\AsmFinal_NguyenQuangThanh_PH11399\Assignment\.gradle\6.7.1\executionHistory)" [_thread_blocked, id=17368, stack(0x00000034e4e00000,0x00000034e4f00000)]
  0x000001c1a692a800 JavaThread "Cache worker for Java compile cache (C:\Users\QuangThanh\.gradle\caches\6.7.1\javaCompile)" [_thread_blocked, id=20288, stack(0x00000034e4700000,0x00000034e4800000)]
  0x000001c1a6927000 JavaThread "Cache worker for Java compile cache (F:\FPT_POLY\CNTT\MOB403_AndroidNetworking\AsmFinal_NguyenQuangThanh_PH11399\Assignment\.gradle\6.7.1\javaCompile)" [_thread_blocked, id=17600, stack(0x00000034e4f00000,0x00000034e5000000)]
  0x000001c1a692b000 JavaThread "WorkerExecutor Queue" [_thread_blocked, id=9504, stack(0x00000034e5100000,0x00000034e5200000)]
  0x000001c1a6931800 JavaThread "WorkerExecutor Queue Thread 3" [_thread_blocked, id=24004, stack(0x00000034e5300000,0x00000034e5400000)]
  0x000001c1a6932800 JavaThread "WorkerExecutor Queue Thread 4" [_thread_blocked, id=18232, stack(0x00000034e5400000,0x00000034e5500000)]
  0x000001c1a6933800 JavaThread "WorkerExecutor Queue Thread 5" [_thread_blocked, id=2668, stack(0x00000034e5500000,0x00000034e5600000)]

Other Threads:
=>0x000001c1a3da8000 VMThread "VM Thread" [stack: 0x00000034dc300000,0x00000034dc400000] [id=22680]
  0x000001c1a48b9000 WatcherThread [stack: 0x00000034dcd00000,0x00000034dce00000] [id=22600]
  0x000001c189bb2000 GCTaskThread "GC Thread#0" [stack: 0x00000034dbe00000,0x00000034dbf00000] [id=17700]
  0x000001c1a507d000 GCTaskThread "GC Thread#1" [stack: 0x00000034dce00000,0x00000034dcf00000] [id=24264]
  0x000001c1a4f4b000 GCTaskThread "GC Thread#2" [stack: 0x00000034dcf00000,0x00000034dd000000] [id=16120]
  0x000001c1a648f800 GCTaskThread "GC Thread#3" [stack: 0x00000034ddc00000,0x00000034ddd00000] [id=19292]
  0x000001c189be5000 ConcurrentGCThread "G1 Main Marker" [stack: 0x00000034dbf00000,0x00000034dc000000] [id=24096]
  0x000001c189be6800 ConcurrentGCThread "G1 Conc#0" [stack: 0x00000034dc000000,0x00000034dc100000] [id=24536]
  0x000001c189c76000 ConcurrentGCThread "G1 Refine#0" [stack: 0x00000034dc100000,0x00000034dc200000] [id=24100]
  0x000001c189c77000 ConcurrentGCThread "G1 Young RemSet Sampling" [stack: 0x00000034dc200000,0x00000034dc300000] [id=16592]

Threads with active compile tasks:
C2 CompilerThread0 603175 16011   !   4       java.util.concurrent.ConcurrentHashMap::putVal (432 bytes)

VM state:at safepoint (normal execution)

VM Mutex/Monitor currently owned by a thread:  ([mutex/lock_event])
[0x000001c189b97010] Threads_lock - owner thread: 0x000001c1a3da8000
[0x000001c189b97910] Heap_lock - owner thread: 0x000001c1aa652000

Heap address: 0x0000000080000000, size: 2048 MB, Compressed Oops mode: 32-bit
Narrow klass base: 0x0000000000000000, Narrow klass shift: 3
Compressed class space size: 1073741824 Address: 0x0000000100000000

Heap:
 garbage-first heap   total 252928K, used 149016K [0x0000000080000000, 0x0000000100000000)
  region size 1024K, 2 young (2048K), 2 survivors (2048K)
 Metaspace       used 122808K, capacity 126196K, committed 126448K, reserved 1159168K
  class space    used 15589K, capacity 16795K, committed 16844K, reserved 1048576K
Heap Regions: E=young(eden), S=young(survivor), O=old, HS=humongous(starts), HC=humongous(continues), CS=collection set, F=free, A=archive, TAMS=top-at-mark-start (previous, next)
|   0|0x0000000080000000, 0x0000000080100000, 0x0000000080100000|100%| O|  |TAMS 0x0000000080100000, 0x0000000080000000| Complete 
|   1|0x0000000080100000, 0x0000000080200000, 0x0000000080200000|100%| O|  |TAMS 0x0000000080200000, 0x0000000080100000| Untracked 
|   2|0x0000000080200000, 0x0000000080300000, 0x0000000080300000|100%| O|  |TAMS 0x0000000080300000, 0x0000000080200000| Untracked 
|   3|0x0000000080300000, 0x0000000080400000, 0x0000000080400000|100%|HS|  |TAMS 0x0000000080400000, 0x0000000080300000| Complete 
|   4|0x0000000080400000, 0x0000000080500000, 0x0000000080500000|100%|HC|  |TAMS 0x0000000080500000, 0x0000000080400000| Complete 
|   5|0x0000000080500000, 0x0000000080600000, 0x0000000080600000|100%|HC|  |TAMS 0x0000000080600000, 0x0000000080500000| Complete 
|   6|0x0000000080600000, 0x0000000080700000, 0x0000000080700000|100%| O|  |TAMS 0x0000000080700000, 0x0000000080600000| Untracked 
|   7|0x0000000080700000, 0x0000000080800000, 0x0000000080800000|100%| O|  |TAMS 0x0000000080800000, 0x0000000080700000| Untracked 
|   8|0x0000000080800000, 0x0000000080900000, 0x0000000080900000|100%| O|  |TAMS 0x0000000080900000, 0x0000000080800000| Untracked 
|   9|0x0000000080900000, 0x0000000080a00000, 0x0000000080a00000|100%| O|  |TAMS 0x0000000080a00000, 0x0000000080900000| Untracked 
|  10|0x0000000080a00000, 0x0000000080b00000, 0x0000000080b00000|100%| O|  |TAMS 0x0000000080b00000, 0x0000000080a00000| Untracked 
|  11|0x0000000080b00000, 0x0000000080c00000, 0x0000000080c00000|100%| O|  |TAMS 0x0000000080c00000, 0x0000000080b00000| Untracked 
|  12|0x0000000080c00000, 0x0000000080d00000, 0x0000000080d00000|100%| O|  |TAMS 0x0000000080d00000, 0x0000000080c00000| Untracked 
|  13|0x0000000080d00000, 0x0000000080e00000, 0x0000000080e00000|100%|HS|  |TAMS 0x0000000080e00000, 0x0000000080d00000| Complete 
|  14|0x0000000080e00000, 0x0000000080f00000, 0x0000000080f00000|100%|HC|  |TAMS 0x0000000080f00000, 0x0000000080e00000| Complete 
|  15|0x0000000080f00000, 0x0000000081000000, 0x0000000081000000|100%|HS|  |TAMS 0x0000000081000000, 0x0000000080f00000| Complete 
|  16|0x0000000081000000, 0x0000000081100000, 0x0000000081100000|100%|HC|  |TAMS 0x0000000081100000, 0x0000000081000000| Complete 
|  17|0x0000000081100000, 0x0000000081200000, 0x0000000081200000|100%|HC|  |TAMS 0x0000000081200000, 0x0000000081100000| Complete 
|  18|0x0000000081200000, 0x0000000081300000, 0x0000000081300000|100%|HS|  |TAMS 0x0000000081300000, 0x0000000081200000| Complete 
|  19|0x0000000081300000, 0x0000000081400000, 0x0000000081400000|100%|HC|  |TAMS 0x0000000081400000, 0x0000000081300000| Complete 
|  20|0x0000000081400000, 0x0000000081500000, 0x0000000081500000|100%|HC|  |TAMS 0x0000000081500000, 0x0000000081400000| Complete 
|  21|0x0000000081500000, 0x0000000081600000, 0x0000000081600000|100%|HC|  |TAMS 0x0000000081600000, 0x0000000081500000| Complete 
|  22|0x0000000081600000, 0x0000000081700000, 0x0000000081700000|100%| O|  |TAMS 0x0000000081700000, 0x0000000081600000| Untracked 
|  23|0x0000000081700000, 0x0000000081800000, 0x0000000081800000|100%| O|  |TAMS 0x0000000081800000, 0x0000000081700000| Complete 
|  24|0x0000000081800000, 0x0000000081900000, 0x0000000081900000|100%| O|  |TAMS 0x0000000081900000, 0x0000000081800000| Untracked 
|  25|0x0000000081900000, 0x0000000081a00000, 0x0000000081a00000|100%| O|  |TAMS 0x0000000081a00000, 0x0000000081900000| Untracked 
|  26|0x0000000081a00000, 0x0000000081b00000, 0x0000000081b00000|100%| O|  |TAMS 0x0000000081b00000, 0x0000000081a00000| Untracked 
|  27|0x0000000081b00000, 0x0000000081c00000, 0x0000000081c00000|100%| O|  |TAMS 0x0000000081c00000, 0x0000000081b00000| Untracked 
|  28|0x0000000081c00000, 0x0000000081d00000, 0x0000000081d00000|100%| O|  |TAMS 0x0000000081d00000, 0x0000000081c00000| Complete 
|  29|0x0000000081d00000, 0x0000000081e00000, 0x0000000081e00000|100%| O|  |TAMS 0x0000000081e00000, 0x0000000081d00000| Complete 
|  30|0x0000000081e00000, 0x0000000081f00000, 0x0000000081f00000|100%| O|  |TAMS 0x0000000081f00000, 0x0000000081e00000| Untracked 
|  31|0x0000000081f00000, 0x0000000082000000, 0x0000000082000000|100%| O|  |TAMS 0x0000000082000000, 0x0000000081f00000| Untracked 
|  32|0x0000000082000000, 0x0000000082100000, 0x0000000082100000|100%| O|  |TAMS 0x0000000082100000, 0x0000000082000000| Untracked 
|  33|0x0000000082100000, 0x0000000082200000, 0x0000000082200000|100%|HS|  |TAMS 0x0000000082200000, 0x0000000082100000| Complete 
|  34|0x0000000082200000, 0x0000000082300000, 0x0000000082300000|100%|HC|  |TAMS 0x0000000082300000, 0x0000000082200000| Complete 
|  35|0x0000000082300000, 0x0000000082400000, 0x0000000082400000|100%|HC|  |TAMS 0x0000000082400000, 0x0000000082300000| Complete 
|  36|0x0000000082400000, 0x0000000082500000, 0x0000000082500000|100%|HC|  |TAMS 0x0000000082500000, 0x0000000082400000| Complete 
|  37|0x0000000082500000, 0x0000000082600000, 0x0000000082600000|100%|HS|  |TAMS 0x0000000082600000, 0x0000000082500000| Complete 
|  38|0x0000000082600000, 0x0000000082700000, 0x0000000082700000|100%|HC|  |TAMS 0x0000000082700000, 0x0000000082600000| Complete 
|  39|0x0000000082700000, 0x0000000082800000, 0x0000000082800000|100%|HC|  |TAMS 0x0000000082800000, 0x0000000082700000| Complete 
|  40|0x0000000082800000, 0x0000000082900000, 0x0000000082900000|100%| O|  |TAMS 0x0000000082900000, 0x0000000082800000| Untracked 
|  41|0x0000000082900000, 0x0000000082a00000, 0x0000000082a00000|100%| O|  |TAMS 0x0000000082a00000, 0x0000000082900000| Untracked 
|  42|0x0000000082a00000, 0x0000000082b00000, 0x0000000082b00000|100%| O|  |TAMS 0x0000000082b00000, 0x0000000082a00000| Untracked 
|  43|0x0000000082b00000, 0x0000000082c00000, 0x0000000082c00000|100%| O|  |TAMS 0x0000000082c00000, 0x0000000082b00000| Untracked 
|  44|0x0000000082c00000, 0x0000000082d00000, 0x0000000082d00000|100%| O|  |TAMS 0x0000000082d00000, 0x0000000082c00000| Complete 
|  45|0x0000000082d00000, 0x0000000082e00000, 0x0000000082e00000|100%|HS|  |TAMS 0x0000000082e00000, 0x0000000082d00000| Complete 
|  46|0x0000000082e00000, 0x0000000082f00000, 0x0000000082f00000|100%|HS|  |TAMS 0x0000000082f00000, 0x0000000082e00000| Complete 
|  47|0x0000000082f00000, 0x0000000083000000, 0x0000000083000000|100%|HC|  |TAMS 0x0000000083000000, 0x0000000082f00000| Complete 
|  48|0x0000000083000000, 0x0000000083100000, 0x0000000083100000|100%| O|  |TAMS 0x0000000083100000, 0x0000000083000000| Untracked 
|  49|0x0000000083100000, 0x0000000083200000, 0x0000000083200000|100%| O|  |TAMS 0x0000000083200000, 0x0000000083100000| Untracked 
|  50|0x0000000083200000, 0x0000000083300000, 0x0000000083300000|100%| O|  |TAMS 0x0000000083300000, 0x0000000083200000| Untracked 
|  51|0x0000000083300000, 0x0000000083400000, 0x0000000083400000|100%| O|  |TAMS 0x0000000083400000, 0x0000000083300000| Complete 
|  52|0x0000000083400000, 0x0000000083500000, 0x0000000083500000|100%| O|  |TAMS 0x0000000083500000, 0x0000000083400000| Complete 
|  53|0x0000000083500000, 0x0000000083600000, 0x0000000083600000|100%| O|  |TAMS 0x0000000083600000, 0x0000000083500000| Untracked 
|  54|0x0000000083600000, 0x0000000083700000, 0x0000000083700000|100%| O|  |TAMS 0x0000000083700000, 0x0000000083600000| Untracked 
|  55|0x0000000083700000, 0x0000000083800000, 0x0000000083800000|100%| O|  |TAMS 0x0000000083800000, 0x0000000083700000| Untracked 
|  56|0x0000000083800000, 0x0000000083900000, 0x0000000083900000|100%| O|  |TAMS 0x0000000083900000, 0x0000000083800000| Complete 
|  57|0x0000000083900000, 0x0000000083a00000, 0x0000000083a00000|100%| O|  |TAMS 0x0000000083a00000, 0x0000000083900000| Complete 
|  58|0x0000000083a00000, 0x0000000083b00000, 0x0000000083b00000|100%| O|  |TAMS 0x0000000083b00000, 0x0000000083a00000| Complete 
|  59|0x0000000083b00000, 0x0000000083c00000, 0x0000000083c00000|100%| O|  |TAMS 0x0000000083c00000, 0x0000000083b00000| Complete 
|  60|0x0000000083c00000, 0x0000000083d00000, 0x0000000083d00000|100%| O|  |TAMS 0x0000000083d00000, 0x0000000083c00000| Complete 
|  61|0x0000000083d00000, 0x0000000083e00000, 0x0000000083e00000|100%| O|  |TAMS 0x0000000083e00000, 0x0000000083d00000| Untracked 
|  62|0x0000000083e00000, 0x0000000083f00000, 0x0000000083f00000|100%| O|  |TAMS 0x0000000083f00000, 0x0000000083e00000| Untracked 
|  63|0x0000000083f00000, 0x0000000084000000, 0x0000000084000000|100%| O|  |TAMS 0x0000000084000000, 0x0000000083f00000| Untracked 
|  64|0x0000000084000000, 0x0000000084100000, 0x0000000084100000|100%| O|  |TAMS 0x0000000084100000, 0x0000000084000000| Untracked 
|  65|0x0000000084100000, 0x0000000084200000, 0x0000000084200000|100%| O|  |TAMS 0x0000000084200000, 0x0000000084100000| Untracked 
|  66|0x0000000084200000, 0x0000000084300000, 0x0000000084300000|100%| O|  |TAMS 0x0000000084300000, 0x0000000084200000| Complete 
|  67|0x0000000084300000, 0x0000000084400000, 0x0000000084400000|100%| O|  |TAMS 0x0000000084400000, 0x0000000084300000| Untracked 
|  68|0x0000000084400000, 0x0000000084500000, 0x0000000084500000|100%| O|  |TAMS 0x0000000084500000, 0x0000000084400000| Complete 
|  69|0x0000000084500000, 0x0000000084600000, 0x0000000084600000|100%| O|  |TAMS 0x0000000084600000, 0x0000000084500000| Complete 
|  70|0x0000000084600000, 0x0000000084700000, 0x0000000084700000|100%| O|  |TAMS 0x0000000084700000, 0x0000000084600000| Complete 
|  71|0x0000000084700000, 0x0000000084800000, 0x0000000084800000|100%| O|  |TAMS 0x0000000084800000, 0x0000000084700000| Complete 
|  72|0x0000000084800000, 0x0000000084900000, 0x0000000084900000|100%| O|  |TAMS 0x0000000084900000, 0x0000000084800000| Untracked 
|  73|0x0000000084900000, 0x0000000084a00000, 0x0000000084a00000|100%| O|  |TAMS 0x0000000084a00000, 0x0000000084900000| Complete 
|  74|0x0000000084a00000, 0x0000000084b00000, 0x0000000084b00000|100%| O|  |TAMS 0x0000000084b00000, 0x0000000084a00000| Untracked 
|  75|0x0000000084b00000, 0x0000000084c00000, 0x0000000084c00000|100%| O|  |TAMS 0x0000000084c00000, 0x0000000084b00000| Untracked 
|  76|0x0000000084c00000, 0x0000000084d00000, 0x0000000084d00000|100%| O|  |TAMS 0x0000000084d00000, 0x0000000084c00000| Complete 
|  77|0x0000000084d00000, 0x0000000084e00000, 0x0000000084e00000|100%| O|  |TAMS 0x0000000084e00000, 0x0000000084d00000| Complete 
|  78|0x0000000084e00000, 0x0000000084f00000, 0x0000000084f00000|100%| O|  |TAMS 0x0000000084f00000, 0x0000000084e00000| Complete 
|  79|0x0000000084f00000, 0x0000000085000000, 0x0000000085000000|100%| O|  |TAMS 0x0000000085000000, 0x0000000084f00000| Complete 
|  80|0x0000000085000000, 0x0000000085100000, 0x0000000085100000|100%| O|  |TAMS 0x0000000085100000, 0x0000000085000000| Untracked 
|  81|0x0000000085100000, 0x0000000085200000, 0x0000000085200000|100%| O|  |TAMS 0x0000000085200000, 0x0000000085100000| Untracked 
|  82|0x0000000085200000, 0x0000000085300000, 0x0000000085300000|100%| O|  |TAMS 0x0000000085300000, 0x0000000085200000| Complete 
|  83|0x0000000085300000, 0x0000000085400000, 0x0000000085400000|100%| O|  |TAMS 0x0000000085400000, 0x0000000085300000| Complete 
|  84|0x0000000085400000, 0x0000000085500000, 0x0000000085500000|100%| O|  |TAMS 0x0000000085500000, 0x0000000085400000| Complete 
|  85|0x0000000085500000, 0x0000000085600000, 0x0000000085600000|100%| O|  |TAMS 0x0000000085600000, 0x0000000085500000| Complete 
|  86|0x0000000085600000, 0x0000000085700000, 0x0000000085700000|100%| O|  |TAMS 0x0000000085700000, 0x0000000085600000| Untracked 
|  87|0x0000000085700000, 0x0000000085800000, 0x0000000085800000|100%| O|  |TAMS 0x0000000085800000, 0x0000000085700000| Untracked 
|  88|0x0000000085800000, 0x0000000085900000, 0x0000000085900000|100%| O|  |TAMS 0x0000000085900000, 0x0000000085800000| Untracked 
|  89|0x0000000085900000, 0x0000000085a00000, 0x0000000085a00000|100%| O|  |TAMS 0x0000000085a00000, 0x0000000085900000| Untracked 
|  90|0x0000000085a00000, 0x0000000085b00000, 0x0000000085b00000|100%| O|  |TAMS 0x0000000085a81000, 0x0000000085a00000| Complete 
|  91|0x0000000085b00000, 0x0000000085c00000, 0x0000000085c00000|100%| O|  |TAMS 0x0000000085c00000, 0x0000000085b00000| Complete 
|  92|0x0000000085c00000, 0x0000000085d00000, 0x0000000085d00000|100%| O|  |TAMS 0x0000000085d00000, 0x0000000085c00000| Untracked 
|  93|0x0000000085d00000, 0x0000000085e00000, 0x0000000085e00000|100%| O|  |TAMS 0x0000000085e00000, 0x0000000085d00000| Untracked 
|  94|0x0000000085e00000, 0x0000000085f00000, 0x0000000085f00000|100%| O|  |TAMS 0x0000000085f00000, 0x0000000085e00000| Untracked 
|  95|0x0000000085f00000, 0x0000000086000000, 0x0000000086000000|100%| O|  |TAMS 0x0000000086000000, 0x0000000085f00000| Complete 
|  96|0x0000000086000000, 0x0000000086100000, 0x0000000086100000|100%| O|  |TAMS 0x0000000086100000, 0x0000000086000000| Complete 
|  97|0x0000000086100000, 0x0000000086200000, 0x0000000086200000|100%| O|  |TAMS 0x0000000086200000, 0x0000000086100000| Complete 
|  98|0x0000000086200000, 0x0000000086300000, 0x0000000086300000|100%| O|  |TAMS 0x0000000086300000, 0x0000000086200000| Untracked 
|  99|0x0000000086300000, 0x0000000086400000, 0x0000000086400000|100%| O|  |TAMS 0x0000000086400000, 0x0000000086300000| Untracked 
| 100|0x0000000086400000, 0x0000000086500000, 0x0000000086500000|100%| O|  |TAMS 0x0000000086500000, 0x0000000086400000| Untracked 
| 101|0x0000000086500000, 0x0000000086600000, 0x0000000086600000|100%| O|  |TAMS 0x0000000086600000, 0x0000000086500000| Untracked 
| 102|0x0000000086600000, 0x0000000086700000, 0x0000000086700000|100%| O|  |TAMS 0x0000000086700000, 0x0000000086600000| Untracked 
| 103|0x0000000086700000, 0x0000000086800000, 0x0000000086800000|100%| O|  |TAMS 0x0000000086800000, 0x0000000086700000| Untracked 
| 104|0x0000000086800000, 0x0000000086900000, 0x0000000086900000|100%|HS|  |TAMS 0x0000000086900000, 0x0000000086800000| Complete 
| 105|0x0000000086900000, 0x0000000086a00000, 0x0000000086a00000|100%|HC|  |TAMS 0x0000000086a00000, 0x0000000086900000| Complete 
| 106|0x0000000086a00000, 0x0000000086b00000, 0x0000000086b00000|100%| O|  |TAMS 0x0000000086b00000, 0x0000000086a00000| Untracked 
| 107|0x0000000086b00000, 0x0000000086c00000, 0x0000000086c00000|100%| O|  |TAMS 0x0000000086c00000, 0x0000000086b00000| Complete 
| 108|0x0000000086c00000, 0x0000000086d00000, 0x0000000086d00000|100%| O|  |TAMS 0x0000000086d00000, 0x0000000086c00000| Untracked 
| 109|0x0000000086d00000, 0x0000000086e00000, 0x0000000086e00000|100%| O|  |TAMS 0x0000000086e00000, 0x0000000086d00000| Untracked 
| 110|0x0000000086e00000, 0x0000000086f00000, 0x0000000086f00000|100%| O|  |TAMS 0x0000000086f00000, 0x0000000086e00000| Untracked 
| 111|0x0000000086f00000, 0x0000000087000000, 0x0000000087000000|100%| O|  |TAMS 0x0000000087000000, 0x0000000086f00000| Untracked 
| 112|0x0000000087000000, 0x0000000087100000, 0x0000000087100000|100%| O|  |TAMS 0x0000000087100000, 0x0000000087000000| Complete 
| 113|0x0000000087100000, 0x0000000087200000, 0x0000000087200000|100%| O|  |TAMS 0x0000000087100000, 0x0000000087100000| Untracked 
| 114|0x0000000087200000, 0x0000000087300000, 0x0000000087300000|100%| O|  |TAMS 0x0000000087300000, 0x0000000087200000| Complete 
| 115|0x0000000087300000, 0x0000000087400000, 0x0000000087400000|100%| O|  |TAMS 0x0000000087400000, 0x0000000087300000| Untracked 
| 116|0x0000000087400000, 0x0000000087500000, 0x0000000087500000|100%| O|  |TAMS 0x0000000087500000, 0x0000000087400000| Complete 
| 117|0x0000000087500000, 0x0000000087600000, 0x0000000087600000|100%| O|  |TAMS 0x0000000087500000, 0x0000000087500000| Untracked 
| 118|0x0000000087600000, 0x0000000087700000, 0x0000000087700000|100%| O|  |TAMS 0x0000000087700000, 0x0000000087600000| Complete 
| 119|0x0000000087700000, 0x0000000087800000, 0x0000000087800000|100%| O|  |TAMS 0x0000000087800000, 0x0000000087700000| Complete 
| 120|0x0000000087800000, 0x0000000087900000, 0x0000000087900000|100%| O|  |TAMS 0x0000000087900000, 0x0000000087800000| Complete 
| 121|0x0000000087900000, 0x0000000087a00000, 0x0000000087a00000|100%| O|  |TAMS 0x0000000087a00000, 0x0000000087900000| Complete 
| 122|0x0000000087a00000, 0x0000000087b00000, 0x0000000087b00000|100%| O|  |TAMS 0x0000000087b00000, 0x0000000087a00000| Untracked 
| 123|0x0000000087b00000, 0x0000000087c00000, 0x0000000087c00000|100%| O|  |TAMS 0x0000000087c00000, 0x0000000087b00000| Complete 
| 124|0x0000000087c00000, 0x0000000087d00000, 0x0000000087d00000|100%| O|  |TAMS 0x0000000087d00000, 0x0000000087c00000| Complete 
| 125|0x0000000087d00000, 0x0000000087e00000, 0x0000000087e00000|100%| O|  |TAMS 0x0000000087e00000, 0x0000000087d00000| Untracked 
| 126|0x0000000087e00000, 0x0000000087f00000, 0x0000000087f00000|100%| O|  |TAMS 0x0000000087f00000, 0x0000000087e00000| Complete 
| 127|0x0000000087f00000, 0x0000000088000000, 0x0000000088000000|100%| O|  |TAMS 0x0000000088000000, 0x0000000087f00000| Complete 
| 128|0x0000000088000000, 0x0000000088100000, 0x0000000088100000|100%| O|  |TAMS 0x0000000088100000, 0x0000000088000000| Complete 
| 129|0x0000000088100000, 0x0000000088200000, 0x0000000088200000|100%| O|  |TAMS 0x0000000088200000, 0x0000000088100000| Complete 
| 130|0x0000000088200000, 0x0000000088300000, 0x0000000088300000|100%| O|  |TAMS 0x0000000088300000, 0x0000000088200000| Complete 
| 131|0x0000000088300000, 0x0000000088400000, 0x0000000088400000|100%| O|  |TAMS 0x0000000088400000, 0x0000000088300000| Untracked 
| 132|0x0000000088400000, 0x0000000088500000, 0x0000000088500000|100%| O|  |TAMS 0x0000000088500000, 0x0000000088400000| Untracked 
| 133|0x0000000088500000, 0x0000000088600000, 0x0000000088600000|100%| O|  |TAMS 0x0000000088600000, 0x0000000088500000| Untracked 
| 134|0x0000000088600000, 0x0000000088700000, 0x0000000088700000|100%| O|  |TAMS 0x0000000088700000, 0x0000000088600000| Untracked 
| 135|0x0000000088700000, 0x0000000088800000, 0x0000000088800000|100%| O|  |TAMS 0x0000000088800000, 0x0000000088700000| Complete 
| 136|0x0000000088800000, 0x0000000088900000, 0x0000000088900000|100%| O|  |TAMS 0x0000000088900000, 0x0000000088800000| Complete 
| 137|0x0000000088900000, 0x0000000088a00000, 0x0000000088a00000|100%| O|  |TAMS 0x0000000088900000, 0x0000000088900000| Untracked 
| 138|0x0000000088a00000, 0x0000000088b00000, 0x0000000088b00000|100%| O|  |TAMS 0x0000000088a00000, 0x0000000088a00000| Untracked 
| 139|0x0000000088b00000, 0x0000000088c00000, 0x0000000088c00000|100%| O|  |TAMS 0x0000000088b00000, 0x0000000088b00000| Untracked 
| 140|0x0000000088c00000, 0x0000000088d00000, 0x0000000088d00000|100%| O|  |TAMS 0x0000000088c00000, 0x0000000088c00000| Untracked 
| 141|0x0000000088d00000, 0x0000000088e00000, 0x0000000088e00000|100%| O|  |TAMS 0x0000000088d00000, 0x0000000088d00000| Untracked 
| 142|0x0000000088e00000, 0x0000000088f00000, 0x0000000088f00000|100%| O|  |TAMS 0x0000000088e00000, 0x0000000088e00000| Untracked 
| 143|0x0000000088f00000, 0x0000000088f86200, 0x0000000089000000| 52%| O|  |TAMS 0x0000000088f00000, 0x0000000088f00000| Untracked 
| 144|0x0000000089000000, 0x0000000089000000, 0x0000000089100000|  0%| F|  |TAMS 0x0000000089000000, 0x0000000089000000| Untracked 
| 145|0x0000000089100000, 0x0000000089100000, 0x0000000089200000|  0%| F|  |TAMS 0x0000000089100000, 0x0000000089100000| Untracked 
| 146|0x0000000089200000, 0x0000000089200000, 0x0000000089300000|  0%| F|  |TAMS 0x0000000089200000, 0x0000000089200000| Untracked 
| 147|0x0000000089300000, 0x0000000089300000, 0x0000000089400000|  0%| F|  |TAMS 0x0000000089300000, 0x0000000089300000| Untracked 
| 148|0x0000000089400000, 0x0000000089400000, 0x0000000089500000|  0%| F|  |TAMS 0x0000000089400000, 0x0000000089400000| Untracked 
| 149|0x0000000089500000, 0x0000000089500000, 0x0000000089600000|  0%| F|  |TAMS 0x0000000089500000, 0x0000000089500000| Untracked 
| 150|0x0000000089600000, 0x0000000089600000, 0x0000000089700000|  0%| F|  |TAMS 0x0000000089600000, 0x0000000089600000| Untracked 
| 151|0x0000000089700000, 0x0000000089700000, 0x0000000089800000|  0%| F|  |TAMS 0x0000000089700000, 0x0000000089700000| Untracked 
| 152|0x0000000089800000, 0x0000000089800000, 0x0000000089900000|  0%| F|  |TAMS 0x0000000089800000, 0x0000000089800000| Untracked 
| 153|0x0000000089900000, 0x0000000089900000, 0x0000000089a00000|  0%| F|  |TAMS 0x0000000089900000, 0x0000000089900000| Untracked 
| 154|0x0000000089a00000, 0x0000000089a00000, 0x0000000089b00000|  0%| F|  |TAMS 0x0000000089a00000, 0x0000000089a00000| Untracked 
| 155|0x0000000089b00000, 0x0000000089b00000, 0x0000000089c00000|  0%| F|  |TAMS 0x0000000089b00000, 0x0000000089b00000| Untracked 
| 156|0x0000000089c00000, 0x0000000089c00000, 0x0000000089d00000|  0%| F|  |TAMS 0x0000000089c00000, 0x0000000089c00000| Untracked 
| 157|0x0000000089d00000, 0x0000000089d00000, 0x0000000089e00000|  0%| F|  |TAMS 0x0000000089d00000, 0x0000000089d00000| Untracked 
| 158|0x0000000089e00000, 0x0000000089e00000, 0x0000000089f00000|  0%| F|  |TAMS 0x0000000089e00000, 0x0000000089e00000| Untracked 
| 159|0x0000000089f00000, 0x0000000089f00000, 0x000000008a000000|  0%| F|  |TAMS 0x0000000089f00000, 0x0000000089f00000| Untracked 
| 160|0x000000008a000000, 0x000000008a000000, 0x000000008a100000|  0%| F|  |TAMS 0x000000008a000000, 0x000000008a000000| Untracked 
| 161|0x000000008a100000, 0x000000008a100000, 0x000000008a200000|  0%| F|  |TAMS 0x000000008a100000, 0x000000008a100000| Untracked 
| 162|0x000000008a200000, 0x000000008a200000, 0x000000008a300000|  0%| F|  |TAMS 0x000000008a200000, 0x000000008a200000| Untracked 
| 163|0x000000008a300000, 0x000000008a300000, 0x000000008a400000|  0%| F|  |TAMS 0x000000008a300000, 0x000000008a300000| Untracked 
| 164|0x000000008a400000, 0x000000008a400000, 0x000000008a500000|  0%| F|  |TAMS 0x000000008a400000, 0x000000008a400000| Untracked 
| 165|0x000000008a500000, 0x000000008a500000, 0x000000008a600000|  0%| F|  |TAMS 0x000000008a500000, 0x000000008a500000| Untracked 
| 166|0x000000008a600000, 0x000000008a600000, 0x000000008a700000|  0%| F|  |TAMS 0x000000008a600000, 0x000000008a600000| Untracked 
| 167|0x000000008a700000, 0x000000008a700000, 0x000000008a800000|  0%| F|  |TAMS 0x000000008a700000, 0x000000008a700000| Untracked 
| 168|0x000000008a800000, 0x000000008a800000, 0x000000008a900000|  0%| F|  |TAMS 0x000000008a800000, 0x000000008a800000| Untracked 
| 169|0x000000008a900000, 0x000000008aa00000, 0x000000008aa00000|100%| S|CS|TAMS 0x000000008a900000, 0x000000008a900000| Complete 
| 170|0x000000008aa00000, 0x000000008ab00000, 0x000000008ab00000|100%| S|CS|TAMS 0x000000008aa00000, 0x000000008aa00000| Complete 
| 171|0x000000008ab00000, 0x000000008ab00000, 0x000000008ac00000|  0%| F|  |TAMS 0x000000008ab00000, 0x000000008ab00000| Untracked 
| 172|0x000000008ac00000, 0x000000008ac00000, 0x000000008ad00000|  0%| F|  |TAMS 0x000000008ac00000, 0x000000008ac00000| Untracked 
| 173|0x000000008ad00000, 0x000000008ad00000, 0x000000008ae00000|  0%| F|  |TAMS 0x000000008ad00000, 0x000000008ad00000| Untracked 
| 174|0x000000008ae00000, 0x000000008ae00000, 0x000000008af00000|  0%| F|  |TAMS 0x000000008ae00000, 0x000000008ae00000| Untracked 
| 175|0x000000008af00000, 0x000000008af00000, 0x000000008b000000|  0%| F|  |TAMS 0x000000008af00000, 0x000000008af00000| Untracked 
| 176|0x000000008b000000, 0x000000008b000000, 0x000000008b100000|  0%| F|  |TAMS 0x000000008b000000, 0x000000008b000000| Untracked 
| 177|0x000000008b100000, 0x000000008b100000, 0x000000008b200000|  0%| F|  |TAMS 0x000000008b100000, 0x000000008b100000| Untracked 
| 178|0x000000008b200000, 0x000000008b200000, 0x000000008b300000|  0%| F|  |TAMS 0x000000008b200000, 0x000000008b200000| Untracked 
| 179|0x000000008b300000, 0x000000008b300000, 0x000000008b400000|  0%| F|  |TAMS 0x000000008b300000, 0x000000008b300000| Untracked 
| 180|0x000000008b400000, 0x000000008b400000, 0x000000008b500000|  0%| F|  |TAMS 0x000000008b400000, 0x000000008b400000| Untracked 
| 181|0x000000008b500000, 0x000000008b500000, 0x000000008b600000|  0%| F|  |TAMS 0x000000008b500000, 0x000000008b500000| Untracked 
| 182|0x000000008b600000, 0x000000008b600000, 0x000000008b700000|  0%| F|  |TAMS 0x000000008b600000, 0x000000008b600000| Untracked 
| 183|0x000000008b700000, 0x000000008b700000, 0x000000008b800000|  0%| F|  |TAMS 0x000000008b700000, 0x000000008b700000| Untracked 
| 184|0x000000008b800000, 0x000000008b800000, 0x000000008b900000|  0%| F|  |TAMS 0x000000008b800000, 0x000000008b800000| Untracked 

Card table byte_map: [0x000001c19cf70000,0x000001c19d370000] _byte_map_base: 0x000001c19cb70000

Marking Bits (Prev, Next): (CMBitMap*) 0x000001c189bdc2d0, (CMBitMap*) 0x000001c189bdc298
 Prev Bits: [0x000001c19f770000, 0x000001c1a1770000)
 Next Bits: [0x000001c19d770000, 0x000001c19f770000)

Polling page: 0x000001c189c80000

Metaspace:

Usage:
  Non-class:    106.84 MB capacity,   104.71 MB ( 98%) used,     1.78 MB (  2%) free+waste,   360.19 KB ( <1%) overhead. 
      Class:     16.40 MB capacity,    15.22 MB ( 93%) used,     1.02 MB (  6%) free+waste,   163.69 KB ( <1%) overhead. 
       Both:    123.24 MB capacity,   119.93 MB ( 97%) used,     2.80 MB (  2%) free+waste,   523.88 KB ( <1%) overhead. 

Virtual space:
  Non-class space:      108.00 MB reserved,     107.04 MB (>99%) committed 
      Class space:        1.00 GB reserved,      16.45 MB (  2%) committed 
             Both:        1.11 GB reserved,     123.48 MB ( 11%) committed 

Chunk freelists:
   Non-Class:  11.00 KB
       Class:  5.00 KB
        Both:  16.00 KB

MaxMetaspaceSize: 17179869184.00 GB
CompressedClassSpaceSize: 1.00 GB

CodeHeap 'non-profiled nmethods': size=120064Kb used=7941Kb max_used=8261Kb free=112122Kb
 bounds [0x000001c195000000, 0x000001c195820000, 0x000001c19c540000]
CodeHeap 'profiled nmethods': size=120000Kb used=30905Kb max_used=31635Kb free=89094Kb
 bounds [0x000001c18dad0000, 0x000001c18fa50000, 0x000001c195000000]
CodeHeap 'non-nmethods': size=5696Kb used=2355Kb max_used=2403Kb free=3340Kb
 bounds [0x000001c18d540000, 0x000001c18d7b0000, 0x000001c18dad0000]
 total_blobs=15401 nmethods=14422 adapters=889
 compilation: enabled
              stopped_count=0, restarted_count=0
 full_count=0

Compilation events (20 events):
Event: 603.018 Thread 0x000001c1a3dcf000 16009       2       com.android.tools.r8.v.b.q::b (77 bytes)
Event: 603.018 Thread 0x000001c1a3dcf000 nmethod 16009 0x000001c18e038d90 code [0x000001c18e038f60, 0x000001c18e0391b8]
Event: 603.018 Thread 0x000001c1a3dcf000 16002       1       com.android.tools.r8.v.a.t.v::D (2 bytes)
Event: 603.018 Thread 0x000001c1a3dcf000 nmethod 16002 0x000001c19523e890 code [0x000001c19523ea40, 0x000001c19523eaf8]
Event: 603.018 Thread 0x000001c1a3dcf000 16010       2       com.android.tools.r8.graph.g1::b (246 bytes)
Event: 603.019 Thread 0x000001c1a3dcf000 nmethod 16010 0x000001c18e11c290 code [0x000001c18e11c540, 0x000001c18e11cf88]
Event: 603.019 Thread 0x000001c1a3dcf000 16014       2       com.android.tools.r8.r.o.Q::<init> (118 bytes)
Event: 603.019 Thread 0x000001c1a3dcf000 nmethod 16014 0x000001c18e038990 code [0x000001c18e038b40, 0x000001c18e038cd8]
Event: 603.019 Thread 0x000001c1a3dcf000 16015       2       com.android.tools.r8.D8$$Lambda$1304/0x0000000100f6d440::accept (12 bytes)
Event: 603.019 Thread 0x000001c1a3dcf000 nmethod 16015 0x000001c18e03dc10 code [0x000001c18e03dde0, 0x000001c18e03e028]
Event: 603.019 Thread 0x000001c1a3dcf000 16016       2       com.android.tools.r8.D8::a (15 bytes)
Event: 603.019 Thread 0x000001c1a3dc8800 nmethod 15936 0x000001c19524f790 code [0x000001c19524f960, 0x000001c19524fe18]
Event: 603.019 Thread 0x000001c1a3dcf000 nmethod 16016 0x000001c18e03d690 code [0x000001c18e03d860, 0x000001c18e03da48]
Event: 603.020 Thread 0x000001c1a3dcf000 16017       2       com.android.tools.r8.graph.n0::s0 (9 bytes)
Event: 603.020 Thread 0x000001c1a3dc8800 16011   !   4       java.util.concurrent.ConcurrentHashMap::putVal (432 bytes)
Event: 603.020 Thread 0x000001c1a3dcf000 nmethod 16017 0x000001c18e046510 code [0x000001c18e0466e0, 0x000001c18e0468b8]
Event: 603.020 Thread 0x000001c1a3dcf000 16018       2       com.android.tools.r8.graph.n0::d (16 bytes)
Event: 603.020 Thread 0x000001c1a3dcf000 nmethod 16018 0x000001c18e038510 code [0x000001c18e0386c0, 0x000001c18e038868]
Event: 603.020 Thread 0x000001c1a3dcf000 16003       1       com.android.tools.r8.v.b.h0::W1 (3 bytes)
Event: 603.020 Thread 0x000001c1a3dcf000 nmethod 16003 0x000001c19523e590 code [0x000001c19523e740, 0x000001c19523e7f8]

GC Heap History (20 events):
Event: 601.372 GC heap after
{Heap after GC invocations=45 (full 0):
 garbage-first heap   total 189440K, used 125844K [0x0000000080000000, 0x0000000100000000)
  region size 1024K, 5 young (5120K), 5 survivors (5120K)
 Metaspace       used 119846K, capacity 123162K, committed 123248K, reserved 1157120K
  class space    used 15245K, capacity 16399K, committed 16460K, reserved 1048576K
}
Event: 601.594 GC heap before
{Heap before GC invocations=45 (full 0):
 garbage-first heap   total 189440K, used 129940K [0x0000000080000000, 0x0000000100000000)
  region size 1024K, 9 young (9216K), 5 survivors (5120K)
 Metaspace       used 120513K, capacity 123815K, committed 124144K, reserved 1157120K
  class space    used 15347K, capacity 16512K, committed 16588K, reserved 1048576K
}
Event: 601.864 GC heap after
{Heap after GC invocations=46 (full 0):
 garbage-first heap   total 189440K, used 118901K [0x0000000080000000, 0x0000000100000000)
  region size 1024K, 1 young (1024K), 1 survivors (1024K)
 Metaspace       used 120513K, capacity 123815K, committed 124144K, reserved 1157120K
  class space    used 15347K, capacity 16512K, committed 16588K, reserved 1048576K
}
Event: 602.050 GC heap before
{Heap before GC invocations=46 (full 0):
 garbage-first heap   total 189440K, used 134261K [0x0000000080000000, 0x0000000100000000)
  region size 1024K, 17 young (17408K), 1 survivors (1024K)
 Metaspace       used 121062K, capacity 124445K, committed 124784K, reserved 1157120K
  class space    used 15424K, capacity 16613K, committed 16716K, reserved 1048576K
}
Event: 602.055 GC heap after
{Heap after GC invocations=47 (full 0):
 garbage-first heap   total 189440K, used 117073K [0x0000000080000000, 0x0000000100000000)
  region size 1024K, 2 young (2048K), 2 survivors (2048K)
 Metaspace       used 121062K, capacity 124445K, committed 124784K, reserved 1157120K
  class space    used 15424K, capacity 16613K, committed 16716K, reserved 1048576K
}
Event: 602.155 GC heap before
{Heap before GC invocations=47 (full 0):
 garbage-first heap   total 189440K, used 150865K [0x0000000080000000, 0x0000000100000000)
  region size 1024K, 34 young (34816K), 2 survivors (2048K)
 Metaspace       used 121127K, capacity 124449K, committed 124784K, reserved 1157120K
  class space    used 15431K, capacity 16614K, committed 16716K, reserved 1048576K
}
Event: 602.167 GC heap after
{Heap after GC invocations=48 (full 0):
 garbage-first heap   total 189440K, used 127034K [0x0000000080000000, 0x0000000100000000)
  region size 1024K, 5 young (5120K), 5 survivors (5120K)
 Metaspace       used 121127K, capacity 124449K, committed 124784K, reserved 1157120K
  class space    used 15431K, capacity 16614K, committed 16716K, reserved 1048576K
}
Event: 602.333 GC heap before
{Heap before GC invocations=48 (full 0):
 garbage-first heap   total 189440K, used 151610K [0x0000000080000000, 0x0000000100000000)
  region size 1024K, 30 young (30720K), 5 survivors (5120K)
 Metaspace       used 121550K, capacity 124909K, committed 125040K, reserved 1157120K
  class space    used 15478K, capacity 16681K, committed 16716K, reserved 1048576K
}
Event: 602.343 GC heap after
{Heap after GC invocations=49 (full 0):
 garbage-first heap   total 189440K, used 133544K [0x0000000080000000, 0x0000000100000000)
  region size 1024K, 4 young (4096K), 4 survivors (4096K)
 Metaspace       used 121550K, capacity 124909K, committed 125040K, reserved 1157120K
  class space    used 15478K, capacity 16681K, committed 16716K, reserved 1048576K
}
Event: 602.472 GC heap before
{Heap before GC invocations=50 (full 0):
 garbage-first heap   total 189440K, used 155048K [0x0000000080000000, 0x0000000100000000)
  region size 1024K, 26 young (26624K), 4 survivors (4096K)
 Metaspace       used 121866K, capacity 125241K, committed 125424K, reserved 1159168K
  class space    used 15518K, capacity 16725K, committed 16844K, reserved 1048576K
}
Event: 602.484 GC heap after
{Heap after GC invocations=51 (full 0):
 garbage-first heap   total 189440K, used 138240K [0x0000000080000000, 0x0000000100000000)
  region size 1024K, 4 young (4096K), 4 survivors (4096K)
 Metaspace       used 121866K, capacity 125241K, committed 125424K, reserved 1159168K
  class space    used 15518K, capacity 16725K, committed 16844K, reserved 1048576K
}
Event: 602.521 GC heap before
{Heap before GC invocations=51 (full 0):
 garbage-first heap   total 189440K, used 143360K [0x0000000080000000, 0x0000000100000000)
  region size 1024K, 9 young (9216K), 4 survivors (4096K)
 Metaspace       used 122076K, capacity 125472K, committed 125680K, reserved 1159168K
  class space    used 15551K, capacity 16759K, committed 16844K, reserved 1048576K
}
Event: 602.533 GC heap after
{Heap after GC invocations=52 (full 0):
 garbage-first heap   total 189440K, used 137441K [0x0000000080000000, 0x0000000100000000)
  region size 1024K, 2 young (2048K), 2 survivors (2048K)
 Metaspace       used 122076K, capacity 125472K, committed 125680K, reserved 1159168K
  class space    used 15551K, capacity 16759K, committed 16844K, reserved 1048576K
}
Event: 602.642 GC heap before
{Heap before GC invocations=52 (full 0):
 garbage-first heap   total 189440K, used 156897K [0x0000000080000000, 0x0000000100000000)
  region size 1024K, 21 young (21504K), 2 survivors (2048K)
 Metaspace       used 122324K, capacity 125679K, committed 125936K, reserved 1159168K
  class space    used 15565K, capacity 16759K, committed 16844K, reserved 1048576K
}
Event: 602.659 GC heap after
{Heap after GC invocations=53 (full 0):
 garbage-first heap   total 189440K, used 140804K [0x0000000080000000, 0x0000000100000000)
  region size 1024K, 3 young (3072K), 3 survivors (3072K)
 Metaspace       used 122324K, capacity 125679K, committed 125936K, reserved 1159168K
  class space    used 15565K, capacity 16759K, committed 16844K, reserved 1048576K
}
Event: 602.766 GC heap before
{Heap before GC invocations=53 (full 0):
 garbage-first heap   total 189440K, used 158212K [0x0000000080000000, 0x0000000100000000)
  region size 1024K, 20 young (20480K), 3 survivors (3072K)
 Metaspace       used 122536K, capacity 125946K, committed 126192K, reserved 1159168K
  class space    used 15575K, capacity 16759K, committed 16844K, reserved 1048576K
}
Event: 602.777 GC heap after
{Heap after GC invocations=54 (full 0):
 garbage-first heap   total 189440K, used 144041K [0x0000000080000000, 0x0000000100000000)
  region size 1024K, 3 young (3072K), 3 survivors (3072K)
 Metaspace       used 122536K, capacity 125946K, committed 126192K, reserved 1159168K
  class space    used 15575K, capacity 16759K, committed 16844K, reserved 1048576K
}
Event: 602.861 GC heap before
{Heap before GC invocations=54 (full 0):
 garbage-first heap   total 189440K, used 160425K [0x0000000080000000, 0x0000000100000000)
  region size 1024K, 19 young (19456K), 3 survivors (3072K)
 Metaspace       used 122601K, capacity 125949K, committed 126192K, reserved 1159168K
  class space    used 15575K, capacity 16759K, committed 16844K, reserved 1048576K
}
Event: 602.881 GC heap after
{Heap after GC invocations=55 (full 0):
 garbage-first heap   total 189440K, used 146873K [0x0000000080000000, 0x0000000100000000)
  region size 1024K, 3 young (3072K), 3 survivors (3072K)
 Metaspace       used 122601K, capacity 125949K, committed 126192K, reserved 1159168K
  class space    used 15575K, capacity 16759K, committed 16844K, reserved 1048576K
}
Event: 603.021 GC heap before
{Heap before GC invocations=56 (full 0):
 garbage-first heap   total 189440K, used 161209K [0x0000000080000000, 0x0000000100000000)
  region size 1024K, 17 young (17408K), 3 survivors (3072K)
 Metaspace       used 122808K, capacity 126196K, committed 126448K, reserved 1159168K
  class space    used 15589K, capacity 16795K, committed 16844K, reserved 1048576K
}

Deoptimization events (20 events):
Event: 602.631 Thread 0x000001c1aa652000 DEOPT PACKING pc=0x000001c18db64dc0 sp=0x00000034de1fab50
Event: 602.631 Thread 0x000001c1aa652000 DEOPT UNPACKING pc=0x000001c18d5672ce sp=0x00000034de1fa058 mode 0
Event: 602.633 Thread 0x000001c1aa652000 DEOPT PACKING pc=0x000001c18f8819c3 sp=0x00000034de1fa6c0
Event: 602.633 Thread 0x000001c1aa652000 DEOPT UNPACKING pc=0x000001c18d5672ce sp=0x00000034de1f9c00 mode 0
Event: 602.635 Thread 0x000001c1aa652000 DEOPT PACKING pc=0x000001c18db659e8 sp=0x00000034de1fa7b0
Event: 602.635 Thread 0x000001c1aa652000 DEOPT UNPACKING pc=0x000001c18d5672ce sp=0x00000034de1f9cd8 mode 0
Event: 602.678 Thread 0x000001c1aa64e800 Uncommon trap: trap_request=0xffffff7e fr.pc=0x000001c19579f664 relative=0x0000000000000244
Event: 602.678 Thread 0x000001c1aa64e800 Uncommon trap: reason=predicate action=maybe_recompile pc=0x000001c19579f664 method=com.android.tools.r8.graph.q0.a([C)I @ 8 c2
Event: 602.678 Thread 0x000001c1aa64e800 DEOPT PACKING pc=0x000001c19579f664 sp=0x00000034de2fa330
Event: 602.678 Thread 0x000001c1aa64e800 DEOPT UNPACKING pc=0x000001c18d5674af sp=0x00000034de2fa2b8 mode 2
Event: 602.754 Thread 0x000001c1aa64e800 DEOPT PACKING pc=0x000001c18f986be3 sp=0x00000034de2f9b50
Event: 602.754 Thread 0x000001c1aa64e800 DEOPT UNPACKING pc=0x000001c18d5672ce sp=0x00000034de2f8fe0 mode 0
Event: 602.923 Thread 0x000001c1aa652000 DEOPT PACKING pc=0x000001c18f89ef16 sp=0x00000034de1fae10
Event: 602.923 Thread 0x000001c1aa652000 DEOPT UNPACKING pc=0x000001c18d5672ce sp=0x00000034de1fa340 mode 0
Event: 602.971 Thread 0x000001c1aa652000 DEOPT PACKING pc=0x000001c18f92eb9b sp=0x00000034de1fa580
Event: 602.971 Thread 0x000001c1aa652000 DEOPT UNPACKING pc=0x000001c18d5672ce sp=0x00000034de1f9d10 mode 0
Event: 603.008 Thread 0x000001c1aa64e800 DEOPT PACKING pc=0x000001c18dc39ec6 sp=0x00000034de2f9bb0
Event: 603.008 Thread 0x000001c1aa64e800 DEOPT UNPACKING pc=0x000001c18d5672ce sp=0x00000034de2f9028 mode 0
Event: 603.019 Thread 0x000001c1aa652000 DEOPT PACKING pc=0x000001c18f89ef16 sp=0x00000034de1fafb0
Event: 603.019 Thread 0x000001c1aa652000 DEOPT UNPACKING pc=0x000001c18d5672ce sp=0x00000034de1fa4e0 mode 0

Classes redefined (0 events):
No events

Internal exceptions (20 events):
Event: 600.898 Thread 0x000001c1a6931800 Exception <a 'java/lang/NoSuchMethodError'{0x000000008a848a88}: 'java.lang.Object java.lang.invoke.DirectMethodHandle$Holder.invokeStatic(java.lang.Object, long)'> (0x000000008a848a88) thrown at [./src/hotspot/share/interpreter/linkResolver.cpp, line 773]
Event: 600.898 Thread 0x000001c1a6931800 Exception <a 'java/lang/NoSuchMethodError'{0x000000008a84ee08}: 'java.lang.Object java.lang.invoke.Invokers$Holder.linkToTargetMethod(long, java.lang.Object)'> (0x000000008a84ee08) thrown at [./src/hotspot/share/interpreter/linkResolver.cpp, line 773]
Event: 600.925 Thread 0x000001c1a6931800 Exception <a 'java/lang/NoSuchMethodError'{0x000000008a7627d8}: 'long java.lang.invoke.DirectMethodHandle$Holder.invokeStatic(java.lang.Object, java.lang.Object)'> (0x000000008a7627d8) thrown at [./src/hotspot/share/interpreter/linkResolver.cpp, line 773]
Event: 600.990 Thread 0x000001c1a6931800 Exception <a 'java/lang/NoSuchMethodError'{0x000000008a36a130}: 'java.lang.Object java.lang.invoke.DirectMethodHandle$Holder.newInvokeSpecial(java.lang.Object, int)'> (0x000000008a36a130) thrown at [./src/hotspot/share/interpreter/linkResolver.cpp, line 773]
Event: 601.003 Thread 0x000001c1a6931800 Exception <a 'java/lang/NoSuchMethodError'{0x000000008a278cc8}: 'void java.lang.invoke.DirectMethodHandle$Holder.invokeStatic(java.lang.Object, java.lang.Object, java.lang.Object, int)'> (0x000000008a278cc8) thrown at [./src/hotspot/share/interpreter/linkResolver.cpp, line 773]
Event: 601.004 Thread 0x000001c1a6931800 Exception <a 'java/lang/IncompatibleClassChangeError'{0x000000008a281108}: Found class java.lang.Object, but interface was expected> (0x000000008a281108) thrown at [./src/hotspot/share/interpreter/linkResolver.cpp, line 839]
Event: 601.067 Thread 0x000001c1a6931800 Exception <a 'java/lang/NoSuchMethodError'{0x0000000089fa0470}: 'void java.lang.invoke.DirectMethodHandle$Holder.invokeSpecial(java.lang.Object, java.lang.Object, int, java.lang.Object)'> (0x0000000089fa0470) thrown at [./src/hotspot/share/interpreter/linkResolver.cpp, line 773]
Event: 601.151 Thread 0x000001c1a6931800 Exception <a 'java/lang/NoSuchMethodError'{0x0000000089b60f28}: 'java.lang.Object java.lang.invoke.DirectMethodHandle$Holder.invokeVirtual(java.lang.Object, java.lang.Object, int, java.lang.Object)'> (0x0000000089b60f28) thrown at [./src/hotspot/share/interpreter/linkResolver.cpp, line 773]
Event: 601.173 Thread 0x000001c1a6931800 Exception <a 'java/lang/NoSuchMethodError'{0x0000000089a3f5c0}: 'void java.lang.invoke.DirectMethodHandle$Holder.invokeVirtual(java.lang.Object, java.lang.Object, int, java.lang.Object)'> (0x0000000089a3f5c0) thrown at [./src/hotspot/share/interpreter/linkResolver.cpp, line 773]
Event: 601.431 Thread 0x000001c1a6931800 Exception <a 'java/lang/NoSuchMethodError'{0x000000008b68e6e0}: 'java.lang.Object java.lang.invoke.DirectMethodHandle$Holder.invokeSpecial(java.lang.Object, java.lang.Object, java.lang.Object, java.lang.Object, java.lang.Object, java.lang.Object, java.lang.Object, java.lang.Object, java.lang.Object, java.lang.Object)'> (0x000000008b68e6e0) thrown at [./src/hotspot/share/interpreter/linkResolver.cpp, line 773]
Event: 601.431 Thread 0x000001c1a6931800 Exception <a 'java/lang/NoSuchMethodError'{0x000000008b692a28}: 'java.lang.Object java.lang.invoke.Invokers$Holder.linkToTargetMethod(java.lang.Object, java.lang.Object, java.lang.Object, java.lang.Object, java.lang.Object, java.lang.Object, java.lang.Object, java.lang.Object, java.lang.Object)'> (0x000000008b692a28) thrown at [./src/hotspot/share/interpreter/linkResolver.cpp, line 773]
Event: 601.902 Thread 0x000001c1a6931800 Exception <a 'java/lang/NoSuchMethodError'{0x000000008b730a68}: 'void java.lang.invoke.DirectMethodHandle$Holder.invokeVirtual(java.lang.Object, java.lang.Object, int)'> (0x000000008b730a68) thrown at [./src/hotspot/share/interpreter/linkResolver.cpp, line 773]
Event: 601.923 Thread 0x000001c1a6931800 Exception <a 'sun/nio/fs/WindowsException'{0x000000008b7b1788}> (0x000000008b7b1788) thrown at [./src/hotspot/share/prims/jni.cpp, line 615]
Event: 602.105 Thread 0x000001c1aa648000 Exception <a 'sun/nio/fs/WindowsException'{0x000000008ac6bdb8}> (0x000000008ac6bdb8) thrown at [./src/hotspot/share/prims/jni.cpp, line 615]
Event: 602.126 Thread 0x000001c1aa64e800 Exception <a 'sun/nio/fs/WindowsException'{0x0000000089e349b8}> (0x0000000089e349b8) thrown at [./src/hotspot/share/prims/jni.cpp, line 615]
Event: 602.152 Thread 0x000001c1aa64f800 Exception <a 'sun/nio/fs/WindowsException'{0x00000000897c6eb8}> (0x00000000897c6eb8) thrown at [./src/hotspot/share/prims/jni.cpp, line 615]
Event: 602.296 Thread 0x000001c1aa64f800 Exception <a 'sun/nio/fs/WindowsException'{0x000000008a555118}> (0x000000008a555118) thrown at [./src/hotspot/share/prims/jni.cpp, line 615]
Event: 602.402 Thread 0x000001c1aa648000 Exception <a 'java/lang/NoSuchMethodError'{0x000000008ab1a0e8}: 'java.lang.Object java.lang.invoke.DirectMethodHandle$Holder.invokeInterface(java.lang.Object, java.lang.Object, int)'> (0x000000008ab1a0e8) thrown at [./src/hotspot/share/interpreter/linkResolver.cpp, line 773]
Event: 602.515 Thread 0x000001c1aa652000 Exception <a 'sun/nio/fs/WindowsException'{0x000000008b4489b8}> (0x000000008b4489b8) thrown at [./src/hotspot/share/prims/jni.cpp, line 615]
Event: 602.630 Thread 0x000001c1aa648000 Exception <a 'sun/nio/fs/WindowsException'{0x000000008a7fa200}> (0x000000008a7fa200) thrown at [./src/hotspot/share/prims/jni.cpp, line 615]

Events (20 events):
Event: 602.918 loading class com/android/tools/r8/w/a/a/a/f/B done
Event: 602.918 loading class com/android/tools/r8/w/a/a/a/f/x
Event: 602.918 loading class com/android/tools/r8/w/a/a/a/f/x done
Event: 602.918 loading class com/android/tools/r8/w/a/a/a/f/C
Event: 602.918 loading class com/android/tools/r8/w/a/a/a/f/C done
Event: 602.918 loading class com/android/tools/r8/w/a/a/a/f/A
Event: 602.918 loading class com/android/tools/r8/w/a/a/a/f/A done
Event: 602.919 loading class com/android/tools/r8/w/a/a/a/f/t
Event: 602.919 loading class com/android/tools/r8/w/a/a/a/f/t done
Event: 602.974 Executing VM operation: CGC_Operation
Event: 602.978 Executing VM operation: CGC_Operation done
Event: 602.981 loading class com/android/tools/r8/code/D2
Event: 602.981 loading class com/android/tools/r8/code/D2 done
Event: 602.981 loading class com/android/tools/r8/code/E2
Event: 602.981 loading class com/android/tools/r8/code/E2 done
Event: 602.981 loading class com/android/tools/r8/code/G2
Event: 602.981 loading class com/android/tools/r8/code/G2 done
Event: 602.981 loading class com/android/tools/r8/code/F2
Event: 602.981 loading class com/android/tools/r8/code/F2 done
Event: 603.021 Executing VM operation: G1CollectForAllocation


Dynamic libraries:
0x00007ff776940000 - 0x00007ff77694a000 	C:\Program Files\Android\Android Studio\jre\bin\java.exe
0x00007ffd2c170000 - 0x00007ffd2c365000 	C:\Windows\SYSTEM32\ntdll.dll
0x00007ffd2b420000 - 0x00007ffd2b4dd000 	C:\Windows\System32\KERNEL32.DLL
0x00007ffd29d30000 - 0x00007ffd29ff9000 	C:\Windows\System32\KERNELBASE.dll
0x00007ffd2a0a0000 - 0x00007ffd2a1a0000 	C:\Windows\System32\ucrtbase.dll
0x00007ffd15070000 - 0x00007ffd15087000 	C:\Program Files\Android\Android Studio\jre\bin\VCRUNTIME140.dll
0x00007ffd17370000 - 0x00007ffd17389000 	C:\Program Files\Android\Android Studio\jre\bin\jli.dll
0x00007ffd2b280000 - 0x00007ffd2b420000 	C:\Windows\System32\USER32.dll
0x00007ffd2a1a0000 - 0x00007ffd2a1c2000 	C:\Windows\System32\win32u.dll
0x00007ffd28cb0000 - 0x00007ffd28f4a000 	C:\Windows\WinSxS\amd64_microsoft.windows.common-controls_6595b64144ccf1df_6.0.19041.1110_none_60b5254171f9507e\COMCTL32.dll
0x00007ffd2b250000 - 0x00007ffd2b27a000 	C:\Windows\System32\GDI32.dll
0x00007ffd299d0000 - 0x00007ffd29adb000 	C:\Windows\System32\gdi32full.dll
0x00007ffd2a840000 - 0x00007ffd2a8de000 	C:\Windows\System32\msvcrt.dll
0x00007ffd2a000000 - 0x00007ffd2a09d000 	C:\Windows\System32\msvcp_win.dll
0x00007ffd2a6c0000 - 0x00007ffd2a6f0000 	C:\Windows\System32\IMM32.DLL
0x00007ffd0bff0000 - 0x00007ffd0c08d000 	C:\Program Files\Android\Android Studio\jre\bin\msvcp140.dll
0x00007ffce4760000 - 0x00007ffce521c000 	C:\Program Files\Android\Android Studio\jre\bin\server\jvm.dll
0x00007ffd2a610000 - 0x00007ffd2a6bc000 	C:\Windows\System32\ADVAPI32.dll
0x00007ffd2a7a0000 - 0x00007ffd2a83b000 	C:\Windows\System32\sechost.dll
0x00007ffd2a8e0000 - 0x00007ffd2aa0a000 	C:\Windows\System32\RPCRT4.dll
0x00007ffd2ab00000 - 0x00007ffd2ab08000 	C:\Windows\System32\PSAPI.DLL
0x00007ffd16f00000 - 0x00007ffd16f27000 	C:\Windows\SYSTEM32\WINMM.dll
0x00007ffd1f310000 - 0x00007ffd1f31a000 	C:\Windows\SYSTEM32\VERSION.dll
0x00007ffd24860000 - 0x00007ffd24869000 	C:\Windows\SYSTEM32\WSOCK32.dll
0x00007ffd2bf80000 - 0x00007ffd2bfeb000 	C:\Windows\System32\WS2_32.dll
0x00007ffd27ad0000 - 0x00007ffd27ae2000 	C:\Windows\SYSTEM32\kernel.appcore.dll
0x00007ffd21d60000 - 0x00007ffd21d71000 	C:\Program Files\Android\Android Studio\jre\bin\verify.dll
0x00007ffd292c0000 - 0x00007ffd294a4000 	C:\Windows\SYSTEM32\DBGHELP.DLL
0x00007ffd29070000 - 0x00007ffd2909c000 	C:\Windows\SYSTEM32\dbgcore.DLL
0x00007ffd29ae0000 - 0x00007ffd29b63000 	C:\Windows\System32\bcryptPrimitives.dll
0x00007ffd1c330000 - 0x00007ffd1c359000 	C:\Program Files\Android\Android Studio\jre\bin\java.dll
0x00007ffd24480000 - 0x00007ffd2448b000 	C:\Program Files\Android\Android Studio\jre\bin\jimage.dll
0x00007ffd1b9f0000 - 0x00007ffd1ba08000 	C:\Program Files\Android\Android Studio\jre\bin\zip.dll
0x00007ffd2ab10000 - 0x00007ffd2b24f000 	C:\Windows\System32\SHELL32.dll
0x00007ffd27340000 - 0x00007ffd27ad0000 	C:\Windows\SYSTEM32\windows.storage.dll
0x00007ffd2b700000 - 0x00007ffd2ba55000 	C:\Windows\System32\combase.dll
0x00007ffd28c10000 - 0x00007ffd28c3c000 	C:\Windows\SYSTEM32\Wldp.dll
0x00007ffd2a6f0000 - 0x00007ffd2a79e000 	C:\Windows\System32\SHCORE.dll
0x00007ffd2c0c0000 - 0x00007ffd2c115000 	C:\Windows\System32\shlwapi.dll
0x00007ffd297e0000 - 0x00007ffd297ff000 	C:\Windows\SYSTEM32\profapi.dll
0x00007ffd1b9d0000 - 0x00007ffd1b9ea000 	C:\Program Files\Android\Android Studio\jre\bin\net.dll
0x00007ffd1b760000 - 0x00007ffd1b868000 	C:\Windows\SYSTEM32\WINHTTP.dll
0x00007ffd28ae0000 - 0x00007ffd28b4a000 	C:\Windows\system32\mswsock.dll
0x00007ffd1a5a0000 - 0x00007ffd1a5b4000 	C:\Program Files\Android\Android Studio\jre\bin\nio.dll
0x00007ffd0b6d0000 - 0x00007ffd0b6f7000 	C:\Users\QuangThanh\.gradle\native\fdc75f09e3144964f2cf3f50f0aa648679c211496f362492102eb8c894070792\windows-amd64\native-platform.dll
0x00007ffcec650000 - 0x00007ffcec7e6000 	C:\Users\QuangThanh\.gradle\native\12488b8bf47d2d4c9fbf2f6322a914ad602e24e48041cd04a747c6da556b65c4\windows-amd64\native-platform-file-events.dll
0x00007ffd22f70000 - 0x00007ffd22f7a000 	C:\Program Files\Android\Android Studio\jre\bin\management.dll
0x00007ffd223f0000 - 0x00007ffd223fc000 	C:\Program Files\Android\Android Studio\jre\bin\management_ext.dll
0x00007ffd29620000 - 0x00007ffd29638000 	C:\Windows\SYSTEM32\CRYPTSP.dll
0x00007ffd28310000 - 0x00007ffd28344000 	C:\Windows\system32\rsaenh.dll
0x00007ffd299a0000 - 0x00007ffd299c7000 	C:\Windows\System32\bcrypt.dll
0x00007ffd29760000 - 0x00007ffd2978e000 	C:\Windows\SYSTEM32\USERENV.dll
0x00007ffd28bd0000 - 0x00007ffd28bdc000 	C:\Windows\SYSTEM32\CRYPTBASE.dll
0x00007ffd28660000 - 0x00007ffd2869b000 	C:\Windows\SYSTEM32\IPHLPAPI.DLL
0x00007ffd2c120000 - 0x00007ffd2c128000 	C:\Windows\System32\NSI.dll
0x00007ffd1f2b0000 - 0x00007ffd1f2c7000 	C:\Windows\SYSTEM32\dhcpcsvc6.DLL
0x00007ffd1f6a0000 - 0x00007ffd1f6bd000 	C:\Windows\SYSTEM32\dhcpcsvc.DLL
0x00007ffd286a0000 - 0x00007ffd2876c000 	C:\Windows\SYSTEM32\DNSAPI.dll
0x00007ffd20020000 - 0x00007ffd2002b000 	C:\Windows\SYSTEM32\WINNSI.DLL
0x00007ffd1a550000 - 0x00007ffd1a577000 	C:\Program Files\Android\Android Studio\jre\bin\sunec.dll
0x00007ffd15df0000 - 0x00007ffd15dfa000 	C:\Windows\System32\rasadhlp.dll
0x00007ffd15e10000 - 0x00007ffd15e8f000 	C:\Windows\System32\fwpuclnt.dll

dbghelp: loaded successfully - version: 4.0.5 - missing functions: none
symbol engine: initialized successfully - sym options: 0x614 - pdb path: .;C:\Program Files\Android\Android Studio\jre\bin;C:\Windows\SYSTEM32;C:\Windows\WinSxS\amd64_microsoft.windows.common-controls_6595b64144ccf1df_6.0.19041.1110_none_60b5254171f9507e;C:\Program Files\Android\Android Studio\jre\bin\server;C:\Users\QuangThanh\.gradle\native\fdc75f09e3144964f2cf3f50f0aa648679c211496f362492102eb8c894070792\windows-amd64;C:\Users\QuangThanh\.gradle\native\12488b8bf47d2d4c9fbf2f6322a914ad602e24e48041cd04a747c6da556b65c4\windows-amd64

VM Arguments:
jvm_args: --add-opens=java.base/java.util=ALL-UNNAMED --add-opens=java.base/java.lang=ALL-UNNAMED --add-opens=java.base/java.lang.invoke=ALL-UNNAMED --add-opens=java.prefs/java.util.prefs=ALL-UNNAMED -Xmx2048m -Dfile.encoding=UTF-8 -Duser.country=US -Duser.language=en -Duser.variant 
java_command: org.gradle.launcher.daemon.bootstrap.GradleDaemon 6.7.1
java_class_path (initial): C:\Users\QuangThanh\.gradle\wrapper\dists\gradle-6.7.1-bin\bwlcbys1h7rz3272sye1xwiv6\gradle-6.7.1\lib\gradle-launcher-6.7.1.jar
Launcher Type: SUN_STANDARD

[Global flags]
     intx CICompilerCount                          = 3                                         {product} {ergonomic}
     uint ConcGCThreads                            = 1                                         {product} {ergonomic}
     uint G1ConcRefinementThreads                  = 4                                         {product} {ergonomic}
   size_t G1HeapRegionSize                         = 1048576                                   {product} {ergonomic}
    uintx GCDrainStackTargetSize                   = 64                                        {product} {ergonomic}
   size_t InitialHeapSize                          = 134217728                                 {product} {ergonomic}
   size_t MarkStackSize                            = 4194304                                   {product} {ergonomic}
   size_t MaxHeapSize                              = 2147483648                                {product} {command line}
   size_t MaxNewSize                               = 1287651328                                {product} {ergonomic}
   size_t MinHeapDeltaBytes                        = 1048576                                   {product} {ergonomic}
    uintx NonNMethodCodeHeapSize                   = 5830732                                {pd product} {ergonomic}
    uintx NonProfiledCodeHeapSize                  = 122913754                              {pd product} {ergonomic}
    uintx ProfiledCodeHeapSize                     = 122913754                              {pd product} {ergonomic}
    uintx ReservedCodeCacheSize                    = 251658240                              {pd product} {ergonomic}
     bool SegmentedCodeCache                       = true                                      {product} {ergonomic}
     bool UseCompressedClassPointers               = true                                 {lp64_product} {ergonomic}
     bool UseCompressedOops                        = true                                 {lp64_product} {ergonomic}
     bool UseG1GC                                  = true                                      {product} {ergonomic}
     bool UseLargePagesIndividualAllocation        = false                                  {pd product} {ergonomic}

Logging:
Log output configuration:
 #0: stdout all=warning uptime,level,tags
 #1: stderr all=off uptime,level,tags

Environment Variables:
JAVA_HOME=C:\Program Files\Java\jdk-13.0.1\
CLASSPATH=C:\Program Files\Java\jdk-13.0.1\lib
PATH=C:\ProgramData\Oracle\Java\javapath;C:\Program Files (x86)\Common Files\Oracle\Java\javapath;C:\Program Files\Java\jdk-13.0.1\bin;C:\Windows\system32;C:\Windows;C:\Windows\System32\Wbem;C:\Windows\System32\WindowsPowerShell\v1.0\;C:\Windows\System32\OpenSSH\;C:\Program Files\NVIDIA Corporation\NVIDIA NvDLISR;C:\Program Files\Git\cmd;C:\Program Files (x86)\NVIDIA Corporation\PhysX\Common;C:\Program Files\dotnet\;C:\Program Files\Microsoft SQL Server\130\Tools\Binn\;C:\Program Files\Microsoft SQL Server\Client SDK\ODBC\170\Tools\Binn\;C:\Program Files\nodejs\;";C:\Users\QuangThanh\AppData\Local\Android\Sdk\platform-tools;C:\Users\QuangThanh\AppData\Local\Android\Sdk\tools;C:\Users\QuangThanh\AppData\Local\Android\Sdk\tools\bin";C:\Users\QuangThanh\AppData\Roaming\npm;C:\Program Files\Java\jdk-13.0.1\bin;D:\VisualCode\Microsoft VS Code\bin
USERNAME=MSI
OS=Windows_NT
PROCESSOR_IDENTIFIER=Intel64 Family 6 Model 158 Stepping 9, GenuineIntel



---------------  S Y S T E M  ---------------

OS: Windows 10 , 64 bit Build 19041 (10.0.19041.1151)
OS uptime: 11 days 10:17 hours

CPU:total 4 (initial active 4) (4 cores per cpu, 1 threads per core) family 6 model 158 stepping 9, cmov, cx8, fxsr, mmx, sse, sse2, sse3, ssse3, sse4.1, sse4.2, popcnt, avx, avx2, aes, clmul, erms, 3dnowpref, lzcnt, tsc, tscinvbit, bmi1, bmi2, adx, fma

Memory: 4k page, system-wide physical 8109M (296M free)
TotalPageFile size 32685M (AvailPageFile size 14M)
current process WorkingSet (physical memory assigned to process): 405M, peak: 427M
current process commit charge ("private bytes"): 544M, peak: 606M

vm_info: OpenJDK 64-Bit Server VM (11.0.8+10-b944.6842174) for windows-amd64 JRE (11.0.8+10-b944.6842174), built on Sep 19 2020 01:11:42 by "builder" with MS VC++ 14.0 (VS2015)

END.
