#
# There is insufficient memory for the Java Runtime Environment to continue.
# Native memory allocation (malloc) failed to allocate 879536 bytes for Chunk::new
# Possible reasons:
#   The system is out of physical RAM or swap space
#   The process is running with CompressedOops enabled, and the Java Heap may be blocking the growth of the native heap
# Possible solutions:
#   Reduce memory load on the system
#   Increase physical memory or swap space
#   Check if swap backing store is full
#   Decrease Java heap size (-Xmx/-Xms)
#   Decrease number of Java threads
#   Decrease Java thread stack sizes (-Xss)
#   Set larger code cache with -XX:ReservedCodeCacheSize=
#   JVM is running with Unscaled Compressed Oops mode in which the Java heap is
#     placed in the first 4GB address space. The Java Heap base address is the
#     maximum limit for the native heap growth. Please use -XX:HeapBaseMinAddress
#     to set the Java Heap base and to place the Java Heap above 4GB virtual address.
# This output file may be truncated or incomplete.
#
#  Out of Memory Error (./src/hotspot/share/memory/arena.cpp:197), pid=24404, tid=22792
#
# JRE version: OpenJDK Runtime Environment (11.0.8+10) (build 11.0.8+10-b944.6842174)
# Java VM: OpenJDK 64-Bit Server VM (11.0.8+10-b944.6842174, mixed mode, tiered, compressed oops, g1 gc, windows-amd64)
# No core dump will be written. Minidumps are not enabled by default on client versions of Windows
#

---------------  S U M M A R Y ------------

Command Line: --add-opens=java.base/java.util=ALL-UNNAMED --add-opens=java.base/java.lang=ALL-UNNAMED --add-opens=java.base/java.lang.invoke=ALL-UNNAMED --add-opens=java.prefs/java.util.prefs=ALL-UNNAMED -Xmx2048m -Dfile.encoding=UTF-8 -Duser.country=US -Duser.language=en -Duser.variant org.gradle.launcher.daemon.bootstrap.GradleDaemon 6.7.1

Host: Intel(R) Core(TM) i5-7300HQ CPU @ 2.50GHz, 4 cores, 7G,  Windows 10 , 64 bit Build 19041 (10.0.19041.1151)
Time: Tue Aug 24 17:46:13 2021 SE Asia Standard Time elapsed time: 5 seconds (0d 0h 0m 5s)

---------------  T H R E A D  ---------------

Current thread (0x000001f1bcdc8800):  JavaThread "C2 CompilerThread0" daemon [_thread_in_native, id=22792, stack(0x0000000de0200000,0x0000000de0300000)]


Current CompileTask:
C2:   5057 3329       4       org.codehaus.groovy.runtime.metaclass.MetaMethodIndex::addMethodToList (298 bytes)

Stack: [0x0000000de0200000,0x0000000de0300000]
Native frames: (J=compiled Java code, j=interpreted, Vv=VM code, C=native code)
V  [jvm.dll+0x5de50a]
V  [jvm.dll+0x7122f5]
V  [jvm.dll+0x71384d]
V  [jvm.dll+0x713f03]
V  [jvm.dll+0x23e728]
V  [jvm.dll+0xb899c]
V  [jvm.dll+0xb8e9c]
V  [jvm.dll+0x2b20e4]
V  [jvm.dll+0x502098]
V  [jvm.dll+0x1f8cde]
V  [jvm.dll+0x1f685f]
V  [jvm.dll+0x17f32c]
V  [jvm.dll+0x205047]
V  [jvm.dll+0x203891]
V  [jvm.dll+0x6dad3f]
V  [jvm.dll+0x6d3895]
V  [jvm.dll+0x5dd4a6]
C  [ucrtbase.dll+0x21bb2]
C  [KERNEL32.DLL+0x17034]
C  [ntdll.dll+0x52651]


---------------  P R O C E S S  ---------------

Threads class SMR info:
_java_thread_list=0x000001f1c22a5270, length=50, elements={
0x000001f1a13fb800, 0x000001f1bcdaf800, 0x000001f1bcdb1000, 0x000001f1bcdc4800,
0x000001f1bcdc5000, 0x000001f1bcdc8800, 0x000001f1bcdcd800, 0x000001f1bcdfc800,
0x000001f1bd889000, 0x000001f1bd892800, 0x000001f1be82b000, 0x000001f1bf2a5000,
0x000001f1bf460000, 0x000001f1bf14c800, 0x000001f1bf107000, 0x000001f1bf4ae800,
0x000001f1beb84800, 0x000001f1bedb9000, 0x000001f1becb9000, 0x000001f1becb9800,
0x000001f1bf4a6800, 0x000001f1bf4a7000, 0x000001f1bf4a3000, 0x000001f1bf4a8000,
0x000001f1bf4a2800, 0x000001f1bf4a9000, 0x000001f1bf4a4000, 0x000001f1bf4a4800,
0x000001f1bf4a5800, 0x000001f1bf88f800, 0x000001f1bf891800, 0x000001f1bf891000,
0x000001f1bf893800, 0x000001f1bf894000, 0x000001f1bf895000, 0x000001f1bf896000,
0x000001f1bf890000, 0x000001f1bf896800, 0x000001f1bf897800, 0x000001f1bf898800,
0x000001f1bf892800, 0x000001f1bf899000, 0x000001f1bf89c800, 0x000001f1bf89d000,
0x000001f1bf89e000, 0x000001f1bf89b800, 0x000001f1bf89a000, 0x000001f1bf89a800,
0x000001f1bf388000, 0x000001f1bf38a800
}

Java Threads: ( => current thread )
  0x000001f1a13fb800 JavaThread "main" [_thread_blocked, id=23304, stack(0x0000000ddf700000,0x0000000ddf800000)]
  0x000001f1bcdaf800 JavaThread "Reference Handler" daemon [_thread_blocked, id=13588, stack(0x0000000ddfe00000,0x0000000ddff00000)]
  0x000001f1bcdb1000 JavaThread "Finalizer" daemon [_thread_blocked, id=18176, stack(0x0000000ddff00000,0x0000000de0000000)]
  0x000001f1bcdc4800 JavaThread "Signal Dispatcher" daemon [_thread_blocked, id=22456, stack(0x0000000de0000000,0x0000000de0100000)]
  0x000001f1bcdc5000 JavaThread "Attach Listener" daemon [_thread_blocked, id=16120, stack(0x0000000de0100000,0x0000000de0200000)]
=>0x000001f1bcdc8800 JavaThread "C2 CompilerThread0" daemon [_thread_in_native, id=22792, stack(0x0000000de0200000,0x0000000de0300000)]
  0x000001f1bcdcd800 JavaThread "C1 CompilerThread0" daemon [_thread_blocked, id=23116, stack(0x0000000de0300000,0x0000000de0400000)]
  0x000001f1bcdfc800 JavaThread "Sweeper thread" daemon [_thread_blocked, id=23600, stack(0x0000000de0400000,0x0000000de0500000)]
  0x000001f1bd889000 JavaThread "Common-Cleaner" daemon [_thread_blocked, id=14300, stack(0x0000000de0500000,0x0000000de0600000)]
  0x000001f1bd892800 JavaThread "Service Thread" daemon [_thread_blocked, id=17896, stack(0x0000000de0600000,0x0000000de0700000)]
  0x000001f1be82b000 JavaThread "Daemon health stats" [_thread_blocked, id=20988, stack(0x0000000de0a00000,0x0000000de0b00000)]
  0x000001f1bf2a5000 JavaThread "Incoming local TCP Connector on port 57430" [_thread_in_native, id=17804, stack(0x0000000de0d00000,0x0000000de0e00000)]
  0x000001f1bf460000 JavaThread "Daemon periodic checks" [_thread_blocked, id=15704, stack(0x0000000de0e00000,0x0000000de0f00000)]
  0x000001f1bf14c800 JavaThread "Daemon" [_thread_blocked, id=22044, stack(0x0000000de0f00000,0x0000000de1000000)]
  0x000001f1bf107000 JavaThread "Handler for socket connection from /127.0.0.1:57430 to /127.0.0.1:57431" [_thread_in_native, id=14600, stack(0x0000000de1000000,0x0000000de1100000)]
  0x000001f1bf4ae800 JavaThread "Cancel handler" [_thread_blocked, id=8056, stack(0x0000000de1100000,0x0000000de1200000)]
  0x000001f1beb84800 JavaThread "Daemon worker" [_thread_in_vm, id=22980, stack(0x0000000de1200000,0x0000000de1300000)]
  0x000001f1bedb9000 JavaThread "Asynchronous log dispatcher for DefaultDaemonConnection: socket connection from /127.0.0.1:57430 to /127.0.0.1:57431" [_thread_blocked, id=23240, stack(0x0000000de1300000,0x0000000de1400000)]
  0x000001f1becb9000 JavaThread "Stdin handler" [_thread_blocked, id=23548, stack(0x0000000de1400000,0x0000000de1500000)]
  0x000001f1becb9800 JavaThread "Thread-8" [_thread_blocked, id=15796, stack(0x0000000de1500000,0x0000000de1600000)]
  0x000001f1bf4a6800 JavaThread "Cache worker for file hash cache (C:\Users\QuangThanh\.gradle\caches\6.7.1\fileHashes)" [_thread_blocked, id=13084, stack(0x0000000de1700000,0x0000000de1800000)]
  0x000001f1bf4a7000 JavaThread "File lock request listener" [_thread_in_native, id=22724, stack(0x0000000de1800000,0x0000000de1900000)]
  0x000001f1bf4a3000 JavaThread "Cache worker for journal cache (C:\Users\QuangThanh\.gradle\caches\journal-1)" [_thread_blocked, id=23444, stack(0x0000000de1900000,0x0000000de1a00000)]
  0x000001f1bf4a8000 JavaThread "Cache worker for file hash cache (F:\FPT_POLY\CNTT\MOB403_AndroidNetworking\AsmFinal_NguyenQuangThanh_PH11399\Assignment\.gradle\6.7.1\fileHashes)" [_thread_blocked, id=24256, stack(0x0000000de1a00000,0x0000000de1b00000)]
  0x000001f1bf4a2800 JavaThread "jar transforms" [_thread_blocked, id=4140, stack(0x0000000de1b00000,0x0000000de1c00000)]
  0x000001f1bf4a9000 JavaThread "jar transforms Thread 2" [_thread_blocked, id=23812, stack(0x0000000de1c00000,0x0000000de1d00000)]
  0x000001f1bf4a4000 JavaThread "jar transforms Thread 3" [_thread_blocked, id=10440, stack(0x0000000de1d00000,0x0000000de1e00000)]
  0x000001f1bf4a4800 JavaThread "jar transforms Thread 4" [_thread_blocked, id=11700, stack(0x0000000de1e00000,0x0000000de1f00000)]
  0x000001f1bf4a5800 JavaThread "jar transforms Thread 5" [_thread_blocked, id=6880, stack(0x0000000de1f00000,0x0000000de2000000)]
  0x000001f1bf88f800 JavaThread "jar transforms Thread 6" [_thread_blocked, id=3088, stack(0x0000000de2000000,0x0000000de2100000)]
  0x000001f1bf891800 JavaThread "jar transforms Thread 7" [_thread_blocked, id=4220, stack(0x0000000de2100000,0x0000000de2200000)]
  0x000001f1bf891000 JavaThread "jar transforms Thread 8" [_thread_blocked, id=23644, stack(0x0000000de2200000,0x0000000de2300000)]
  0x000001f1bf893800 JavaThread "jar transforms Thread 9" [_thread_blocked, id=16800, stack(0x0000000de2300000,0x0000000de2400000)]
  0x000001f1bf894000 JavaThread "jar transforms Thread 10" [_thread_blocked, id=21408, stack(0x0000000de2400000,0x0000000de2500000)]
  0x000001f1bf895000 JavaThread "jar transforms Thread 11" [_thread_blocked, id=24216, stack(0x0000000de2500000,0x0000000de2600000)]
  0x000001f1bf896000 JavaThread "jar transforms Thread 12" [_thread_blocked, id=23996, stack(0x0000000de2600000,0x0000000de2700000)]
  0x000001f1bf890000 JavaThread "jar transforms Thread 13" [_thread_blocked, id=22436, stack(0x0000000de2700000,0x0000000de2800000)]
  0x000001f1bf896800 JavaThread "jar transforms Thread 14" [_thread_blocked, id=2124, stack(0x0000000de2800000,0x0000000de2900000)]
  0x000001f1bf897800 JavaThread "jar transforms Thread 15" [_thread_blocked, id=14820, stack(0x0000000de2900000,0x0000000de2a00000)]
  0x000001f1bf898800 JavaThread "jar transforms Thread 16" [_thread_blocked, id=22828, stack(0x0000000de2a00000,0x0000000de2b00000)]
  0x000001f1bf892800 JavaThread "jar transforms Thread 17" [_thread_blocked, id=24300, stack(0x0000000de2b00000,0x0000000de2c00000)]
  0x000001f1bf899000 JavaThread "jar transforms Thread 18" [_thread_blocked, id=13020, stack(0x0000000de2c00000,0x0000000de2d00000)]
  0x000001f1bf89c800 JavaThread "jar transforms Thread 19" [_thread_blocked, id=16856, stack(0x0000000de2d00000,0x0000000de2e00000)]
  0x000001f1bf89d000 JavaThread "jar transforms Thread 20" [_thread_blocked, id=19500, stack(0x0000000de2e00000,0x0000000de2f00000)]
  0x000001f1bf89e000 JavaThread "jar transforms Thread 21" [_thread_blocked, id=14872, stack(0x0000000de2f00000,0x0000000de3000000)]
  0x000001f1bf89b800 JavaThread "Cache worker for checksums cache (F:\FPT_POLY\CNTT\MOB403_AndroidNetworking\AsmFinal_NguyenQuangThanh_PH11399\Assignment\.gradle\checksums)" [_thread_blocked, id=22600, stack(0x0000000de3000000,0x0000000de3100000)]
  0x000001f1bf89a000 JavaThread "Cache worker for cache directory md-supplier (C:\Users\QuangThanh\.gradle\caches\6.7.1\md-supplier)" [_thread_blocked, id=23720, stack(0x0000000de3100000,0x0000000de3200000)]
  0x000001f1bf89a800 JavaThread "Cache worker for cache directory md-rule (C:\Users\QuangThanh\.gradle\caches\6.7.1\md-rule)" [_thread_blocked, id=3400, stack(0x0000000de3200000,0x0000000de3300000)]
  0x000001f1bf388000 JavaThread "Cache worker for execution history cache (C:\Users\QuangThanh\.gradle\caches\6.7.1\executionHistory)" [_thread_blocked, id=8936, stack(0x0000000de3300000,0x0000000de3400000)]
  0x000001f1bf38a800 JavaThread "Cache worker for file content cache (C:\Users\QuangThanh\.gradle\caches\6.7.1\fileContent)" [_thread_blocked, id=22588, stack(0x0000000de3400000,0x0000000de3500000)]

Other Threads:
  0x000001f1bcda6800 VMThread "VM Thread" [stack: 0x0000000ddfd00000,0x0000000ddfe00000] [id=23056]
  0x000001f1bd89c000 WatcherThread [stack: 0x0000000de0700000,0x0000000de0800000] [id=24012]
  0x000001f1a1413000 GCTaskThread "GC Thread#0" [stack: 0x0000000ddf800000,0x0000000ddf900000] [id=21112]
  0x000001f1bdc1e800 GCTaskThread "GC Thread#1" [stack: 0x0000000de0800000,0x0000000de0900000] [id=19272]
  0x000001f1bdc1f000 GCTaskThread "GC Thread#2" [stack: 0x0000000de0900000,0x0000000de0a00000] [id=23788]
  0x000001f1beb94800 GCTaskThread "GC Thread#3" [stack: 0x0000000de1600000,0x0000000de1700000] [id=16428]
  0x000001f1a1445000 ConcurrentGCThread "G1 Main Marker" [stack: 0x0000000ddf900000,0x0000000ddfa00000] [id=18164]
  0x000001f1a1446800 ConcurrentGCThread "G1 Conc#0" [stack: 0x0000000ddfa00000,0x0000000ddfb00000] [id=23708]
  0x000001f1a14d2800 ConcurrentGCThread "G1 Refine#0" [stack: 0x0000000ddfb00000,0x0000000ddfc00000] [id=2024]
  0x000001f1a14d3800 ConcurrentGCThread "G1 Young RemSet Sampling" [stack: 0x0000000ddfc00000,0x0000000ddfd00000] [id=16024]

Threads with active compile tasks:
C2 CompilerThread0   5099 3329       4       org.codehaus.groovy.runtime.metaclass.MetaMethodIndex::addMethodToList (298 bytes)

VM state:not at safepoint (normal execution)

VM Mutex/Monitor currently owned by a thread: None

Heap address: 0x0000000080000000, size: 2048 MB, Compressed Oops mode: 32-bit
Narrow klass base: 0x0000000000000000, Narrow klass shift: 3
Compressed class space size: 1073741824 Address: 0x0000000100000000

Heap:
 garbage-first heap   total 157696K, used 109391K [0x0000000080000000, 0x0000000100000000)
  region size 1024K, 73 young (74752K), 9 survivors (9216K)
 Metaspace       used 41815K, capacity 42938K, committed 43136K, reserved 1087488K
  class space    used 5277K, capacity 5660K, committed 5760K, reserved 1048576K
Heap Regions: E=young(eden), S=young(survivor), O=old, HS=humongous(starts), HC=humongous(continues), CS=collection set, F=free, A=archive, TAMS=top-at-mark-start (previous, next)
|   0|0x0000000080000000, 0x0000000080100000, 0x0000000080100000|100%| O|  |TAMS 0x0000000080100000, 0x0000000080000000| Untracked 
|   1|0x0000000080100000, 0x0000000080200000, 0x0000000080200000|100%| O|  |TAMS 0x0000000080200000, 0x0000000080100000| Untracked 
|   2|0x0000000080200000, 0x0000000080300000, 0x0000000080300000|100%| O|  |TAMS 0x0000000080300000, 0x0000000080200000| Untracked 
|   3|0x0000000080300000, 0x0000000080400000, 0x0000000080400000|100%|HS|  |TAMS 0x0000000080400000, 0x0000000080300000| Complete 
|   4|0x0000000080400000, 0x0000000080500000, 0x0000000080500000|100%|HC|  |TAMS 0x0000000080500000, 0x0000000080400000| Complete 
|   5|0x0000000080500000, 0x0000000080600000, 0x0000000080600000|100%|HC|  |TAMS 0x0000000080600000, 0x0000000080500000| Complete 
|   6|0x0000000080600000, 0x0000000080700000, 0x0000000080700000|100%| O|  |TAMS 0x0000000080700000, 0x0000000080600000| Untracked 
|   7|0x0000000080700000, 0x0000000080800000, 0x0000000080800000|100%| O|  |TAMS 0x0000000080800000, 0x0000000080700000| Untracked 
|   8|0x0000000080800000, 0x0000000080900000, 0x0000000080900000|100%| O|  |TAMS 0x0000000080900000, 0x0000000080800000| Untracked 
|   9|0x0000000080900000, 0x0000000080a00000, 0x0000000080a00000|100%| O|  |TAMS 0x0000000080a00000, 0x0000000080900000| Untracked 
|  10|0x0000000080a00000, 0x0000000080b00000, 0x0000000080b00000|100%| O|  |TAMS 0x0000000080b00000, 0x0000000080a00000| Untracked 
|  11|0x0000000080b00000, 0x0000000080c00000, 0x0000000080c00000|100%| O|  |TAMS 0x0000000080c00000, 0x0000000080b00000| Untracked 
|  12|0x0000000080c00000, 0x0000000080d00000, 0x0000000080d00000|100%| O|  |TAMS 0x0000000080d00000, 0x0000000080c00000| Untracked 
|  13|0x0000000080d00000, 0x0000000080e00000, 0x0000000080e00000|100%|HS|  |TAMS 0x0000000080e00000, 0x0000000080d00000| Complete 
|  14|0x0000000080e00000, 0x0000000080f00000, 0x0000000080f00000|100%|HC|  |TAMS 0x0000000080f00000, 0x0000000080e00000| Complete 
|  15|0x0000000080f00000, 0x0000000081000000, 0x0000000081000000|100%|HS|  |TAMS 0x0000000081000000, 0x0000000080f00000| Complete 
|  16|0x0000000081000000, 0x0000000081100000, 0x0000000081100000|100%|HC|  |TAMS 0x0000000081100000, 0x0000000081000000| Complete 
|  17|0x0000000081100000, 0x0000000081200000, 0x0000000081200000|100%|HC|  |TAMS 0x0000000081200000, 0x0000000081100000| Complete 
|  18|0x0000000081200000, 0x0000000081300000, 0x0000000081300000|100%|HS|  |TAMS 0x0000000081300000, 0x0000000081200000| Complete 
|  19|0x0000000081300000, 0x0000000081400000, 0x0000000081400000|100%|HC|  |TAMS 0x0000000081400000, 0x0000000081300000| Complete 
|  20|0x0000000081400000, 0x0000000081500000, 0x0000000081500000|100%|HC|  |TAMS 0x0000000081500000, 0x0000000081400000| Complete 
|  21|0x0000000081500000, 0x0000000081600000, 0x0000000081600000|100%|HC|  |TAMS 0x0000000081600000, 0x0000000081500000| Complete 
|  22|0x0000000081600000, 0x0000000081700000, 0x0000000081700000|100%| O|  |TAMS 0x0000000081700000, 0x0000000081600000| Untracked 
|  23|0x0000000081700000, 0x0000000081800000, 0x0000000081800000|100%| O|  |TAMS 0x0000000081800000, 0x0000000081700000| Untracked 
|  24|0x0000000081800000, 0x0000000081900000, 0x0000000081900000|100%| O|  |TAMS 0x0000000081900000, 0x0000000081800000| Untracked 
|  25|0x0000000081900000, 0x000000008190d000, 0x0000000081a00000|  5%| O|  |TAMS 0x000000008190d000, 0x0000000081900000| Untracked 
|  26|0x0000000081a00000, 0x0000000081b00000, 0x0000000081b00000|100%|HS|  |TAMS 0x0000000081a00000, 0x0000000081a00000| Complete 
|  27|0x0000000081b00000, 0x0000000081c00000, 0x0000000081c00000|100%|HS|  |TAMS 0x0000000081b00000, 0x0000000081b00000| Complete 
|  28|0x0000000081c00000, 0x0000000081d00000, 0x0000000081d00000|100%|HC|  |TAMS 0x0000000081c00000, 0x0000000081c00000| Complete 
|  29|0x0000000081d00000, 0x0000000081e00000, 0x0000000081e00000|100%|HS|  |TAMS 0x0000000081d00000, 0x0000000081d00000| Complete 
|  30|0x0000000081e00000, 0x0000000081f00000, 0x0000000081f00000|100%|HC|  |TAMS 0x0000000081e00000, 0x0000000081e00000| Complete 
|  31|0x0000000081f00000, 0x0000000082000000, 0x0000000082000000|100%|HC|  |TAMS 0x0000000081f00000, 0x0000000081f00000| Complete 
|  32|0x0000000082000000, 0x0000000082100000, 0x0000000082100000|100%|HC|  |TAMS 0x0000000082000000, 0x0000000082000000| Complete 
|  33|0x0000000082100000, 0x0000000082200000, 0x0000000082200000|100%|HS|  |TAMS 0x0000000082100000, 0x0000000082100000| Complete 
|  34|0x0000000082200000, 0x0000000082300000, 0x0000000082300000|100%|HC|  |TAMS 0x0000000082200000, 0x0000000082200000| Complete 
|  35|0x0000000082300000, 0x0000000082400000, 0x0000000082400000|100%|HC|  |TAMS 0x0000000082300000, 0x0000000082300000| Complete 
|  36|0x0000000082400000, 0x0000000082500000, 0x0000000082500000|100%|HS|  |TAMS 0x0000000082400000, 0x0000000082400000| Complete 
|  37|0x0000000082500000, 0x0000000082500000, 0x0000000082600000|  0%| F|  |TAMS 0x0000000082500000, 0x0000000082500000| Untracked 
|  38|0x0000000082600000, 0x0000000082600000, 0x0000000082700000|  0%| F|  |TAMS 0x0000000082600000, 0x0000000082600000| Untracked 
|  39|0x0000000082700000, 0x0000000082700000, 0x0000000082800000|  0%| F|  |TAMS 0x0000000082700000, 0x0000000082700000| Untracked 
|  40|0x0000000082800000, 0x0000000082800000, 0x0000000082900000|  0%| F|  |TAMS 0x0000000082800000, 0x0000000082800000| Untracked 
|  41|0x0000000082900000, 0x0000000082900000, 0x0000000082a00000|  0%| F|  |TAMS 0x0000000082900000, 0x0000000082900000| Untracked 
|  42|0x0000000082a00000, 0x0000000082a00000, 0x0000000082b00000|  0%| F|  |TAMS 0x0000000082a00000, 0x0000000082a00000| Untracked 
|  43|0x0000000082b00000, 0x0000000082b00000, 0x0000000082c00000|  0%| F|  |TAMS 0x0000000082b00000, 0x0000000082b00000| Untracked 
|  44|0x0000000082c00000, 0x0000000082c00000, 0x0000000082d00000|  0%| F|  |TAMS 0x0000000082c00000, 0x0000000082c00000| Untracked 
|  45|0x0000000082d00000, 0x0000000082d00000, 0x0000000082e00000|  0%| F|  |TAMS 0x0000000082d00000, 0x0000000082d00000| Untracked 
|  46|0x0000000082e00000, 0x0000000082e00000, 0x0000000082f00000|  0%| F|  |TAMS 0x0000000082e00000, 0x0000000082e00000| Untracked 
|  47|0x0000000082f00000, 0x0000000082f00000, 0x0000000083000000|  0%| F|  |TAMS 0x0000000082f00000, 0x0000000082f00000| Untracked 
|  48|0x0000000083000000, 0x0000000083000000, 0x0000000083100000|  0%| F|  |TAMS 0x0000000083000000, 0x0000000083000000| Untracked 
|  49|0x0000000083100000, 0x0000000083100000, 0x0000000083200000|  0%| F|  |TAMS 0x0000000083100000, 0x0000000083100000| Untracked 
|  50|0x0000000083200000, 0x0000000083200000, 0x0000000083300000|  0%| F|  |TAMS 0x0000000083200000, 0x0000000083200000| Untracked 
|  51|0x0000000083300000, 0x0000000083300000, 0x0000000083400000|  0%| F|  |TAMS 0x0000000083300000, 0x0000000083300000| Untracked 
|  52|0x0000000083400000, 0x0000000083400000, 0x0000000083500000|  0%| F|  |TAMS 0x0000000083400000, 0x0000000083400000| Untracked 
|  53|0x0000000083500000, 0x0000000083500000, 0x0000000083600000|  0%| F|  |TAMS 0x0000000083500000, 0x0000000083500000| Untracked 
|  54|0x0000000083600000, 0x0000000083600000, 0x0000000083700000|  0%| F|  |TAMS 0x0000000083600000, 0x0000000083600000| Untracked 
|  55|0x0000000083700000, 0x0000000083700000, 0x0000000083800000|  0%| F|  |TAMS 0x0000000083700000, 0x0000000083700000| Untracked 
|  56|0x0000000083800000, 0x0000000083800000, 0x0000000083900000|  0%| F|  |TAMS 0x0000000083800000, 0x0000000083800000| Untracked 
|  57|0x0000000083900000, 0x0000000083900000, 0x0000000083a00000|  0%| F|  |TAMS 0x0000000083900000, 0x0000000083900000| Untracked 
|  58|0x0000000083a00000, 0x0000000083a00000, 0x0000000083b00000|  0%| F|  |TAMS 0x0000000083a00000, 0x0000000083a00000| Untracked 
|  59|0x0000000083b00000, 0x0000000083b00000, 0x0000000083c00000|  0%| F|  |TAMS 0x0000000083b00000, 0x0000000083b00000| Untracked 
|  60|0x0000000083c00000, 0x0000000083c00000, 0x0000000083d00000|  0%| F|  |TAMS 0x0000000083c00000, 0x0000000083c00000| Untracked 
|  61|0x0000000083d00000, 0x0000000083d00000, 0x0000000083e00000|  0%| F|  |TAMS 0x0000000083d00000, 0x0000000083d00000| Untracked 
|  62|0x0000000083e00000, 0x0000000083e00000, 0x0000000083f00000|  0%| F|  |TAMS 0x0000000083e00000, 0x0000000083e00000| Untracked 
|  63|0x0000000083f00000, 0x0000000083f00000, 0x0000000084000000|  0%| F|  |TAMS 0x0000000083f00000, 0x0000000083f00000| Untracked 
|  64|0x0000000084000000, 0x0000000084000000, 0x0000000084100000|  0%| F|  |TAMS 0x0000000084000000, 0x0000000084000000| Untracked 
|  65|0x0000000084100000, 0x0000000084100000, 0x0000000084200000|  0%| F|  |TAMS 0x0000000084100000, 0x0000000084100000| Untracked 
|  66|0x0000000084200000, 0x0000000084200000, 0x0000000084300000|  0%| F|  |TAMS 0x0000000084200000, 0x0000000084200000| Untracked 
|  67|0x0000000084300000, 0x0000000084300000, 0x0000000084400000|  0%| F|  |TAMS 0x0000000084300000, 0x0000000084300000| Untracked 
|  68|0x0000000084400000, 0x0000000084400000, 0x0000000084500000|  0%| F|  |TAMS 0x0000000084400000, 0x0000000084400000| Untracked 
|  69|0x0000000084500000, 0x0000000084500000, 0x0000000084600000|  0%| F|  |TAMS 0x0000000084500000, 0x0000000084500000| Untracked 
|  70|0x0000000084600000, 0x0000000084600000, 0x0000000084700000|  0%| F|  |TAMS 0x0000000084600000, 0x0000000084600000| Untracked 
|  71|0x0000000084700000, 0x0000000084700000, 0x0000000084800000|  0%| F|  |TAMS 0x0000000084700000, 0x0000000084700000| Untracked 
|  72|0x0000000084800000, 0x0000000084800000, 0x0000000084900000|  0%| F|  |TAMS 0x0000000084800000, 0x0000000084800000| Untracked 
|  73|0x0000000084900000, 0x0000000084900000, 0x0000000084a00000|  0%| F|  |TAMS 0x0000000084900000, 0x0000000084900000| Untracked 
|  74|0x0000000084a00000, 0x0000000084a00000, 0x0000000084b00000|  0%| F|  |TAMS 0x0000000084a00000, 0x0000000084a00000| Untracked 
|  75|0x0000000084b00000, 0x0000000084b00000, 0x0000000084c00000|  0%| F|  |TAMS 0x0000000084b00000, 0x0000000084b00000| Untracked 
|  76|0x0000000084c00000, 0x0000000084c00000, 0x0000000084d00000|  0%| F|  |TAMS 0x0000000084c00000, 0x0000000084c00000| Untracked 
|  77|0x0000000084d00000, 0x0000000084d00000, 0x0000000084e00000|  0%| F|  |TAMS 0x0000000084d00000, 0x0000000084d00000| Untracked 
|  78|0x0000000084e00000, 0x0000000084e00000, 0x0000000084f00000|  0%| F|  |TAMS 0x0000000084e00000, 0x0000000084e00000| Untracked 
|  79|0x0000000084f00000, 0x0000000084f00000, 0x0000000085000000|  0%| F|  |TAMS 0x0000000084f00000, 0x0000000084f00000| Untracked 
|  80|0x0000000085000000, 0x0000000085000000, 0x0000000085100000|  0%| F|  |TAMS 0x0000000085000000, 0x0000000085000000| Untracked 
|  81|0x0000000085100000, 0x0000000085200000, 0x0000000085200000|100%| E|  |TAMS 0x0000000085100000, 0x0000000085100000| Complete 
|  82|0x0000000085200000, 0x0000000085300000, 0x0000000085300000|100%| E|CS|TAMS 0x0000000085200000, 0x0000000085200000| Complete 
|  83|0x0000000085300000, 0x0000000085400000, 0x0000000085400000|100%| E|CS|TAMS 0x0000000085300000, 0x0000000085300000| Complete 
|  84|0x0000000085400000, 0x0000000085500000, 0x0000000085500000|100%| E|CS|TAMS 0x0000000085400000, 0x0000000085400000| Complete 
|  85|0x0000000085500000, 0x0000000085600000, 0x0000000085600000|100%| E|CS|TAMS 0x0000000085500000, 0x0000000085500000| Complete 
|  86|0x0000000085600000, 0x0000000085700000, 0x0000000085700000|100%| E|CS|TAMS 0x0000000085600000, 0x0000000085600000| Complete 
|  87|0x0000000085700000, 0x0000000085800000, 0x0000000085800000|100%| E|CS|TAMS 0x0000000085700000, 0x0000000085700000| Complete 
|  88|0x0000000085800000, 0x0000000085900000, 0x0000000085900000|100%| E|CS|TAMS 0x0000000085800000, 0x0000000085800000| Complete 
|  89|0x0000000085900000, 0x0000000085a00000, 0x0000000085a00000|100%| E|CS|TAMS 0x0000000085900000, 0x0000000085900000| Complete 
|  90|0x0000000085a00000, 0x0000000085b00000, 0x0000000085b00000|100%| E|CS|TAMS 0x0000000085a00000, 0x0000000085a00000| Complete 
|  91|0x0000000085b00000, 0x0000000085c00000, 0x0000000085c00000|100%| E|  |TAMS 0x0000000085b00000, 0x0000000085b00000| Complete 
|  92|0x0000000085c00000, 0x0000000085d00000, 0x0000000085d00000|100%| E|CS|TAMS 0x0000000085c00000, 0x0000000085c00000| Complete 
|  93|0x0000000085d00000, 0x0000000085e00000, 0x0000000085e00000|100%| E|CS|TAMS 0x0000000085d00000, 0x0000000085d00000| Complete 
|  94|0x0000000085e00000, 0x0000000085f00000, 0x0000000085f00000|100%| E|CS|TAMS 0x0000000085e00000, 0x0000000085e00000| Complete 
|  95|0x0000000085f00000, 0x0000000085fc6ca8, 0x0000000086000000| 77%| S|CS|TAMS 0x0000000085f00000, 0x0000000085f00000| Complete 
|  96|0x0000000086000000, 0x0000000086100000, 0x0000000086100000|100%| S|CS|TAMS 0x0000000086000000, 0x0000000086000000| Complete 
|  97|0x0000000086100000, 0x0000000086200000, 0x0000000086200000|100%| S|CS|TAMS 0x0000000086100000, 0x0000000086100000| Complete 
|  98|0x0000000086200000, 0x0000000086300000, 0x0000000086300000|100%| S|CS|TAMS 0x0000000086200000, 0x0000000086200000| Complete 
|  99|0x0000000086300000, 0x0000000086400000, 0x0000000086400000|100%| S|CS|TAMS 0x0000000086300000, 0x0000000086300000| Complete 
| 100|0x0000000086400000, 0x0000000086500000, 0x0000000086500000|100%| S|CS|TAMS 0x0000000086400000, 0x0000000086400000| Complete 
| 101|0x0000000086500000, 0x0000000086600000, 0x0000000086600000|100%| S|CS|TAMS 0x0000000086500000, 0x0000000086500000| Complete 
| 102|0x0000000086600000, 0x0000000086700000, 0x0000000086700000|100%| S|CS|TAMS 0x0000000086600000, 0x0000000086600000| Complete 
| 103|0x0000000086700000, 0x0000000086800000, 0x0000000086800000|100%| S|CS|TAMS 0x0000000086700000, 0x0000000086700000| Complete 
| 104|0x0000000086800000, 0x0000000086900000, 0x0000000086900000|100%| E|CS|TAMS 0x0000000086800000, 0x0000000086800000| Complete 
| 105|0x0000000086900000, 0x0000000086a00000, 0x0000000086a00000|100%| E|CS|TAMS 0x0000000086900000, 0x0000000086900000| Complete 
| 106|0x0000000086a00000, 0x0000000086b00000, 0x0000000086b00000|100%| E|CS|TAMS 0x0000000086a00000, 0x0000000086a00000| Complete 
| 107|0x0000000086b00000, 0x0000000086c00000, 0x0000000086c00000|100%| E|CS|TAMS 0x0000000086b00000, 0x0000000086b00000| Complete 
| 108|0x0000000086c00000, 0x0000000086d00000, 0x0000000086d00000|100%| E|CS|TAMS 0x0000000086c00000, 0x0000000086c00000| Complete 
| 109|0x0000000086d00000, 0x0000000086e00000, 0x0000000086e00000|100%| E|CS|TAMS 0x0000000086d00000, 0x0000000086d00000| Complete 
| 110|0x0000000086e00000, 0x0000000086f00000, 0x0000000086f00000|100%| E|CS|TAMS 0x0000000086e00000, 0x0000000086e00000| Complete 
| 111|0x0000000086f00000, 0x0000000087000000, 0x0000000087000000|100%| E|CS|TAMS 0x0000000086f00000, 0x0000000086f00000| Complete 
| 112|0x0000000087000000, 0x0000000087100000, 0x0000000087100000|100%| E|CS|TAMS 0x0000000087000000, 0x0000000087000000| Complete 
| 113|0x0000000087100000, 0x0000000087200000, 0x0000000087200000|100%| E|CS|TAMS 0x0000000087100000, 0x0000000087100000| Complete 
| 114|0x0000000087200000, 0x0000000087300000, 0x0000000087300000|100%| E|CS|TAMS 0x0000000087200000, 0x0000000087200000| Complete 
| 115|0x0000000087300000, 0x0000000087400000, 0x0000000087400000|100%| E|CS|TAMS 0x0000000087300000, 0x0000000087300000| Complete 
| 116|0x0000000087400000, 0x0000000087500000, 0x0000000087500000|100%| E|CS|TAMS 0x0000000087400000, 0x0000000087400000| Complete 
| 117|0x0000000087500000, 0x0000000087600000, 0x0000000087600000|100%| E|CS|TAMS 0x0000000087500000, 0x0000000087500000| Complete 
| 118|0x0000000087600000, 0x0000000087700000, 0x0000000087700000|100%| E|CS|TAMS 0x0000000087600000, 0x0000000087600000| Complete 
| 119|0x0000000087700000, 0x0000000087800000, 0x0000000087800000|100%| E|CS|TAMS 0x0000000087700000, 0x0000000087700000| Complete 
| 120|0x0000000087800000, 0x0000000087900000, 0x0000000087900000|100%| E|CS|TAMS 0x0000000087800000, 0x0000000087800000| Complete 
| 121|0x0000000087900000, 0x0000000087a00000, 0x0000000087a00000|100%| E|CS|TAMS 0x0000000087900000, 0x0000000087900000| Complete 
| 122|0x0000000087a00000, 0x0000000087b00000, 0x0000000087b00000|100%| E|CS|TAMS 0x0000000087a00000, 0x0000000087a00000| Complete 
| 123|0x0000000087b00000, 0x0000000087c00000, 0x0000000087c00000|100%| E|CS|TAMS 0x0000000087b00000, 0x0000000087b00000| Complete 
| 124|0x0000000087c00000, 0x0000000087d00000, 0x0000000087d00000|100%| E|CS|TAMS 0x0000000087c00000, 0x0000000087c00000| Complete 
| 125|0x0000000087d00000, 0x0000000087e00000, 0x0000000087e00000|100%| E|CS|TAMS 0x0000000087d00000, 0x0000000087d00000| Complete 
| 126|0x0000000087e00000, 0x0000000087f00000, 0x0000000087f00000|100%| E|CS|TAMS 0x0000000087e00000, 0x0000000087e00000| Complete 
| 127|0x0000000087f00000, 0x0000000088000000, 0x0000000088000000|100%| E|CS|TAMS 0x0000000087f00000, 0x0000000087f00000| Complete 
| 128|0x0000000088000000, 0x0000000088100000, 0x0000000088100000|100%| E|CS|TAMS 0x0000000088000000, 0x0000000088000000| Complete 
| 129|0x0000000088100000, 0x0000000088200000, 0x0000000088200000|100%| E|CS|TAMS 0x0000000088100000, 0x0000000088100000| Complete 
| 130|0x0000000088200000, 0x0000000088300000, 0x0000000088300000|100%| E|CS|TAMS 0x0000000088200000, 0x0000000088200000| Complete 
| 131|0x0000000088300000, 0x0000000088400000, 0x0000000088400000|100%| E|CS|TAMS 0x0000000088300000, 0x0000000088300000| Complete 
| 132|0x0000000088400000, 0x0000000088500000, 0x0000000088500000|100%| E|CS|TAMS 0x0000000088400000, 0x0000000088400000| Complete 
| 133|0x0000000088500000, 0x0000000088600000, 0x0000000088600000|100%| E|CS|TAMS 0x0000000088500000, 0x0000000088500000| Complete 
| 134|0x0000000088600000, 0x0000000088700000, 0x0000000088700000|100%| E|CS|TAMS 0x0000000088600000, 0x0000000088600000| Complete 
| 135|0x0000000088700000, 0x0000000088800000, 0x0000000088800000|100%| E|CS|TAMS 0x0000000088700000, 0x0000000088700000| Complete 
| 136|0x0000000088800000, 0x0000000088900000, 0x0000000088900000|100%| E|CS|TAMS 0x0000000088800000, 0x0000000088800000| Complete 
| 137|0x0000000088900000, 0x0000000088a00000, 0x0000000088a00000|100%| E|CS|TAMS 0x0000000088900000, 0x0000000088900000| Complete 
| 138|0x0000000088a00000, 0x0000000088b00000, 0x0000000088b00000|100%| E|CS|TAMS 0x0000000088a00000, 0x0000000088a00000| Complete 
| 139|0x0000000088b00000, 0x0000000088c00000, 0x0000000088c00000|100%| E|CS|TAMS 0x0000000088b00000, 0x0000000088b00000| Complete 
| 140|0x0000000088c00000, 0x0000000088d00000, 0x0000000088d00000|100%| E|CS|TAMS 0x0000000088c00000, 0x0000000088c00000| Complete 
| 141|0x0000000088d00000, 0x0000000088e00000, 0x0000000088e00000|100%| E|CS|TAMS 0x0000000088d00000, 0x0000000088d00000| Complete 
| 142|0x0000000088e00000, 0x0000000088f00000, 0x0000000088f00000|100%| E|CS|TAMS 0x0000000088e00000, 0x0000000088e00000| Complete 
| 143|0x0000000088f00000, 0x0000000089000000, 0x0000000089000000|100%| E|CS|TAMS 0x0000000088f00000, 0x0000000088f00000| Complete 
| 144|0x0000000089000000, 0x0000000089100000, 0x0000000089100000|100%| E|CS|TAMS 0x0000000089000000, 0x0000000089000000| Complete 
| 145|0x0000000089100000, 0x0000000089200000, 0x0000000089200000|100%| E|CS|TAMS 0x0000000089100000, 0x0000000089100000| Complete 
| 146|0x0000000089200000, 0x0000000089300000, 0x0000000089300000|100%| E|CS|TAMS 0x0000000089200000, 0x0000000089200000| Complete 
| 147|0x0000000089300000, 0x0000000089400000, 0x0000000089400000|100%| E|CS|TAMS 0x0000000089300000, 0x0000000089300000| Complete 
| 148|0x0000000089400000, 0x0000000089500000, 0x0000000089500000|100%| E|CS|TAMS 0x0000000089400000, 0x0000000089400000| Complete 
| 149|0x0000000089500000, 0x0000000089600000, 0x0000000089600000|100%| E|CS|TAMS 0x0000000089500000, 0x0000000089500000| Complete 
| 150|0x0000000089600000, 0x0000000089700000, 0x0000000089700000|100%| E|CS|TAMS 0x0000000089600000, 0x0000000089600000| Complete 
| 151|0x0000000089700000, 0x0000000089800000, 0x0000000089800000|100%| E|CS|TAMS 0x0000000089700000, 0x0000000089700000| Complete 
| 152|0x0000000089800000, 0x0000000089900000, 0x0000000089900000|100%| E|CS|TAMS 0x0000000089800000, 0x0000000089800000| Complete 
| 153|0x0000000089900000, 0x0000000089a00000, 0x0000000089a00000|100%| E|CS|TAMS 0x0000000089900000, 0x0000000089900000| Complete 

Card table byte_map: [0x000001f1b5f70000,0x000001f1b6370000] _byte_map_base: 0x000001f1b5b70000

Marking Bits (Prev, Next): (CMBitMap*) 0x000001f1a143c3d8, (CMBitMap*) 0x000001f1a143c410
 Prev Bits: [0x000001f1b6770000, 0x000001f1b8770000)
 Next Bits: [0x000001f1b8770000, 0x000001f1ba770000)

Polling page: 0x000001f1a12d0000

Metaspace:

Usage:
  Non-class:     36.41 MB capacity,    35.71 MB ( 98%) used,   623.40 KB (  2%) free+waste,    86.75 KB ( <1%) overhead. 
      Class:      5.53 MB capacity,     5.16 MB ( 93%) used,   340.43 KB (  6%) free+waste,    42.19 KB ( <1%) overhead. 
       Both:     41.94 MB capacity,    40.87 MB ( 97%) used,   963.83 KB (  2%) free+waste,   128.94 KB ( <1%) overhead. 

Virtual space:
  Non-class space:       38.00 MB reserved,      36.50 MB ( 96%) committed 
      Class space:        1.00 GB reserved,       5.63 MB ( <1%) committed 
             Both:        1.04 GB reserved,      42.13 MB (  4%) committed 

Chunk freelists:
   Non-Class:  32.00 KB
       Class:  1.00 KB
        Both:  33.00 KB

MaxMetaspaceSize: 17179869184.00 GB
CompressedClassSpaceSize: 1.00 GB

CodeHeap 'non-profiled nmethods': size=120064Kb used=1446Kb max_used=1446Kb free=118617Kb
 bounds [0x000001f1ae000000, 0x000001f1ae270000, 0x000001f1b5540000]
CodeHeap 'profiled nmethods': size=120000Kb used=6669Kb max_used=6669Kb free=113330Kb
 bounds [0x000001f1a6ad0000, 0x000001f1a7160000, 0x000001f1ae000000]
CodeHeap 'non-nmethods': size=5696Kb used=2196Kb max_used=2221Kb free=3499Kb
 bounds [0x000001f1a6540000, 0x000001f1a67b0000, 0x000001f1a6ad0000]
 total_blobs=3918 nmethods=3159 adapters=670
 compilation: enabled
              stopped_count=0, restarted_count=0
 full_count=0

Compilation events (20 events):
Event: 5.039 Thread 0x000001f1bcdcd800 3372       1       org.codehaus.groovy.runtime.callsite.AbstractCallSite::getName (5 bytes)
Event: 5.039 Thread 0x000001f1bcdcd800 nmethod 3372 0x000001f1ae169010 code [0x000001f1ae1691c0, 0x000001f1ae169278]
Event: 5.039 Thread 0x000001f1bcdcd800 3373       3       org.codehaus.groovy.runtime.metaclass.ReflectionMetaMethod::getName (8 bytes)
Event: 5.039 Thread 0x000001f1bcdcd800 nmethod 3373 0x000001f1a7146a90 code [0x000001f1a7146c40, 0x000001f1a7146dd8]
Event: 5.045 Thread 0x000001f1bcdcd800 3376       3       org.codehaus.groovy.util.ComplexKeyHashMap$1::<init> (64 bytes)
Event: 5.046 Thread 0x000001f1bcdcd800 nmethod 3376 0x000001f1a7146f10 code [0x000001f1a71470e0, 0x000001f1a7147438]
Event: 5.046 Thread 0x000001f1bcdcd800 3375       3       org.codehaus.groovy.util.ComplexKeyHashMap::getEntrySetIterator (9 bytes)
Event: 5.046 Thread 0x000001f1bcdcd800 nmethod 3375 0x000001f1a7147590 code [0x000001f1a7147740, 0x000001f1a71478c8]
Event: 5.050 Thread 0x000001f1bcdcd800 3377       3       java.util.regex.Pattern$GroupTail::match (111 bytes)
Event: 5.050 Thread 0x000001f1bcdcd800 nmethod 3377 0x000001f1a7147990 code [0x000001f1a7147b60, 0x000001f1a7147ee8]
Event: 5.052 Thread 0x000001f1bcdcd800 3378   !   3       org.gradle.internal.classloader.CachingClassLoader::loadClass (85 bytes)
Event: 5.052 Thread 0x000001f1bcdcd800 nmethod 3378 0x000001f1a7148110 code [0x000001f1a7148320, 0x000001f1a7148a28]
Event: 5.052 Thread 0x000001f1bcdcd800 3379       3       com.google.common.collect.MapMakerInternalMap::get (23 bytes)
Event: 5.053 Thread 0x000001f1bcdcd800 nmethod 3379 0x000001f1a7148c10 code [0x000001f1a7148e20, 0x000001f1a7149308]
Event: 5.053 Thread 0x000001f1bcdcd800 3381       3       groovy.lang.MetaClassImpl::findMethod (130 bytes)
Event: 5.054 Thread 0x000001f1bcdcd800 nmethod 3381 0x000001f1a7149510 code [0x000001f1a71497e0, 0x000001f1a714a7f8]
Event: 5.054 Thread 0x000001f1bcdcd800 3382       3       groovy.lang.MetaMethod::equal (38 bytes)
Event: 5.054 Thread 0x000001f1bcdcd800 nmethod 3382 0x000001f1a714ad10 code [0x000001f1a714aee0, 0x000001f1a714b158]
Event: 5.054 Thread 0x000001f1bcdcd800 3380       3       org.codehaus.groovy.reflection.CachedMethod::find (30 bytes)
Event: 5.054 Thread 0x000001f1bcdcd800 nmethod 3380 0x000001f1a714b290 code [0x000001f1a714b4e0, 0x000001f1a714be38]

GC Heap History (14 events):
Event: 0.518 GC heap before
{Heap before GC invocations=0 (full 0):
 garbage-first heap   total 131072K, used 19456K [0x0000000080000000, 0x0000000100000000)
  region size 1024K, 14 young (14336K), 0 survivors (0K)
 Metaspace       used 7406K, capacity 7599K, committed 7680K, reserved 1056768K
  class space    used 681K, capacity 748K, committed 768K, reserved 1048576K
}
Event: 0.522 GC heap after
{Heap after GC invocations=1 (full 0):
 garbage-first heap   total 131072K, used 7960K [0x0000000080000000, 0x0000000100000000)
  region size 1024K, 2 young (2048K), 2 survivors (2048K)
 Metaspace       used 7406K, capacity 7599K, committed 7680K, reserved 1056768K
  class space    used 681K, capacity 748K, committed 768K, reserved 1048576K
}
Event: 0.765 GC heap before
{Heap before GC invocations=1 (full 0):
 garbage-first heap   total 131072K, used 19224K [0x0000000080000000, 0x0000000100000000)
  region size 1024K, 13 young (13312K), 2 survivors (2048K)
 Metaspace       used 10435K, capacity 10628K, committed 10752K, reserved 1058816K
  class space    used 1100K, capacity 1164K, committed 1280K, reserved 1048576K
}
Event: 0.767 GC heap after
{Heap after GC invocations=2 (full 0):
 garbage-first heap   total 131072K, used 8784K [0x0000000080000000, 0x0000000100000000)
  region size 1024K, 1 young (1024K), 1 survivors (1024K)
 Metaspace       used 10435K, capacity 10628K, committed 10752K, reserved 1058816K
  class space    used 1100K, capacity 1164K, committed 1280K, reserved 1048576K
}
Event: 1.104 GC heap before
{Heap before GC invocations=2 (full 0):
 garbage-first heap   total 131072K, used 36432K [0x0000000080000000, 0x0000000100000000)
  region size 1024K, 29 young (29696K), 1 survivors (1024K)
 Metaspace       used 10613K, capacity 10821K, committed 11008K, reserved 1058816K
  class space    used 1101K, capacity 1164K, committed 1280K, reserved 1048576K
}
Event: 1.107 GC heap after
{Heap after GC invocations=3 (full 0):
 garbage-first heap   total 131072K, used 13301K [0x0000000080000000, 0x0000000100000000)
  region size 1024K, 4 young (4096K), 4 survivors (4096K)
 Metaspace       used 10613K, capacity 10821K, committed 11008K, reserved 1058816K
  class space    used 1101K, capacity 1164K, committed 1280K, reserved 1048576K
}
Event: 2.235 GC heap before
{Heap before GC invocations=3 (full 0):
 garbage-first heap   total 131072K, used 55285K [0x0000000080000000, 0x0000000100000000)
  region size 1024K, 45 young (46080K), 4 survivors (4096K)
 Metaspace       used 18710K, capacity 19194K, committed 19328K, reserved 1067008K
  class space    used 2254K, capacity 2403K, committed 2432K, reserved 1048576K
}
Event: 2.240 GC heap after
{Heap after GC invocations=4 (full 0):
 garbage-first heap   total 131072K, used 16416K [0x0000000080000000, 0x0000000100000000)
  region size 1024K, 4 young (4096K), 4 survivors (4096K)
 Metaspace       used 18710K, capacity 19194K, committed 19328K, reserved 1067008K
  class space    used 2254K, capacity 2403K, committed 2432K, reserved 1048576K
}
Event: 2.387 GC heap before
{Heap before GC invocations=4 (full 0):
 garbage-first heap   total 131072K, used 30752K [0x0000000080000000, 0x0000000100000000)
  region size 1024K, 19 young (19456K), 4 survivors (4096K)
 Metaspace       used 20596K, capacity 21092K, committed 21248K, reserved 1067008K
  class space    used 2526K, capacity 2721K, committed 2816K, reserved 1048576K
}
Event: 2.391 GC heap after
{Heap after GC invocations=5 (full 0):
 garbage-first heap   total 131072K, used 16775K [0x0000000080000000, 0x0000000100000000)
  region size 1024K, 4 young (4096K), 4 survivors (4096K)
 Metaspace       used 20596K, capacity 21092K, committed 21248K, reserved 1067008K
  class space    used 2526K, capacity 2721K, committed 2816K, reserved 1048576K
}
Event: 3.292 GC heap before
{Heap before GC invocations=6 (full 0):
 garbage-first heap   total 131072K, used 80263K [0x0000000080000000, 0x0000000100000000)
  region size 1024K, 58 young (59392K), 4 survivors (4096K)
 Metaspace       used 26273K, capacity 27050K, committed 27264K, reserved 1073152K
  class space    used 3429K, capacity 3688K, committed 3712K, reserved 1048576K
}
Event: 3.300 GC heap after
{Heap after GC invocations=7 (full 0):
 garbage-first heap   total 157696K, used 30745K [0x0000000080000000, 0x0000000100000000)
  region size 1024K, 8 young (8192K), 8 survivors (8192K)
 Metaspace       used 26273K, capacity 27050K, committed 27264K, reserved 1073152K
  class space    used 3429K, capacity 3688K, committed 3712K, reserved 1048576K
}
Event: 4.096 GC heap before
{Heap before GC invocations=7 (full 0):
 garbage-first heap   total 157696K, used 79897K [0x0000000080000000, 0x0000000100000000)
  region size 1024K, 58 young (59392K), 8 survivors (8192K)
 Metaspace       used 35030K, capacity 35763K, committed 35840K, reserved 1081344K
  class space    used 4545K, capacity 4826K, committed 4864K, reserved 1048576K
}
Event: 4.107 GC heap after
{Heap after GC invocations=8 (full 0):
 garbage-first heap   total 157696K, used 34639K [0x0000000080000000, 0x0000000100000000)
  region size 1024K, 9 young (9216K), 9 survivors (9216K)
 Metaspace       used 35030K, capacity 35763K, committed 35840K, reserved 1081344K
  class space    used 4545K, capacity 4826K, committed 4864K, reserved 1048576K
}

Deoptimization events (20 events):
Event: 4.956 Thread 0x000001f1beb84800 Uncommon trap: trap_request=0xffffffbe fr.pc=0x000001f1ae158de0 relative=0x0000000000000700
Event: 4.957 Thread 0x000001f1beb84800 Uncommon trap: reason=profile_predicate action=maybe_recompile pc=0x000001f1ae158de0 method=java.lang.PublicMethods$MethodList.filter([Ljava/lang/reflect/Method;Ljava/lang/String;[Ljava/lang/Class;Z)Ljava/lang/PublicMethods$MethodList; @ 21 c2
Event: 4.957 Thread 0x000001f1beb84800 DEOPT PACKING pc=0x000001f1ae158de0 sp=0x0000000de12f7130
Event: 4.957 Thread 0x000001f1beb84800 DEOPT UNPACKING pc=0x000001f1a65674af sp=0x0000000de12f70e8 mode 2
Event: 4.957 Thread 0x000001f1beb84800 Uncommon trap: trap_request=0xffffffbe fr.pc=0x000001f1ae158de0 relative=0x0000000000000700
Event: 4.957 Thread 0x000001f1beb84800 Uncommon trap: reason=profile_predicate action=maybe_recompile pc=0x000001f1ae158de0 method=java.lang.PublicMethods$MethodList.filter([Ljava/lang/reflect/Method;Ljava/lang/String;[Ljava/lang/Class;Z)Ljava/lang/PublicMethods$MethodList; @ 21 c2
Event: 4.957 Thread 0x000001f1beb84800 DEOPT PACKING pc=0x000001f1ae158de0 sp=0x0000000de12f7080
Event: 4.957 Thread 0x000001f1beb84800 DEOPT UNPACKING pc=0x000001f1a65674af sp=0x0000000de12f7038 mode 2
Event: 4.957 Thread 0x000001f1beb84800 Uncommon trap: trap_request=0xffffffbe fr.pc=0x000001f1ae158de0 relative=0x0000000000000700
Event: 4.957 Thread 0x000001f1beb84800 Uncommon trap: reason=profile_predicate action=maybe_recompile pc=0x000001f1ae158de0 method=java.lang.PublicMethods$MethodList.filter([Ljava/lang/reflect/Method;Ljava/lang/String;[Ljava/lang/Class;Z)Ljava/lang/PublicMethods$MethodList; @ 21 c2
Event: 4.957 Thread 0x000001f1beb84800 DEOPT PACKING pc=0x000001f1ae158de0 sp=0x0000000de12f7130
Event: 4.957 Thread 0x000001f1beb84800 DEOPT UNPACKING pc=0x000001f1a65674af sp=0x0000000de12f70e8 mode 2
Event: 4.958 Thread 0x000001f1beb84800 Uncommon trap: trap_request=0xffffffbe fr.pc=0x000001f1ae158de0 relative=0x0000000000000700
Event: 4.958 Thread 0x000001f1beb84800 Uncommon trap: reason=profile_predicate action=maybe_recompile pc=0x000001f1ae158de0 method=java.lang.PublicMethods$MethodList.filter([Ljava/lang/reflect/Method;Ljava/lang/String;[Ljava/lang/Class;Z)Ljava/lang/PublicMethods$MethodList; @ 21 c2
Event: 4.958 Thread 0x000001f1beb84800 DEOPT PACKING pc=0x000001f1ae158de0 sp=0x0000000de12f7130
Event: 4.958 Thread 0x000001f1beb84800 DEOPT UNPACKING pc=0x000001f1a65674af sp=0x0000000de12f70e8 mode 2
Event: 4.967 Thread 0x000001f1beb84800 Uncommon trap: trap_request=0xffffff4d fr.pc=0x000001f1ae0b799c relative=0x000000000000063c
Event: 4.967 Thread 0x000001f1beb84800 Uncommon trap: reason=unstable_if action=reinterpret pc=0x000001f1ae0b799c method=java.util.jar.Manifest$FastInputStream.readLine([BII)I @ 130 c2
Event: 4.967 Thread 0x000001f1beb84800 DEOPT PACKING pc=0x000001f1ae0b799c sp=0x0000000de12f6890
Event: 4.967 Thread 0x000001f1beb84800 DEOPT UNPACKING pc=0x000001f1a65674af sp=0x0000000de12f6820 mode 2

Classes redefined (0 events):
No events

Internal exceptions (20 events):
Event: 4.959 Thread 0x000001f1beb84800 Exception <a 'java/lang/ClassNotFoundException'{0x0000000086994958}: JetGradlePluginBeanInfo> (0x0000000086994958) thrown at [./src/hotspot/share/classfile/systemDictionary.cpp, line 231]
Event: 4.959 Thread 0x000001f1beb84800 Exception <a 'java/lang/ClassNotFoundException'{0x000000008699f518}: JetGradlePluginCustomizer> (0x000000008699f518) thrown at [./src/hotspot/share/classfile/systemDictionary.cpp, line 231]
Event: 4.961 Thread 0x000001f1beb84800 Exception <a 'java/lang/ClassNotFoundException'{0x00000000869d8868}: groovy/lang/ReferenceBeanInfo> (0x00000000869d8868) thrown at [./src/hotspot/share/classfile/systemDictionary.cpp, line 231]
Event: 4.961 Thread 0x000001f1beb84800 Exception <a 'java/lang/ClassNotFoundException'{0x00000000869f48e0}: groovy/lang/ReferenceCustomizer> (0x00000000869f48e0) thrown at [./src/hotspot/share/classfile/systemDictionary.cpp, line 231]
Event: 4.965 Thread 0x000001f1beb84800 Exception <a 'java/lang/ClassNotFoundException'{0x0000000086830288}: RegistryProcessorBeanInfo> (0x0000000086830288) thrown at [./src/hotspot/share/classfile/systemDictionary.cpp, line 231]
Event: 4.965 Thread 0x000001f1beb84800 Exception <a 'java/lang/ClassNotFoundException'{0x000000008683b008}: RegistryProcessorCustomizer> (0x000000008683b008) thrown at [./src/hotspot/share/classfile/systemDictionary.cpp, line 231]
Event: 4.970 Thread 0x000001f1beb84800 Exception <a 'java/lang/ClassNotFoundException'{0x00000000868a92c0}: org/jetbrains/plugins/gradle/tooling/internal/ExtraModelBuilderBeanInfo> (0x00000000868a92c0) thrown at [./src/hotspot/share/classfile/systemDictionary.cpp, line 231]
Event: 4.970 Thread 0x000001f1beb84800 Exception <a 'java/lang/ClassNotFoundException'{0x00000000868b55a0}: org/jetbrains/plugins/gradle/tooling/internal/ExtraModelBuilderCustomizer> (0x00000000868b55a0) thrown at [./src/hotspot/share/classfile/systemDictionary.cpp, line 231]
Event: 5.023 Thread 0x000001f1beb84800 Exception <a 'java/lang/ClassNotFoundException'{0x00000000859cee10}: org/gradle/util/GradleVersionBeanInfo> (0x00000000859cee10) thrown at [./src/hotspot/share/classfile/systemDictionary.cpp, line 231]
Event: 5.024 Thread 0x000001f1beb84800 Exception <a 'java/lang/ClassNotFoundException'{0x00000000859ee908}: org/gradle/util/GradleVersionCustomizer> (0x00000000859ee908) thrown at [./src/hotspot/share/classfile/systemDictionary.cpp, line 231]
Event: 5.029 Thread 0x000001f1beb84800 Exception <a 'java/lang/ClassNotFoundException'{0x00000000858519a8}: org/jetbrains/plugins/gradle/tooling/builder/WarModelBuilderImplBeanInfo> (0x00000000858519a8) thrown at [./src/hotspot/share/classfile/systemDictionary.cpp, line 231]
Event: 5.030 Thread 0x000001f1beb84800 Exception <a 'java/lang/ClassNotFoundException'{0x000000008585de38}: org/jetbrains/plugins/gradle/tooling/AbstractModelBuilderServiceBeanInfo> (0x000000008585de38) thrown at [./src/hotspot/share/classfile/systemDictionary.cpp, line 231]
Event: 5.030 Thread 0x000001f1beb84800 Exception <a 'java/lang/ClassNotFoundException'{0x000000008586a3e0}: org/jetbrains/plugins/gradle/tooling/AbstractModelBuilderServiceCustomizer> (0x000000008586a3e0) thrown at [./src/hotspot/share/classfile/systemDictionary.cpp, line 231]
Event: 5.030 Thread 0x000001f1beb84800 Exception <a 'java/lang/ClassNotFoundException'{0x0000000085879808}: org/jetbrains/plugins/gradle/tooling/builder/WarModelBuilderImplCustomizer> (0x0000000085879808) thrown at [./src/hotspot/share/classfile/systemDictionary.cpp, line 231]
Event: 5.036 Thread 0x000001f1beb84800 Exception <a 'java/lang/ClassNotFoundException'{0x00000000858dede0}: org/jetbrains/plugins/gradle/tooling/builder/EarModelBuilderImplBeanInfo> (0x00000000858dede0) thrown at [./src/hotspot/share/classfile/systemDictionary.cpp, line 231]
Event: 5.036 Thread 0x000001f1beb84800 Exception <a 'java/lang/ClassNotFoundException'{0x00000000858eb388}: org/jetbrains/plugins/gradle/tooling/builder/EarModelBuilderImplCustomizer> (0x00000000858eb388) thrown at [./src/hotspot/share/classfile/systemDictionary.cpp, line 231]
Event: 5.045 Thread 0x000001f1beb84800 Exception <a 'java/lang/ClassNotFoundException'{0x00000000857bacc8}: org/jetbrains/plugins/gradle/tooling/builder/ScalaModelBuilderImplBeanInfo> (0x00000000857bacc8) thrown at [./src/hotspot/share/classfile/systemDictionary.cpp, line 231]
Event: 5.045 Thread 0x000001f1beb84800 Exception <a 'java/lang/ClassNotFoundException'{0x00000000857c7358}: org/jetbrains/plugins/gradle/tooling/builder/ScalaModelBuilderImplCustomizer> (0x00000000857c7358) thrown at [./src/hotspot/share/classfile/systemDictionary.cpp, line 231]
Event: 5.052 Thread 0x000001f1beb84800 Exception <a 'java/lang/ClassNotFoundException'{0x000000008562f678}: org/jetbrains/plugins/gradle/tooling/builder/ExternalProjectBuilderImpl$1BeanInfo> (0x000000008562f678) thrown at [./src/hotspot/share/classfile/systemDictionary.cpp, line 231]
Event: 5.052 Thread 0x000001f1beb84800 Exception <a 'java/lang/ClassNotFoundException'{0x000000008563c000}: org/jetbrains/plugins/gradle/tooling/builder/ExternalProjectBuilderImpl$1Customizer> (0x000000008563c000) thrown at [./src/hotspot/share/classfile/systemDictionary.cpp, line 231]

Events (20 events):
Event: 5.052 loading class org/jetbrains/plugins/gradle/tooling/builder/ExternalProjectBuilderImpl$1BeanInfo
Event: 5.052 loading class org/jetbrains/plugins/gradle/tooling/builder/ExternalProjectBuilderImpl$1BeanInfo done
Event: 5.052 loading class org/jetbrains/plugins/gradle/tooling/builder/ExternalProjectBuilderImpl$1Customizer
Event: 5.052 loading class org/jetbrains/plugins/gradle/tooling/builder/ExternalProjectBuilderImpl$1Customizer done
Event: 5.052 loading class org/jetbrains/plugins/gradle/tooling/builder/ExternalProjectBuilderImpl$1Customizer
Event: 5.052 loading class org/jetbrains/plugins/gradle/tooling/builder/ExternalProjectBuilderImpl$1Customizer done
Event: 5.052 loading class org/jetbrains/plugins/gradle/model/ExternalProject
Event: 5.052 loading class org/jetbrains/plugins/gradle/model/ExternalProject done
Event: 5.052 loading class org/gradle/tooling/model/Model
Event: 5.052 loading class org/gradle/tooling/model/Model done
Event: 5.052 loading class org/gradle/tooling/model/Model
Event: 5.052 loading class org/gradle/tooling/model/Model done
Event: 5.053 loading class groovy/runtime/metaclass/org/jetbrains/plugins/gradle/tooling/builder/ExternalProjectBuilderImplMetaClass
Event: 5.053 loading class groovy/runtime/metaclass/org/jetbrains/plugins/gradle/tooling/builder/ExternalProjectBuilderImplMetaClass done
Event: 5.054 loading class org/jetbrains/plugins/gradle/tooling/builder/TasksFactory
Event: 5.054 loading class org/jetbrains/plugins/gradle/tooling/builder/TasksFactory done
Event: 5.054 loading class org/jetbrains/plugins/gradle/model/DefaultExternalProject
Event: 5.054 loading class org/jetbrains/plugins/gradle/model/DefaultExternalProject done
Event: 5.054 loading class org/jetbrains/plugins/gradle/model/ExternalProjectPreview
Event: 5.054 loading class org/jetbrains/plugins/gradle/model/ExternalProjectPreview done


Dynamic libraries:
0x00007ff776940000 - 0x00007ff77694a000 	C:\Program Files\Android\Android Studio\jre\bin\java.exe
0x00007ffd2c170000 - 0x00007ffd2c365000 	C:\Windows\SYSTEM32\ntdll.dll
0x00007ffd2b420000 - 0x00007ffd2b4dd000 	C:\Windows\System32\KERNEL32.DLL
0x00007ffd29d30000 - 0x00007ffd29ff9000 	C:\Windows\System32\KERNELBASE.dll
0x00007ffd2a0a0000 - 0x00007ffd2a1a0000 	C:\Windows\System32\ucrtbase.dll
0x00007ffd17370000 - 0x00007ffd17389000 	C:\Program Files\Android\Android Studio\jre\bin\jli.dll
0x00007ffd2b280000 - 0x00007ffd2b420000 	C:\Windows\System32\USER32.dll
0x00007ffd2a1a0000 - 0x00007ffd2a1c2000 	C:\Windows\System32\win32u.dll
0x00007ffd2b250000 - 0x00007ffd2b27a000 	C:\Windows\System32\GDI32.dll
0x00007ffd299d0000 - 0x00007ffd29adb000 	C:\Windows\System32\gdi32full.dll
0x00007ffd2a000000 - 0x00007ffd2a09d000 	C:\Windows\System32\msvcp_win.dll
0x00007ffd15070000 - 0x00007ffd15087000 	C:\Program Files\Android\Android Studio\jre\bin\VCRUNTIME140.dll
0x00007ffd28cb0000 - 0x00007ffd28f4a000 	C:\Windows\WinSxS\amd64_microsoft.windows.common-controls_6595b64144ccf1df_6.0.19041.1110_none_60b5254171f9507e\COMCTL32.dll
0x00007ffd2a840000 - 0x00007ffd2a8de000 	C:\Windows\System32\msvcrt.dll
0x00007ffd2a6c0000 - 0x00007ffd2a6f0000 	C:\Windows\System32\IMM32.DLL
0x00007ffd0bff0000 - 0x00007ffd0c08d000 	C:\Program Files\Android\Android Studio\jre\bin\msvcp140.dll
0x00007ffce4760000 - 0x00007ffce521c000 	C:\Program Files\Android\Android Studio\jre\bin\server\jvm.dll
0x00007ffd2a610000 - 0x00007ffd2a6bc000 	C:\Windows\System32\ADVAPI32.dll
0x00007ffd2a7a0000 - 0x00007ffd2a83b000 	C:\Windows\System32\sechost.dll
0x00007ffd2a8e0000 - 0x00007ffd2aa0a000 	C:\Windows\System32\RPCRT4.dll
0x00007ffd2ab00000 - 0x00007ffd2ab08000 	C:\Windows\System32\PSAPI.DLL
0x00007ffd24860000 - 0x00007ffd24869000 	C:\Windows\SYSTEM32\WSOCK32.dll
0x00007ffd2bf80000 - 0x00007ffd2bfeb000 	C:\Windows\System32\WS2_32.dll
0x00007ffd16f00000 - 0x00007ffd16f27000 	C:\Windows\SYSTEM32\WINMM.dll
0x00007ffd1f310000 - 0x00007ffd1f31a000 	C:\Windows\SYSTEM32\VERSION.dll
0x00007ffd27ad0000 - 0x00007ffd27ae2000 	C:\Windows\SYSTEM32\kernel.appcore.dll
0x00007ffd21d60000 - 0x00007ffd21d71000 	C:\Program Files\Android\Android Studio\jre\bin\verify.dll
0x00007ffd292c0000 - 0x00007ffd294a4000 	C:\Windows\SYSTEM32\DBGHELP.DLL
0x00007ffd29070000 - 0x00007ffd2909c000 	C:\Windows\SYSTEM32\dbgcore.DLL
0x00007ffd29ae0000 - 0x00007ffd29b63000 	C:\Windows\System32\bcryptPrimitives.dll
0x00007ffd1c330000 - 0x00007ffd1c359000 	C:\Program Files\Android\Android Studio\jre\bin\java.dll
0x00007ffd24480000 - 0x00007ffd2448b000 	C:\Program Files\Android\Android Studio\jre\bin\jimage.dll
0x00007ffd1b9f0000 - 0x00007ffd1ba08000 	C:\Program Files\Android\Android Studio\jre\bin\zip.dll
0x00007ffd2ab10000 - 0x00007ffd2b24f000 	C:\Windows\System32\SHELL32.dll
0x00007ffd27340000 - 0x00007ffd27ad0000 	C:\Windows\SYSTEM32\windows.storage.dll
0x00007ffd2b700000 - 0x00007ffd2ba55000 	C:\Windows\System32\combase.dll
0x00007ffd28c10000 - 0x00007ffd28c3c000 	C:\Windows\SYSTEM32\Wldp.dll
0x00007ffd2a6f0000 - 0x00007ffd2a79e000 	C:\Windows\System32\SHCORE.dll
0x00007ffd2c0c0000 - 0x00007ffd2c115000 	C:\Windows\System32\shlwapi.dll
0x00007ffd297e0000 - 0x00007ffd297ff000 	C:\Windows\SYSTEM32\profapi.dll
0x00007ffd1b9d0000 - 0x00007ffd1b9ea000 	C:\Program Files\Android\Android Studio\jre\bin\net.dll
0x00007ffd1b760000 - 0x00007ffd1b868000 	C:\Windows\SYSTEM32\WINHTTP.dll
0x00007ffd28ae0000 - 0x00007ffd28b4a000 	C:\Windows\system32\mswsock.dll
0x00007ffd1a5a0000 - 0x00007ffd1a5b4000 	C:\Program Files\Android\Android Studio\jre\bin\nio.dll
0x00007ffd0b6d0000 - 0x00007ffd0b6f7000 	C:\Users\QuangThanh\.gradle\native\fdc75f09e3144964f2cf3f50f0aa648679c211496f362492102eb8c894070792\windows-amd64\native-platform.dll
0x00007ffcec650000 - 0x00007ffcec7e6000 	C:\Users\QuangThanh\.gradle\native\12488b8bf47d2d4c9fbf2f6322a914ad602e24e48041cd04a747c6da556b65c4\windows-amd64\native-platform-file-events.dll
0x00007ffd22f70000 - 0x00007ffd22f7a000 	C:\Program Files\Android\Android Studio\jre\bin\management.dll
0x00007ffd223f0000 - 0x00007ffd223fc000 	C:\Program Files\Android\Android Studio\jre\bin\management_ext.dll
0x00007ffd29620000 - 0x00007ffd29638000 	C:\Windows\SYSTEM32\CRYPTSP.dll
0x00007ffd28310000 - 0x00007ffd28344000 	C:\Windows\system32\rsaenh.dll
0x00007ffd299a0000 - 0x00007ffd299c7000 	C:\Windows\System32\bcrypt.dll
0x00007ffd29760000 - 0x00007ffd2978e000 	C:\Windows\SYSTEM32\USERENV.dll
0x00007ffd28bd0000 - 0x00007ffd28bdc000 	C:\Windows\SYSTEM32\CRYPTBASE.dll
0x00007ffd28660000 - 0x00007ffd2869b000 	C:\Windows\SYSTEM32\IPHLPAPI.DLL
0x00007ffd2c120000 - 0x00007ffd2c128000 	C:\Windows\System32\NSI.dll
0x00007ffd1f2b0000 - 0x00007ffd1f2c7000 	C:\Windows\SYSTEM32\dhcpcsvc6.DLL
0x00007ffd1f6a0000 - 0x00007ffd1f6bd000 	C:\Windows\SYSTEM32\dhcpcsvc.DLL
0x00007ffd286a0000 - 0x00007ffd2876c000 	C:\Windows\SYSTEM32\DNSAPI.dll
0x00007ffd20020000 - 0x00007ffd2002b000 	C:\Windows\SYSTEM32\WINNSI.DLL

dbghelp: loaded successfully - version: 4.0.5 - missing functions: none
symbol engine: initialized successfully - sym options: 0x614 - pdb path: .;C:\Program Files\Android\Android Studio\jre\bin;C:\Windows\SYSTEM32;C:\Windows\WinSxS\amd64_microsoft.windows.common-controls_6595b64144ccf1df_6.0.19041.1110_none_60b5254171f9507e;C:\Program Files\Android\Android Studio\jre\bin\server;C:\Users\QuangThanh\.gradle\native\fdc75f09e3144964f2cf3f50f0aa648679c211496f362492102eb8c894070792\windows-amd64;C:\Users\QuangThanh\.gradle\native\12488b8bf47d2d4c9fbf2f6322a914ad602e24e48041cd04a747c6da556b65c4\windows-amd64

VM Arguments:
jvm_args: --add-opens=java.base/java.util=ALL-UNNAMED --add-opens=java.base/java.lang=ALL-UNNAMED --add-opens=java.base/java.lang.invoke=ALL-UNNAMED --add-opens=java.prefs/java.util.prefs=ALL-UNNAMED -Xmx2048m -Dfile.encoding=UTF-8 -Duser.country=US -Duser.language=en -Duser.variant 
java_command: org.gradle.launcher.daemon.bootstrap.GradleDaemon 6.7.1
java_class_path (initial): C:\Users\QuangThanh\.gradle\wrapper\dists\gradle-6.7.1-bin\bwlcbys1h7rz3272sye1xwiv6\gradle-6.7.1\lib\gradle-launcher-6.7.1.jar
Launcher Type: SUN_STANDARD

[Global flags]
     intx CICompilerCount                          = 3                                         {product} {ergonomic}
     uint ConcGCThreads                            = 1                                         {product} {ergonomic}
     uint G1ConcRefinementThreads                  = 4                                         {product} {ergonomic}
   size_t G1HeapRegionSize                         = 1048576                                   {product} {ergonomic}
    uintx GCDrainStackTargetSize                   = 64                                        {product} {ergonomic}
   size_t InitialHeapSize                          = 134217728                                 {product} {ergonomic}
   size_t MarkStackSize                            = 4194304                                   {product} {ergonomic}
   size_t MaxHeapSize                              = 2147483648                                {product} {command line}
   size_t MaxNewSize                               = 1287651328                                {product} {ergonomic}
   size_t MinHeapDeltaBytes                        = 1048576                                   {product} {ergonomic}
    uintx NonNMethodCodeHeapSize                   = 5830732                                {pd product} {ergonomic}
    uintx NonProfiledCodeHeapSize                  = 122913754                              {pd product} {ergonomic}
    uintx ProfiledCodeHeapSize                     = 122913754                              {pd product} {ergonomic}
    uintx ReservedCodeCacheSize                    = 251658240                              {pd product} {ergonomic}
     bool SegmentedCodeCache                       = true                                      {product} {ergonomic}
     bool UseCompressedClassPointers               = true                                 {lp64_product} {ergonomic}
     bool UseCompressedOops                        = true                                 {lp64_product} {ergonomic}
     bool UseG1GC                                  = true                                      {product} {ergonomic}
     bool UseLargePagesIndividualAllocation        = false                                  {pd product} {ergonomic}

Logging:
Log output configuration:
 #0: stdout all=warning uptime,level,tags
 #1: stderr all=off uptime,level,tags

Environment Variables:
JAVA_HOME=C:\Program Files\Java\jdk-13.0.1\
CLASSPATH=C:\Program Files\Java\jdk-13.0.1\lib
PATH=C:\ProgramData\Oracle\Java\javapath;C:\Program Files (x86)\Common Files\Oracle\Java\javapath;C:\Program Files\Java\jdk-13.0.1\bin;C:\Windows\system32;C:\Windows;C:\Windows\System32\Wbem;C:\Windows\System32\WindowsPowerShell\v1.0\;C:\Windows\System32\OpenSSH\;C:\Program Files\NVIDIA Corporation\NVIDIA NvDLISR;C:\Program Files\Git\cmd;C:\Program Files (x86)\NVIDIA Corporation\PhysX\Common;C:\Program Files\dotnet\;C:\Program Files\Microsoft SQL Server\130\Tools\Binn\;C:\Program Files\Microsoft SQL Server\Client SDK\ODBC\170\Tools\Binn\;C:\Program Files\nodejs\;";C:\Users\QuangThanh\AppData\Local\Android\Sdk\platform-tools;C:\Users\QuangThanh\AppData\Local\Android\Sdk\tools;C:\Users\QuangThanh\AppData\Local\Android\Sdk\tools\bin";C:\Users\QuangThanh\AppData\Roaming\npm;C:\Program Files\Java\jdk-13.0.1\bin;D:\VisualCode\Microsoft VS Code\bin
USERNAME=MSI
OS=Windows_NT
PROCESSOR_IDENTIFIER=Intel64 Family 6 Model 158 Stepping 9, GenuineIntel



---------------  S Y S T E M  ---------------

OS: Windows 10 , 64 bit Build 19041 (10.0.19041.1151)
OS uptime: 11 days 11:08 hours

CPU:total 4 (initial active 4) (4 cores per cpu, 1 threads per core) family 6 model 158 stepping 9, cmov, cx8, fxsr, mmx, sse, sse2, sse3, ssse3, sse4.1, sse4.2, popcnt, avx, avx2, aes, clmul, erms, 3dnowpref, lzcnt, tsc, tscinvbit, bmi1, bmi2, adx, fma

Memory: 4k page, system-wide physical 8109M (335M free)
TotalPageFile size 32685M (AvailPageFile size 4M)
current process WorkingSet (physical memory assigned to process): 269M, peak: 269M
current process commit charge ("private bytes"): 323M, peak: 323M

vm_info: OpenJDK 64-Bit Server VM (11.0.8+10-b944.6842174) for windows-amd64 JRE (11.0.8+10-b944.6842174), built on Sep 19 2020 01:11:42 by "builder" with MS VC++ 14.0 (VS2015)

END.
