#
# There is insufficient memory for the Java Runtime Environment to continue.
# Native memory allocation (malloc) failed to allocate 1392416 bytes for Chunk::new
# Possible reasons:
#   The system is out of physical RAM or swap space
#   The process is running with CompressedOops enabled, and the Java Heap may be blocking the growth of the native heap
# Possible solutions:
#   Reduce memory load on the system
#   Increase physical memory or swap space
#   Check if swap backing store is full
#   Decrease Java heap size (-Xmx/-Xms)
#   Decrease number of Java threads
#   Decrease Java thread stack sizes (-Xss)
#   Set larger code cache with -XX:ReservedCodeCacheSize=
#   JVM is running with Unscaled Compressed Oops mode in which the Java heap is
#     placed in the first 4GB address space. The Java Heap base address is the
#     maximum limit for the native heap growth. Please use -XX:HeapBaseMinAddress
#     to set the Java Heap base and to place the Java Heap above 4GB virtual address.
# This output file may be truncated or incomplete.
#
#  Out of Memory Error (t:/workspace/open/src/hotspot/share/memory/arena.cpp:196), pid=23272, tid=928
#
# JRE version: Java(TM) SE Runtime Environment (13.0.1+9) (build 13.0.1+9)
# Java VM: Java HotSpot(TM) 64-Bit Server VM (13.0.1+9, mixed mode, sharing, tiered, compressed oops, g1 gc, windows-amd64)
# No core dump will be written. Minidumps are not enabled by default on client versions of Windows
#

---------------  S U M M A R Y ------------

Command Line: --add-opens=java.base/java.util=ALL-UNNAMED --add-opens=java.base/java.lang=ALL-UNNAMED --add-opens=java.base/java.lang.invoke=ALL-UNNAMED --add-opens=java.prefs/java.util.prefs=ALL-UNNAMED -Xmx2048m -Dfile.encoding=UTF-8 -Duser.country=US -Duser.language=en -Duser.variant org.gradle.launcher.daemon.bootstrap.GradleDaemon 6.7.1

Host: Intel(R) Core(TM) i5-7300HQ CPU @ 2.50GHz, 4 cores, 7G,  Windows 10 , 64 bit Build 19041 (10.0.19041.1151)
Time: Tue Aug 24 17:46:55 2021 SE Asia Standard Time elapsed time: 8 seconds (0d 0h 0m 8s)

---------------  T H R E A D  ---------------

Current thread (0x00000237617b6000):  JavaThread "C2 CompilerThread0" daemon [_thread_in_native, id=928, stack(0x000000cd34100000,0x000000cd34200000)]


Current CompileTask:
C2:   8619 5057   !   4       java.net.URLClassLoader::findClass (47 bytes)

Stack: [0x000000cd34100000,0x000000cd34200000]
Native frames: (J=compiled Java code, j=interpreted, Vv=VM code, C=native code)
V  [jvm.dll+0x626eca]
V  [jvm.dll+0x772c6a]
V  [jvm.dll+0x77441f]
V  [jvm.dll+0x774a23]
V  [jvm.dll+0x24da58]
V  [jvm.dll+0xc3ae7]
V  [jvm.dll+0xc406c]
V  [jvm.dll+0x2bfa84]
V  [jvm.dll+0x545e6d]
V  [jvm.dll+0x20fd2a]
V  [jvm.dll+0x209740]
V  [jvm.dll+0x2069bd]
V  [jvm.dll+0x18b94c]
V  [jvm.dll+0x2159bd]
V  [jvm.dll+0x213e6b]
V  [jvm.dll+0x738b16]
V  [jvm.dll+0x731c0a]
V  [jvm.dll+0x6260c6]
C  [ucrtbase.dll+0x21bb2]
C  [KERNEL32.DLL+0x17034]
C  [ntdll.dll+0x52651]


---------------  P R O C E S S  ---------------

Threads class SMR info:
_java_thread_list=0x000002376a753c00, length=132, elements={
0x00000237428bc000, 0x0000023761799800, 0x000002376179a800, 0x00000237617b3000,
0x00000237617b4000, 0x00000237617b6000, 0x00000237617bf000, 0x00000237617c3000,
0x000002376222c000, 0x0000023762230800, 0x0000023763920000, 0x0000023762c73800,
0x00000237632ac800, 0x0000023763d33000, 0x0000023763b79800, 0x0000023763d4d800,
0x0000023763177000, 0x0000023763178000, 0x0000023763b48800, 0x00000237638a0000,
0x0000023763e65000, 0x0000023763e66800, 0x0000023763e66000, 0x0000023763e61000,
0x0000023763e63800, 0x0000023763e67800, 0x0000023763e64000, 0x0000023763e62000,
0x0000023763e62800, 0x0000023766e2a000, 0x0000023766e2a800, 0x0000023766e29000,
0x0000023766e2b800, 0x0000023766e2c000, 0x0000023766e2d000, 0x0000023766e2e000,
0x0000023766e28000, 0x0000023766e2f800, 0x0000023766e30800, 0x0000023766e31000,
0x0000023766e32000, 0x0000023766e33000, 0x0000023766e33800, 0x0000023766e34800,
0x0000023766e2e800, 0x0000023766e35000, 0x0000023766e36000, 0x0000023766e37000,
0x0000023768aa2800, 0x0000023768aa0000, 0x0000023768aa3000, 0x0000023767bac000,
0x0000023768aa1800, 0x0000023768aa5000, 0x0000023768aa1000, 0x0000023768a9f000,
0x0000023768aa8000, 0x0000023768aa6800, 0x0000023768aaa000, 0x0000023768aa9000,
0x0000023768aa5800, 0x0000023768aad000, 0x0000023768aa7800, 0x0000023768aac000,
0x0000023768aaa800, 0x0000023768aae000, 0x0000023768aab800, 0x0000023769ac8800,
0x0000023769ac6800, 0x0000023769ac6000, 0x0000023769ac9000, 0x0000023769aca000,
0x0000023769ac7800, 0x0000023769acb000, 0x0000023769ac5000, 0x0000023769ace000,
0x0000023769ad0800, 0x0000023769acf000, 0x0000023769acf800, 0x0000023769ad1800,
0x0000023769acb800, 0x0000023769ad2000, 0x0000023769acc800, 0x0000023769ad3000,
0x0000023769acd000, 0x0000023769ad3800, 0x00000237663c2000, 0x00000237663c4000,
0x00000237663c4800, 0x00000237663c5800, 0x00000237663c1800, 0x00000237663c3000,
0x00000237663c0000, 0x00000237663c6800, 0x00000237663c0800, 0x00000237663c7000,
0x00000237663c8800, 0x00000237663ca800, 0x00000237663cc000, 0x00000237663c9800,
0x00000237663cd000, 0x00000237663cd800, 0x00000237663cb000, 0x00000237663c8000,
0x00000237663ce800, 0x0000023769f5e800, 0x0000023769f62800, 0x0000023769f61800,
0x0000023769f63000, 0x0000023769f60000, 0x0000023769f61000, 0x0000023769f5f000,
0x0000023769f5d800, 0x0000023769f67800, 0x0000023769f65800, 0x0000023769f6a000,
0x0000023769f65000, 0x0000023769f68000, 0x0000023769f69000, 0x0000023769f64000,
0x0000023769f6a800, 0x0000023769f6b800, 0x0000023769f6c000, 0x0000023769f66800,
0x000002376716a800, 0x000002376716c000, 0x000002376716c800, 0x000002376716b000,
0x0000023767168000, 0x0000023767167000, 0x000002376716d800, 0x000002376716e800
}

Java Threads: ( => current thread )
  0x00000237428bc000 JavaThread "main" [_thread_blocked, id=24000, stack(0x000000cd33600000,0x000000cd33700000)]
  0x0000023761799800 JavaThread "Reference Handler" daemon [_thread_blocked, id=24040, stack(0x000000cd33d00000,0x000000cd33e00000)]
  0x000002376179a800 JavaThread "Finalizer" daemon [_thread_blocked, id=18348, stack(0x000000cd33e00000,0x000000cd33f00000)]
  0x00000237617b3000 JavaThread "Signal Dispatcher" daemon [_thread_blocked, id=20604, stack(0x000000cd33f00000,0x000000cd34000000)]
  0x00000237617b4000 JavaThread "Attach Listener" daemon [_thread_blocked, id=2668, stack(0x000000cd34000000,0x000000cd34100000)]
=>0x00000237617b6000 JavaThread "C2 CompilerThread0" daemon [_thread_in_native, id=928, stack(0x000000cd34100000,0x000000cd34200000)]
  0x00000237617bf000 JavaThread "C1 CompilerThread0" daemon [_thread_in_native, id=23952, stack(0x000000cd34200000,0x000000cd34300000)]
  0x00000237617c3000 JavaThread "Sweeper thread" daemon [_thread_blocked, id=4072, stack(0x000000cd34300000,0x000000cd34400000)]
  0x000002376222c000 JavaThread "Common-Cleaner" daemon [_thread_blocked, id=17208, stack(0x000000cd34400000,0x000000cd34500000)]
  0x0000023762230800 JavaThread "Service Thread" daemon [_thread_blocked, id=23716, stack(0x000000cd34500000,0x000000cd34600000)]
  0x0000023763920000 JavaThread "Daemon health stats" [_thread_blocked, id=13484, stack(0x000000cd34a00000,0x000000cd34b00000)]
  0x0000023762c73800 JavaThread "Incoming local TCP Connector on port 57442" [_thread_in_native, id=22816, stack(0x000000cd34c00000,0x000000cd34d00000)]
  0x00000237632ac800 JavaThread "Daemon periodic checks" [_thread_blocked, id=12272, stack(0x000000cd34d00000,0x000000cd34e00000)]
  0x0000023763d33000 JavaThread "Daemon" [_thread_blocked, id=8012, stack(0x000000cd34e00000,0x000000cd34f00000)]
  0x0000023763b79800 JavaThread "Handler for socket connection from /127.0.0.1:57442 to /127.0.0.1:57443" [_thread_in_native, id=7900, stack(0x000000cd34f00000,0x000000cd35000000)]
  0x0000023763d4d800 JavaThread "Cancel handler" [_thread_blocked, id=19464, stack(0x000000cd35000000,0x000000cd35100000)]
  0x0000023763177000 JavaThread "Daemon worker" [_thread_in_vm, id=14236, stack(0x000000cd35200000,0x000000cd35300000)]
  0x0000023763178000 JavaThread "Asynchronous log dispatcher for DefaultDaemonConnection: socket connection from /127.0.0.1:57442 to /127.0.0.1:57443" [_thread_blocked, id=8796, stack(0x000000cd35300000,0x000000cd35400000)]
  0x0000023763b48800 JavaThread "Stdin handler" [_thread_blocked, id=14860, stack(0x000000cd35400000,0x000000cd35500000)]
  0x00000237638a0000 JavaThread "Thread-8" [_thread_blocked, id=24188, stack(0x000000cd35500000,0x000000cd35600000)]
  0x0000023763e65000 JavaThread "Cache worker for file hash cache (C:\Users\QuangThanh\.gradle\caches\6.7.1\fileHashes)" [_thread_blocked, id=8144, stack(0x000000cd35700000,0x000000cd35800000)]
  0x0000023763e66800 JavaThread "File lock request listener" [_thread_in_native, id=6972, stack(0x000000cd35800000,0x000000cd35900000)]
  0x0000023763e66000 JavaThread "Cache worker for journal cache (C:\Users\QuangThanh\.gradle\caches\journal-1)" [_thread_blocked, id=13208, stack(0x000000cd35100000,0x000000cd35200000)]
  0x0000023763e61000 JavaThread "Cache worker for file hash cache (F:\FPT_POLY\CNTT\MOB403_AndroidNetworking\AsmFinal_NguyenQuangThanh_PH11399\Assignment\.gradle\6.7.1\fileHashes)" [_thread_blocked, id=23296, stack(0x000000cd35a00000,0x000000cd35b00000)]
  0x0000023763e63800 JavaThread "jar transforms" [_thread_blocked, id=3656, stack(0x000000cd35b00000,0x000000cd35c00000)]
  0x0000023763e67800 JavaThread "jar transforms Thread 2" [_thread_blocked, id=22408, stack(0x000000cd35c00000,0x000000cd35d00000)]
  0x0000023763e64000 JavaThread "jar transforms Thread 3" [_thread_blocked, id=17364, stack(0x000000cd35d00000,0x000000cd35e00000)]
  0x0000023763e62000 JavaThread "jar transforms Thread 4" [_thread_blocked, id=23088, stack(0x000000cd35e00000,0x000000cd35f00000)]
  0x0000023763e62800 JavaThread "jar transforms Thread 5" [_thread_blocked, id=21156, stack(0x000000cd35f00000,0x000000cd36000000)]
  0x0000023766e2a000 JavaThread "jar transforms Thread 6" [_thread_blocked, id=20448, stack(0x000000cd36000000,0x000000cd36100000)]
  0x0000023766e2a800 JavaThread "jar transforms Thread 7" [_thread_blocked, id=11184, stack(0x000000cd36100000,0x000000cd36200000)]
  0x0000023766e29000 JavaThread "jar transforms Thread 8" [_thread_blocked, id=24392, stack(0x000000cd36200000,0x000000cd36300000)]
  0x0000023766e2b800 JavaThread "jar transforms Thread 9" [_thread_blocked, id=23036, stack(0x000000cd36300000,0x000000cd36400000)]
  0x0000023766e2c000 JavaThread "jar transforms Thread 10" [_thread_blocked, id=10024, stack(0x000000cd36400000,0x000000cd36500000)]
  0x0000023766e2d000 JavaThread "jar transforms Thread 11" [_thread_blocked, id=13640, stack(0x000000cd36500000,0x000000cd36600000)]
  0x0000023766e2e000 JavaThread "jar transforms Thread 12" [_thread_blocked, id=22532, stack(0x000000cd36600000,0x000000cd36700000)]
  0x0000023766e28000 JavaThread "jar transforms Thread 13" [_thread_blocked, id=22956, stack(0x000000cd36700000,0x000000cd36800000)]
  0x0000023766e2f800 JavaThread "jar transforms Thread 14" [_thread_blocked, id=24508, stack(0x000000cd36800000,0x000000cd36900000)]
  0x0000023766e30800 JavaThread "jar transforms Thread 15" [_thread_blocked, id=17544, stack(0x000000cd36900000,0x000000cd36a00000)]
  0x0000023766e31000 JavaThread "jar transforms Thread 16" [_thread_blocked, id=23828, stack(0x000000cd36a00000,0x000000cd36b00000)]
  0x0000023766e32000 JavaThread "jar transforms Thread 17" [_thread_blocked, id=14616, stack(0x000000cd36b00000,0x000000cd36c00000)]
  0x0000023766e33000 JavaThread "jar transforms Thread 18" [_thread_blocked, id=5996, stack(0x000000cd36c00000,0x000000cd36d00000)]
  0x0000023766e33800 JavaThread "jar transforms Thread 19" [_thread_blocked, id=6896, stack(0x000000cd36d00000,0x000000cd36e00000)]
  0x0000023766e34800 JavaThread "jar transforms Thread 20" [_thread_blocked, id=20576, stack(0x000000cd36e00000,0x000000cd36f00000)]
  0x0000023766e2e800 JavaThread "jar transforms Thread 21" [_thread_blocked, id=22500, stack(0x000000cd36f00000,0x000000cd37000000)]
  0x0000023766e35000 JavaThread "Cache worker for checksums cache (F:\FPT_POLY\CNTT\MOB403_AndroidNetworking\AsmFinal_NguyenQuangThanh_PH11399\Assignment\.gradle\checksums)" [_thread_blocked, id=16764, stack(0x000000cd37000000,0x000000cd37100000)]
  0x0000023766e36000 JavaThread "Cache worker for cache directory md-supplier (C:\Users\QuangThanh\.gradle\caches\6.7.1\md-supplier)" [_thread_blocked, id=14680, stack(0x000000cd37100000,0x000000cd37200000)]
  0x0000023766e37000 JavaThread "Cache worker for cache directory md-rule (C:\Users\QuangThanh\.gradle\caches\6.7.1\md-rule)" [_thread_blocked, id=1532, stack(0x000000cd37200000,0x000000cd37300000)]
  0x0000023768aa2800 JavaThread "Cache worker for execution history cache (C:\Users\QuangThanh\.gradle\caches\6.7.1\executionHistory)" [_thread_blocked, id=19448, stack(0x000000cd37300000,0x000000cd37400000)]
  0x0000023768aa0000 JavaThread "Cache worker for file content cache (C:\Users\QuangThanh\.gradle\caches\6.7.1\fileContent)" [_thread_blocked, id=22672, stack(0x000000cd37400000,0x000000cd37500000)]
  0x0000023768aa3000 JavaThread "Cache worker for Build Output Cleanup Cache (F:\FPT_POLY\CNTT\MOB403_AndroidNetworking\AsmFinal_NguyenQuangThanh_PH11399\Assignment\.gradle\buildOutputCleanup)" [_thread_blocked, id=23916, stack(0x000000cd37500000,0x000000cd37600000)]
  0x0000023767bac000 JavaThread "C2 CompilerThread1" daemon [_thread_in_native, id=16912, stack(0x000000cd35900000,0x000000cd35a00000)]
  0x0000023768aa1800 JavaThread "Build operations" [_thread_blocked, id=15232, stack(0x000000cd37600000,0x000000cd37700000)]
  0x0000023768aa5000 JavaThread "Build operations Thread 2" [_thread_blocked, id=22668, stack(0x000000cd37700000,0x000000cd37800000)]
  0x0000023768aa1000 JavaThread "Build operations Thread 3" [_thread_blocked, id=24068, stack(0x000000cd37800000,0x000000cd37900000)]
  0x0000023768a9f000 JavaThread "Build operations Thread 4" [_thread_blocked, id=4860, stack(0x000000cd37900000,0x000000cd37a00000)]
  0x0000023768aa8000 JavaThread "jar transforms Thread 22" [_thread_blocked, id=18408, stack(0x000000cd37a00000,0x000000cd37b00000)]
  0x0000023768aa6800 JavaThread "jar transforms Thread 23" [_thread_blocked, id=13648, stack(0x000000cd37b00000,0x000000cd37c00000)]
  0x0000023768aaa000 JavaThread "jar transforms Thread 24" [_thread_blocked, id=10868, stack(0x000000cd37c00000,0x000000cd37d00000)]
  0x0000023768aa9000 JavaThread "jar transforms Thread 25" [_thread_blocked, id=23412, stack(0x000000cd37d00000,0x000000cd37e00000)]
  0x0000023768aa5800 JavaThread "jar transforms Thread 26" [_thread_blocked, id=16400, stack(0x000000cd37e00000,0x000000cd37f00000)]
  0x0000023768aad000 JavaThread "jar transforms Thread 27" [_thread_blocked, id=8448, stack(0x000000cd37f00000,0x000000cd38000000)]
  0x0000023768aa7800 JavaThread "jar transforms Thread 28" [_thread_blocked, id=23184, stack(0x000000cd38000000,0x000000cd38100000)]
  0x0000023768aac000 JavaThread "jar transforms Thread 29" [_thread_blocked, id=20924, stack(0x000000cd38100000,0x000000cd38200000)]
  0x0000023768aaa800 JavaThread "jar transforms Thread 30" [_thread_blocked, id=23632, stack(0x000000cd38200000,0x000000cd38300000)]
  0x0000023768aae000 JavaThread "jar transforms Thread 31" [_thread_blocked, id=20596, stack(0x000000cd38300000,0x000000cd38400000)]
  0x0000023768aab800 JavaThread "jar transforms Thread 32" [_thread_blocked, id=8020, stack(0x000000cd38400000,0x000000cd38500000)]
  0x0000023769ac8800 JavaThread "jar transforms Thread 33" [_thread_blocked, id=24048, stack(0x000000cd38500000,0x000000cd38600000)]
  0x0000023769ac6800 JavaThread "jar transforms Thread 34" [_thread_blocked, id=23256, stack(0x000000cd38600000,0x000000cd38700000)]
  0x0000023769ac6000 JavaThread "jar transforms Thread 35" [_thread_blocked, id=22984, stack(0x000000cd38700000,0x000000cd38800000)]
  0x0000023769ac9000 JavaThread "jar transforms Thread 36" [_thread_blocked, id=20032, stack(0x000000cd38800000,0x000000cd38900000)]
  0x0000023769aca000 JavaThread "jar transforms Thread 37" [_thread_blocked, id=6388, stack(0x000000cd38900000,0x000000cd38a00000)]
  0x0000023769ac7800 JavaThread "jar transforms Thread 38" [_thread_blocked, id=2280, stack(0x000000cd38a00000,0x000000cd38b00000)]
  0x0000023769acb000 JavaThread "jar transforms Thread 39" [_thread_blocked, id=13712, stack(0x000000cd38b00000,0x000000cd38c00000)]
  0x0000023769ac5000 JavaThread "jar transforms Thread 40" [_thread_blocked, id=21736, stack(0x000000cd38c00000,0x000000cd38d00000)]
  0x0000023769ace000 JavaThread "jar transforms Thread 41" [_thread_blocked, id=24088, stack(0x000000cd38d00000,0x000000cd38e00000)]
  0x0000023769ad0800 JavaThread "jar transforms Thread 42" [_thread_blocked, id=23484, stack(0x000000cd38e00000,0x000000cd38f00000)]
  0x0000023769acf000 JavaThread "jar transforms Thread 43" [_thread_blocked, id=11932, stack(0x000000cd38f00000,0x000000cd39000000)]
  0x0000023769acf800 JavaThread "jar transforms Thread 44" [_thread_blocked, id=24412, stack(0x000000cd39000000,0x000000cd39100000)]
  0x0000023769ad1800 JavaThread "jar transforms Thread 45" [_thread_blocked, id=6944, stack(0x000000cd39100000,0x000000cd39200000)]
  0x0000023769acb800 JavaThread "jar transforms Thread 46" [_thread_blocked, id=13156, stack(0x000000cd39200000,0x000000cd39300000)]
  0x0000023769ad2000 JavaThread "jar transforms Thread 47" [_thread_blocked, id=21876, stack(0x000000cd39300000,0x000000cd39400000)]
  0x0000023769acc800 JavaThread "jar transforms Thread 48" [_thread_blocked, id=24480, stack(0x000000cd39400000,0x000000cd39500000)]
  0x0000023769ad3000 JavaThread "jar transforms Thread 49" [_thread_blocked, id=20096, stack(0x000000cd39500000,0x000000cd39600000)]
  0x0000023769acd000 JavaThread "jar transforms Thread 50" [_thread_blocked, id=6180, stack(0x000000cd39600000,0x000000cd39700000)]
  0x0000023769ad3800 JavaThread "jar transforms Thread 51" [_thread_blocked, id=15912, stack(0x000000cd39700000,0x000000cd39800000)]
  0x00000237663c2000 JavaThread "jar transforms Thread 52" [_thread_blocked, id=15160, stack(0x000000cd39800000,0x000000cd39900000)]
  0x00000237663c4000 JavaThread "jar transforms Thread 53" [_thread_blocked, id=23420, stack(0x000000cd39900000,0x000000cd39a00000)]
  0x00000237663c4800 JavaThread "jar transforms Thread 54" [_thread_blocked, id=16328, stack(0x000000cd39a00000,0x000000cd39b00000)]
  0x00000237663c5800 JavaThread "jar transforms Thread 55" [_thread_blocked, id=12660, stack(0x000000cd39b00000,0x000000cd39c00000)]
  0x00000237663c1800 JavaThread "jar transforms Thread 56" [_thread_blocked, id=23132, stack(0x000000cd39c00000,0x000000cd39d00000)]
  0x00000237663c3000 JavaThread "jar transforms Thread 57" [_thread_blocked, id=23532, stack(0x000000cd39d00000,0x000000cd39e00000)]
  0x00000237663c0000 JavaThread "jar transforms Thread 58" [_thread_blocked, id=6420, stack(0x000000cd39e00000,0x000000cd39f00000)]
  0x00000237663c6800 JavaThread "jar transforms Thread 59" [_thread_blocked, id=3568, stack(0x000000cd39f00000,0x000000cd3a000000)]
  0x00000237663c0800 JavaThread "jar transforms Thread 60" [_thread_blocked, id=23328, stack(0x000000cd3a000000,0x000000cd3a100000)]
  0x00000237663c7000 JavaThread "jar transforms Thread 61" [_thread_blocked, id=23044, stack(0x000000cd3a100000,0x000000cd3a200000)]
  0x00000237663c8800 JavaThread "jar transforms Thread 62" [_thread_blocked, id=14432, stack(0x000000cd3a200000,0x000000cd3a300000)]
  0x00000237663ca800 JavaThread "jar transforms Thread 63" [_thread_blocked, id=24176, stack(0x000000cd3a300000,0x000000cd3a400000)]
  0x00000237663cc000 JavaThread "jar transforms Thread 64" [_thread_blocked, id=21188, stack(0x000000cd3a400000,0x000000cd3a500000)]
  0x00000237663c9800 JavaThread "jar transforms Thread 65" [_thread_blocked, id=22752, stack(0x000000cd3a500000,0x000000cd3a600000)]
  0x00000237663cd000 JavaThread "jar transforms Thread 66" [_thread_blocked, id=23704, stack(0x000000cd3a600000,0x000000cd3a700000)]
  0x00000237663cd800 JavaThread "jar transforms Thread 67" [_thread_blocked, id=13148, stack(0x000000cd3a700000,0x000000cd3a800000)]
  0x00000237663cb000 JavaThread "jar transforms Thread 68" [_thread_blocked, id=23308, stack(0x000000cd3a800000,0x000000cd3a900000)]
  0x00000237663c8000 JavaThread "jar transforms Thread 69" [_thread_blocked, id=20532, stack(0x000000cd3a900000,0x000000cd3aa00000)]
  0x00000237663ce800 JavaThread "jar transforms Thread 70" [_thread_blocked, id=5576, stack(0x000000cd3aa00000,0x000000cd3ab00000)]
  0x0000023769f5e800 JavaThread "jar transforms Thread 71" [_thread_blocked, id=16676, stack(0x000000cd3ab00000,0x000000cd3ac00000)]
  0x0000023769f62800 JavaThread "jar transforms Thread 72" [_thread_blocked, id=23408, stack(0x000000cd3ac00000,0x000000cd3ad00000)]
  0x0000023769f61800 JavaThread "jar transforms Thread 73" [_thread_blocked, id=23260, stack(0x000000cd3ad00000,0x000000cd3ae00000)]
  0x0000023769f63000 JavaThread "jar transforms Thread 74" [_thread_blocked, id=21192, stack(0x000000cd3ae00000,0x000000cd3af00000)]
  0x0000023769f60000 JavaThread "jar transforms Thread 75" [_thread_blocked, id=11464, stack(0x000000cd3af00000,0x000000cd3b000000)]
  0x0000023769f61000 JavaThread "jar transforms Thread 76" [_thread_blocked, id=10772, stack(0x000000cd3b000000,0x000000cd3b100000)]
  0x0000023769f5f000 JavaThread "jar transforms Thread 77" [_thread_blocked, id=24112, stack(0x000000cd3b100000,0x000000cd3b200000)]
  0x0000023769f5d800 JavaThread "jar transforms Thread 78" [_thread_blocked, id=13560, stack(0x000000cd3b200000,0x000000cd3b300000)]
  0x0000023769f67800 JavaThread "jar transforms Thread 79" [_thread_blocked, id=19072, stack(0x000000cd3b300000,0x000000cd3b400000)]
  0x0000023769f65800 JavaThread "jar transforms Thread 80" [_thread_blocked, id=16396, stack(0x000000cd3b400000,0x000000cd3b500000)]
  0x0000023769f6a000 JavaThread "jar transforms Thread 81" [_thread_blocked, id=22764, stack(0x000000cd3b500000,0x000000cd3b600000)]
  0x0000023769f65000 JavaThread "jar transforms Thread 82" [_thread_blocked, id=23800, stack(0x000000cd3b600000,0x000000cd3b700000)]
  0x0000023769f68000 JavaThread "jar transforms Thread 83" [_thread_blocked, id=17152, stack(0x000000cd3b700000,0x000000cd3b800000)]
  0x0000023769f69000 JavaThread "jar transforms Thread 84" [_thread_blocked, id=9800, stack(0x000000cd3b800000,0x000000cd3b900000)]
  0x0000023769f64000 JavaThread "jar transforms Thread 85" [_thread_blocked, id=24372, stack(0x000000cd3b900000,0x000000cd3ba00000)]
  0x0000023769f6a800 JavaThread "jar transforms Thread 86" [_thread_blocked, id=24212, stack(0x000000cd3ba00000,0x000000cd3bb00000)]
  0x0000023769f6b800 JavaThread "jar transforms Thread 87" [_thread_blocked, id=22976, stack(0x000000cd3bb00000,0x000000cd3bc00000)]
  0x0000023769f6c000 JavaThread "jar transforms Thread 88" [_thread_blocked, id=11668, stack(0x000000cd3bc00000,0x000000cd3bd00000)]
  0x0000023769f66800 JavaThread "jar transforms Thread 89" [_thread_blocked, id=16708, stack(0x000000cd3bd00000,0x000000cd3be00000)]
  0x000002376716a800 JavaThread "jar transforms Thread 90" [_thread_blocked, id=22244, stack(0x000000cd3be00000,0x000000cd3bf00000)]
  0x000002376716c000 JavaThread "jar transforms Thread 91" [_thread_blocked, id=9876, stack(0x000000cd3bf00000,0x000000cd3c000000)]
  0x000002376716c800 JavaThread "jar transforms Thread 92" [_thread_blocked, id=7768, stack(0x000000cd3c000000,0x000000cd3c100000)]
  0x000002376716b000 JavaThread "jar transforms Thread 93" [_thread_blocked, id=23852, stack(0x000000cd3c100000,0x000000cd3c200000)]
  0x0000023767168000 JavaThread "jar transforms Thread 94" [_thread_blocked, id=19224, stack(0x000000cd3c200000,0x000000cd3c300000)]
  0x0000023767167000 JavaThread "jar transforms Thread 95" [_thread_blocked, id=22704, stack(0x000000cd3c300000,0x000000cd3c400000)]
  0x000002376716d800 JavaThread "jar transforms Thread 96" [_thread_blocked, id=984, stack(0x000000cd3c400000,0x000000cd3c500000)]
  0x000002376716e800 JavaThread "jar transforms Thread 97" [_thread_blocked, id=24008, stack(0x000000cd3c500000,0x000000cd3c600000)]

Other Threads:
  0x0000023761794800 VMThread "VM Thread" [stack: 0x000000cd33c00000,0x000000cd33d00000] [id=24552]
  0x0000023762237000 WatcherThread [stack: 0x000000cd34600000,0x000000cd34700000] [id=23660]
  0x00000237428ff000 GCTaskThread "GC Thread#0" [stack: 0x000000cd33700000,0x000000cd33800000] [id=4392]
  0x0000023762658000 GCTaskThread "GC Thread#1" [stack: 0x000000cd34700000,0x000000cd34800000] [id=16628]
  0x0000023762472000 GCTaskThread "GC Thread#2" [stack: 0x000000cd34800000,0x000000cd34900000] [id=19296]
  0x0000023764166800 GCTaskThread "GC Thread#3" [stack: 0x000000cd35600000,0x000000cd35700000] [id=24072]
  0x0000023742911000 ConcurrentGCThread "G1 Main Marker" [stack: 0x000000cd33800000,0x000000cd33900000] [id=11624]
  0x0000023742912800 ConcurrentGCThread "G1 Conc#0" [stack: 0x000000cd33900000,0x000000cd33a00000] [id=11016]
  0x0000023742993800 ConcurrentGCThread "G1 Refine#0" [stack: 0x000000cd33a00000,0x000000cd33b00000] [id=21492]
  0x0000023742994000 ConcurrentGCThread "G1 Young RemSet Sampling" [stack: 0x000000cd33b00000,0x000000cd33c00000] [id=20288]

Threads with active compile tasks:
C2 CompilerThread0     8661 5057   !   4       java.net.URLClassLoader::findClass (47 bytes)
C1 CompilerThread0     8661 5179       3       org.objectweb.asm.SymbolTable::addConstantUtf8 (98 bytes)
C2 CompilerThread1     8661 5175       4       org.gradle.internal.reflect.MethodSet::add (50 bytes)

VM state:not at safepoint (normal execution)

VM Mutex/Monitor currently owned by a thread: None

Heap address: 0x0000000080000000, size: 2048 MB, Compressed Oops mode: 32-bit
Narrow klass base: 0x0000000800000000, Narrow klass shift: 3
Compressed class space size: 1073741824 Address: 0x0000000800b40000

Heap:
 garbage-first heap   total 106496K, used 76216K [0x0000000080000000, 0x0000000100000000)
  region size 1024K, 18 young (18432K), 3 survivors (3072K)
 Metaspace       used 42924K, capacity 44380K, committed 44672K, reserved 1087488K
  class space    used 5738K, capacity 6161K, committed 6272K, reserved 1048576K
Heap Regions: E=young(eden), S=young(survivor), O=old, HS=humongous(starts), HC=humongous(continues), CS=collection set, F=free, A=archive, TAMS=top-at-mark-start (previous, next)
|   0|0x0000000080000000, 0x0000000080100000, 0x0000000080100000|100%| O|  |TAMS 0x0000000080100000, 0x0000000080000000| Untracked 
|   1|0x0000000080100000, 0x0000000080200000, 0x0000000080200000|100%| O|  |TAMS 0x0000000080200000, 0x0000000080100000| Untracked 
|   2|0x0000000080200000, 0x0000000080300000, 0x0000000080300000|100%| O|  |TAMS 0x0000000080300000, 0x0000000080200000| Untracked 
|   3|0x0000000080300000, 0x0000000080400000, 0x0000000080400000|100%|HS|  |TAMS 0x0000000080400000, 0x0000000080300000| Complete 
|   4|0x0000000080400000, 0x0000000080500000, 0x0000000080500000|100%|HC|  |TAMS 0x0000000080500000, 0x0000000080400000| Complete 
|   5|0x0000000080500000, 0x0000000080600000, 0x0000000080600000|100%|HC|  |TAMS 0x0000000080600000, 0x0000000080500000| Complete 
|   6|0x0000000080600000, 0x0000000080700000, 0x0000000080700000|100%| O|  |TAMS 0x0000000080700000, 0x0000000080600000| Untracked 
|   7|0x0000000080700000, 0x0000000080800000, 0x0000000080800000|100%| O|  |TAMS 0x0000000080800000, 0x0000000080700000| Untracked 
|   8|0x0000000080800000, 0x0000000080900000, 0x0000000080900000|100%| O|  |TAMS 0x0000000080900000, 0x0000000080800000| Untracked 
|   9|0x0000000080900000, 0x0000000080a00000, 0x0000000080a00000|100%| O|  |TAMS 0x0000000080a00000, 0x0000000080900000| Untracked 
|  10|0x0000000080a00000, 0x0000000080b00000, 0x0000000080b00000|100%| O|  |TAMS 0x0000000080b00000, 0x0000000080a00000| Untracked 
|  11|0x0000000080b00000, 0x0000000080c00000, 0x0000000080c00000|100%| O|  |TAMS 0x0000000080c00000, 0x0000000080b00000| Untracked 
|  12|0x0000000080c00000, 0x0000000080d00000, 0x0000000080d00000|100%| O|  |TAMS 0x0000000080d00000, 0x0000000080c00000| Untracked 
|  13|0x0000000080d00000, 0x0000000080e00000, 0x0000000080e00000|100%| O|  |TAMS 0x0000000080e00000, 0x0000000080d00000| Untracked 
|  14|0x0000000080e00000, 0x0000000080ef8c00, 0x0000000080f00000| 97%| O|  |TAMS 0x0000000080ef8c00, 0x0000000080e00000| Untracked 
|  15|0x0000000080f00000, 0x0000000081000000, 0x0000000081000000|100%|HS|  |TAMS 0x0000000081000000, 0x0000000080f00000| Complete 
|  16|0x0000000081000000, 0x0000000081100000, 0x0000000081100000|100%|HC|  |TAMS 0x0000000081100000, 0x0000000081000000| Complete 
|  17|0x0000000081100000, 0x0000000081200000, 0x0000000081200000|100%|HS|  |TAMS 0x0000000081200000, 0x0000000081100000| Complete 
|  18|0x0000000081200000, 0x0000000081300000, 0x0000000081300000|100%|HC|  |TAMS 0x0000000081300000, 0x0000000081200000| Complete 
|  19|0x0000000081300000, 0x0000000081400000, 0x0000000081400000|100%|HC|  |TAMS 0x0000000081400000, 0x0000000081300000| Complete 
|  20|0x0000000081400000, 0x0000000081500000, 0x0000000081500000|100%|HS|  |TAMS 0x0000000081500000, 0x0000000081400000| Complete 
|  21|0x0000000081500000, 0x0000000081600000, 0x0000000081600000|100%|HC|  |TAMS 0x0000000081600000, 0x0000000081500000| Complete 
|  22|0x0000000081600000, 0x0000000081700000, 0x0000000081700000|100%|HC|  |TAMS 0x0000000081700000, 0x0000000081600000| Complete 
|  23|0x0000000081700000, 0x0000000081800000, 0x0000000081800000|100%|HC|  |TAMS 0x0000000081800000, 0x0000000081700000| Complete 
|  24|0x0000000081800000, 0x0000000081900000, 0x0000000081900000|100%|HS|  |TAMS 0x0000000081900000, 0x0000000081800000| Complete 
|  25|0x0000000081900000, 0x0000000081a00000, 0x0000000081a00000|100%|HC|  |TAMS 0x0000000081a00000, 0x0000000081900000| Complete 
|  26|0x0000000081a00000, 0x0000000081b00000, 0x0000000081b00000|100%|HC|  |TAMS 0x0000000081b00000, 0x0000000081a00000| Complete 
|  27|0x0000000081b00000, 0x0000000081c00000, 0x0000000081c00000|100%| O|  |TAMS 0x0000000081c00000, 0x0000000081b00000| Untracked 
|  28|0x0000000081c00000, 0x0000000081d00000, 0x0000000081d00000|100%| O|  |TAMS 0x0000000081d00000, 0x0000000081c00000| Untracked 
|  29|0x0000000081d00000, 0x0000000081e00000, 0x0000000081e00000|100%| O|  |TAMS 0x0000000081e00000, 0x0000000081d00000| Untracked 
|  30|0x0000000081e00000, 0x0000000081f00000, 0x0000000081f00000|100%| O|  |TAMS 0x0000000081f00000, 0x0000000081e00000| Untracked 
|  31|0x0000000081f00000, 0x0000000082000000, 0x0000000082000000|100%| O|  |TAMS 0x0000000082000000, 0x0000000081f00000| Untracked 
|  32|0x0000000082000000, 0x0000000082100000, 0x0000000082100000|100%| O|  |TAMS 0x0000000082100000, 0x0000000082000000| Untracked 
|  33|0x0000000082100000, 0x0000000082200000, 0x0000000082200000|100%|HS|  |TAMS 0x0000000082200000, 0x0000000082100000| Complete 
|  34|0x0000000082200000, 0x0000000082300000, 0x0000000082300000|100%|HC|  |TAMS 0x0000000082300000, 0x0000000082200000| Complete 
|  35|0x0000000082300000, 0x0000000082400000, 0x0000000082400000|100%|HC|  |TAMS 0x0000000082400000, 0x0000000082300000| Complete 
|  36|0x0000000082400000, 0x0000000082500000, 0x0000000082500000|100%|HC|  |TAMS 0x0000000082500000, 0x0000000082400000| Complete 
|  37|0x0000000082500000, 0x0000000082600000, 0x0000000082600000|100%| O|  |TAMS 0x0000000082600000, 0x0000000082500000| Untracked 
|  38|0x0000000082600000, 0x0000000082700000, 0x0000000082700000|100%| O|  |TAMS 0x0000000082700000, 0x0000000082600000| Untracked 
|  39|0x0000000082700000, 0x0000000082800000, 0x0000000082800000|100%| O|  |TAMS 0x0000000082800000, 0x0000000082700000| Untracked 
|  40|0x0000000082800000, 0x0000000082900000, 0x0000000082900000|100%| O|  |TAMS 0x0000000082900000, 0x0000000082800000| Untracked 
|  41|0x0000000082900000, 0x0000000082a00000, 0x0000000082a00000|100%| O|  |TAMS 0x0000000082a00000, 0x0000000082900000| Untracked 
|  42|0x0000000082a00000, 0x0000000082b00000, 0x0000000082b00000|100%| O|  |TAMS 0x0000000082b00000, 0x0000000082a00000| Untracked 
|  43|0x0000000082b00000, 0x0000000082c00000, 0x0000000082c00000|100%| O|  |TAMS 0x0000000082c00000, 0x0000000082b00000| Untracked 
|  44|0x0000000082c00000, 0x0000000082d00000, 0x0000000082d00000|100%| O|  |TAMS 0x0000000082d00000, 0x0000000082c00000| Untracked 
|  45|0x0000000082d00000, 0x0000000082e00000, 0x0000000082e00000|100%| O|  |TAMS 0x0000000082e00000, 0x0000000082d00000| Untracked 
|  46|0x0000000082e00000, 0x0000000082f00000, 0x0000000082f00000|100%| O|  |TAMS 0x0000000082f00000, 0x0000000082e00000| Untracked 
|  47|0x0000000082f00000, 0x0000000083000000, 0x0000000083000000|100%| O|  |TAMS 0x0000000083000000, 0x0000000082f00000| Untracked 
|  48|0x0000000083000000, 0x0000000083100000, 0x0000000083100000|100%| O|  |TAMS 0x0000000083100000, 0x0000000083000000| Untracked 
|  49|0x0000000083100000, 0x0000000083200000, 0x0000000083200000|100%|HS|  |TAMS 0x0000000083200000, 0x0000000083100000| Complete 
|  50|0x0000000083200000, 0x0000000083300000, 0x0000000083300000|100%| O|  |TAMS 0x0000000083200000, 0x0000000083200000| Untracked 
|  51|0x0000000083300000, 0x0000000083400000, 0x0000000083400000|100%| O|  |TAMS 0x0000000083300000, 0x0000000083300000| Untracked 
|  52|0x0000000083400000, 0x0000000083500000, 0x0000000083500000|100%| O|  |TAMS 0x0000000083400000, 0x0000000083400000| Untracked 
|  53|0x0000000083500000, 0x0000000083600000, 0x0000000083600000|100%|HS|  |TAMS 0x0000000083500000, 0x0000000083500000| Complete 
|  54|0x0000000083600000, 0x0000000083700000, 0x0000000083700000|100%|HC|  |TAMS 0x0000000083600000, 0x0000000083600000| Complete 
|  55|0x0000000083700000, 0x0000000083800000, 0x0000000083800000|100%| O|  |TAMS 0x0000000083700000, 0x0000000083700000| Untracked 
|  56|0x0000000083800000, 0x0000000083900000, 0x0000000083900000|100%| O|  |TAMS 0x0000000083800000, 0x0000000083800000| Untracked 
|  57|0x0000000083900000, 0x00000000839b6800, 0x0000000083a00000| 71%| O|  |TAMS 0x0000000083900000, 0x0000000083900000| Untracked 
|  58|0x0000000083a00000, 0x0000000083a00000, 0x0000000083b00000|  0%| F|  |TAMS 0x0000000083a00000, 0x0000000083a00000| Untracked 
|  59|0x0000000083b00000, 0x0000000083b00000, 0x0000000083c00000|  0%| F|  |TAMS 0x0000000083b00000, 0x0000000083b00000| Untracked 
|  60|0x0000000083c00000, 0x0000000083c00000, 0x0000000083d00000|  0%| F|  |TAMS 0x0000000083c00000, 0x0000000083c00000| Untracked 
|  61|0x0000000083d00000, 0x0000000083d00000, 0x0000000083e00000|  0%| F|  |TAMS 0x0000000083d00000, 0x0000000083d00000| Untracked 
|  62|0x0000000083e00000, 0x0000000083e00000, 0x0000000083f00000|  0%| F|  |TAMS 0x0000000083e00000, 0x0000000083e00000| Untracked 
|  63|0x0000000083f00000, 0x0000000083f00000, 0x0000000084000000|  0%| F|  |TAMS 0x0000000083f00000, 0x0000000083f00000| Untracked 
|  64|0x0000000084000000, 0x0000000084000000, 0x0000000084100000|  0%| F|  |TAMS 0x0000000084000000, 0x0000000084000000| Untracked 
|  65|0x0000000084100000, 0x0000000084100000, 0x0000000084200000|  0%| F|  |TAMS 0x0000000084100000, 0x0000000084100000| Untracked 
|  66|0x0000000084200000, 0x0000000084200000, 0x0000000084300000|  0%| F|  |TAMS 0x0000000084200000, 0x0000000084200000| Untracked 
|  67|0x0000000084300000, 0x0000000084300000, 0x0000000084400000|  0%| F|  |TAMS 0x0000000084300000, 0x0000000084300000| Untracked 
|  68|0x0000000084400000, 0x0000000084400000, 0x0000000084500000|  0%| F|  |TAMS 0x0000000084400000, 0x0000000084400000| Untracked 
|  69|0x0000000084500000, 0x0000000084500000, 0x0000000084600000|  0%| F|  |TAMS 0x0000000084500000, 0x0000000084500000| Untracked 
|  70|0x0000000084600000, 0x0000000084600000, 0x0000000084700000|  0%| F|  |TAMS 0x0000000084600000, 0x0000000084600000| Untracked 
|  71|0x0000000084700000, 0x0000000084700000, 0x0000000084800000|  0%| F|  |TAMS 0x0000000084700000, 0x0000000084700000| Untracked 
|  72|0x0000000084800000, 0x0000000084800000, 0x0000000084900000|  0%| F|  |TAMS 0x0000000084800000, 0x0000000084800000| Untracked 
|  73|0x0000000084900000, 0x0000000084900000, 0x0000000084a00000|  0%| F|  |TAMS 0x0000000084900000, 0x0000000084900000| Untracked 
|  74|0x0000000084a00000, 0x0000000084a00000, 0x0000000084b00000|  0%| F|  |TAMS 0x0000000084a00000, 0x0000000084a00000| Untracked 
|  75|0x0000000084b00000, 0x0000000084b00000, 0x0000000084c00000|  0%| F|  |TAMS 0x0000000084b00000, 0x0000000084b00000| Untracked 
|  76|0x0000000084c00000, 0x0000000084c00000, 0x0000000084d00000|  0%| F|  |TAMS 0x0000000084c00000, 0x0000000084c00000| Untracked 
|  77|0x0000000084d00000, 0x0000000084d00000, 0x0000000084e00000|  0%| F|  |TAMS 0x0000000084d00000, 0x0000000084d00000| Untracked 
|  78|0x0000000084e00000, 0x0000000084e00000, 0x0000000084f00000|  0%| F|  |TAMS 0x0000000084e00000, 0x0000000084e00000| Untracked 
|  79|0x0000000084f00000, 0x0000000084fbecf0, 0x0000000085000000| 74%| S|CS|TAMS 0x0000000084f00000, 0x0000000084f00000| Complete 
|  80|0x0000000085000000, 0x0000000085100000, 0x0000000085100000|100%| S|CS|TAMS 0x0000000085000000, 0x0000000085000000| Complete 
|  81|0x0000000085100000, 0x0000000085200000, 0x0000000085200000|100%| S|CS|TAMS 0x0000000085100000, 0x0000000085100000| Complete 
|  82|0x0000000085200000, 0x0000000085200000, 0x0000000085300000|  0%| F|  |TAMS 0x0000000085200000, 0x0000000085200000| Untracked 
|  83|0x0000000085300000, 0x0000000085300000, 0x0000000085400000|  0%| F|  |TAMS 0x0000000085300000, 0x0000000085300000| Untracked 
|  84|0x0000000085400000, 0x0000000085400000, 0x0000000085500000|  0%| F|  |TAMS 0x0000000085400000, 0x0000000085400000| Untracked 
|  85|0x0000000085500000, 0x0000000085500000, 0x0000000085600000|  0%| F|  |TAMS 0x0000000085500000, 0x0000000085500000| Untracked 
|  86|0x0000000085600000, 0x0000000085600000, 0x0000000085700000|  0%| F|  |TAMS 0x0000000085600000, 0x0000000085600000| Untracked 
|  87|0x0000000085700000, 0x0000000085700000, 0x0000000085800000|  0%| F|  |TAMS 0x0000000085700000, 0x0000000085700000| Untracked 
|  88|0x0000000085800000, 0x0000000085800000, 0x0000000085900000|  0%| F|  |TAMS 0x0000000085800000, 0x0000000085800000| Untracked 
|  89|0x0000000085900000, 0x00000000859e2e98, 0x0000000085a00000| 88%| E|  |TAMS 0x0000000085900000, 0x0000000085900000| Complete 
|  90|0x0000000085a00000, 0x0000000085b00000, 0x0000000085b00000|100%| E|CS|TAMS 0x0000000085a00000, 0x0000000085a00000| Complete 
|  91|0x0000000085b00000, 0x0000000085c00000, 0x0000000085c00000|100%| E|CS|TAMS 0x0000000085b00000, 0x0000000085b00000| Complete 
|  92|0x0000000085c00000, 0x0000000085d00000, 0x0000000085d00000|100%| E|CS|TAMS 0x0000000085c00000, 0x0000000085c00000| Complete 
|  93|0x0000000085d00000, 0x0000000085e00000, 0x0000000085e00000|100%| E|CS|TAMS 0x0000000085d00000, 0x0000000085d00000| Complete 
|  94|0x0000000085e00000, 0x0000000085f00000, 0x0000000085f00000|100%| E|CS|TAMS 0x0000000085e00000, 0x0000000085e00000| Complete 
|  95|0x0000000085f00000, 0x0000000086000000, 0x0000000086000000|100%| E|CS|TAMS 0x0000000085f00000, 0x0000000085f00000| Complete 
|  96|0x0000000086000000, 0x0000000086100000, 0x0000000086100000|100%| E|CS|TAMS 0x0000000086000000, 0x0000000086000000| Complete 
|  97|0x0000000086100000, 0x0000000086200000, 0x0000000086200000|100%| E|CS|TAMS 0x0000000086100000, 0x0000000086100000| Complete 
|  98|0x0000000086200000, 0x0000000086300000, 0x0000000086300000|100%| E|CS|TAMS 0x0000000086200000, 0x0000000086200000| Complete 
|  99|0x0000000086300000, 0x0000000086400000, 0x0000000086400000|100%| E|CS|TAMS 0x0000000086300000, 0x0000000086300000| Complete 
| 100|0x0000000086400000, 0x0000000086500000, 0x0000000086500000|100%| E|CS|TAMS 0x0000000086400000, 0x0000000086400000| Complete 
| 101|0x0000000086500000, 0x0000000086600000, 0x0000000086600000|100%| E|CS|TAMS 0x0000000086500000, 0x0000000086500000| Complete 
| 102|0x0000000086600000, 0x0000000086700000, 0x0000000086700000|100%| E|CS|TAMS 0x0000000086600000, 0x0000000086600000| Complete 
| 103|0x0000000086700000, 0x0000000086800000, 0x0000000086800000|100%| E|CS|TAMS 0x0000000086700000, 0x0000000086700000| Complete 

Card table byte_map: [0x000002375a960000,0x000002375ad60000] _byte_map_base: 0x000002375a560000

Marking Bits (Prev, Next): (CMBitMap*) 0x00000237428ffdc8, (CMBitMap*) 0x00000237428ffe08
 Prev Bits: [0x000002375b160000, 0x000002375d160000)
 Next Bits: [0x000002375d160000, 0x000002375f160000)

Polling page: 0x00000237429a0000

Metaspace:

Usage:
  Non-class:     37.33 MB capacity,    36.32 MB ( 97%) used,   930.69 KB (  2%) free+waste,   101.94 KB ( <1%) overhead. 
      Class:      6.02 MB capacity,     5.61 MB ( 93%) used,   373.98 KB (  6%) free+waste,    50.75 KB ( <1%) overhead. 
       Both:     43.35 MB capacity,    41.93 MB ( 97%) used,     1.27 MB (  3%) free+waste,   152.69 KB ( <1%) overhead. 

Virtual space:
  Non-class space:       38.00 MB reserved,      37.50 MB ( 99%) committed 
      Class space:        1.00 GB reserved,       6.13 MB ( <1%) committed 
             Both:        1.04 GB reserved,      43.63 MB (  4%) committed 

Chunk freelists:
   Non-Class:  47.00 KB
       Class:  10.00 KB
        Both:  57.00 KB

MaxMetaspaceSize: 17179869184.00 GB
CompressedClassSpaceSize: 1.00 GB

CodeHeap 'non-profiled nmethods': size=120064Kb used=2958Kb max_used=2958Kb free=117105Kb
 bounds [0x00000237528b0000, 0x0000023752ba0000, 0x0000023759df0000]
CodeHeap 'profiled nmethods': size=120000Kb used=10826Kb max_used=10826Kb free=109173Kb
 bounds [0x000002374b380000, 0x000002374be20000, 0x00000237528b0000]
CodeHeap 'non-nmethods': size=5696Kb used=2339Kb max_used=2390Kb free=3356Kb
 bounds [0x000002374adf0000, 0x000002374b060000, 0x000002374b380000]
 total_blobs=7444 nmethods=4828 adapters=717
 compilation: enabled
              stopped_count=0, restarted_count=0
 full_count=0

Compilation events (20 events):
Event: 8.564 Thread 0x0000023767bac000 nmethod 5154 0x0000023752b8bd10 code [0x0000023752b8bea0, 0x0000023752b8bf28]
Event: 8.564 Thread 0x0000023767bac000 5142       4       java.net.URLStreamHandler::toExternalForm (156 bytes)
Event: 8.579 Thread 0x00000237617bf000 5159       3       com.google.common.collect.MapMakerInternalMap$StrongKeyWeakValueEntry::getValue (10 bytes)
Event: 8.579 Thread 0x00000237617bf000 nmethod 5159 0x000002374be09110 code [0x000002374be092c0, 0x000002374be09510]
Event: 8.581 Thread 0x00000237617bf000 5160       3       com.google.common.collect.MapMakerInternalMap$StrongKeyWeakValueSegment::maybeDrainReferenceQueues (9 bytes)
Event: 8.582 Thread 0x00000237617bf000 nmethod 5160 0x000002374be09610 code [0x000002374be097c0, 0x000002374be09a10]
Event: 8.582 Thread 0x00000237617bf000 5161       3       com.google.common.collect.MapMakerInternalMap$Segment::drainValueReferenceQueue (42 bytes)
Event: 8.582 Thread 0x00000237617bf000 nmethod 5161 0x000002374be09a90 code [0x000002374be09cc0, 0x000002374be0a870]
Event: 8.582 Thread 0x00000237617bf000 5162       3       com.google.common.collect.MapMakerInternalMap$StrongKeyWeakValueEntry$Helper::newEntry (16 bytes)
Event: 8.582 Thread 0x00000237617bf000 nmethod 5162 0x000002374be0ac10 code [0x000002374be0ae00, 0x000002374be0b4f8]
Event: 8.582 Thread 0x00000237617bf000 5163       3       com.google.common.collect.MapMakerInternalMap$StrongKeyWeakValueEntry$Helper::newEntry (12 bytes)
Event: 8.582 Thread 0x00000237617bf000 nmethod 5163 0x000002374be0b710 code [0x000002374be0b8e0, 0x000002374be0bd78]
Event: 8.582 Thread 0x00000237617bf000 5164       3       com.google.common.collect.MapMakerInternalMap$StrongKeyWeakValueEntry$Helper::setValue (14 bytes)
Event: 8.583 Thread 0x00000237617bf000 nmethod 5164 0x000002374be0bf10 code [0x000002374be0c120, 0x000002374be0c8c0]
Event: 8.583 Thread 0x00000237617bf000 5165       3       com.google.common.collect.MapMakerInternalMap$StrongKeyWeakValueEntry$Helper::setValue (10 bytes)
Event: 8.583 Thread 0x00000237617bf000 nmethod 5165 0x000002374be0cb90 code [0x000002374be0cd80, 0x000002374be0d2c0]
Event: 8.608 Thread 0x0000023767bac000 nmethod 5142 0x0000023752b8c010 code [0x0000023752b8c2c0, 0x0000023752b8e840]
Event: 8.608 Thread 0x0000023767bac000 5158       4       jdk.internal.jimage.ImageLocation::decompress (153 bytes)
Event: 8.611 Thread 0x0000023767bac000 nmethod 5158 0x0000023752b8f810 code [0x0000023752b8f9a0, 0x0000023752b8fc58]
Event: 8.611 Thread 0x0000023767bac000 5166       4       java.lang.ClassLoader::getNamedPackage (73 bytes)

GC Heap History (20 events):
Event: 2.945 GC heap before
{Heap before GC invocations=2 (full 0):
 garbage-first heap   total 131072K, used 45966K [0x0000000080000000, 0x0000000100000000)
  region size 1024K, 40 young (40960K), 10 survivors (10240K)
 Metaspace       used 13810K, capacity 14317K, committed 14592K, reserved 1060864K
  class space    used 2009K, capacity 2209K, committed 2304K, reserved 1048576K
}
Event: 2.952 GC heap after
{Heap after GC invocations=3 (full 0):
 garbage-first heap   total 131072K, used 16552K [0x0000000080000000, 0x0000000100000000)
  region size 1024K, 2 young (2048K), 2 survivors (2048K)
 Metaspace       used 13810K, capacity 14317K, committed 14592K, reserved 1060864K
  class space    used 2009K, capacity 2209K, committed 2304K, reserved 1048576K
}
Event: 4.225 GC heap before
{Heap before GC invocations=3 (full 0):
 garbage-first heap   total 131072K, used 91304K [0x0000000080000000, 0x0000000100000000)
  region size 1024K, 67 young (68608K), 2 survivors (2048K)
 Metaspace       used 20440K, capacity 21144K, committed 21248K, reserved 1067008K
  class space    used 3018K, capacity 3271K, committed 3328K, reserved 1048576K
}
Event: 4.234 GC heap after
{Heap after GC invocations=4 (full 0):
 garbage-first heap   total 131072K, used 30859K [0x0000000080000000, 0x0000000100000000)
  region size 1024K, 7 young (7168K), 7 survivors (7168K)
 Metaspace       used 20440K, capacity 21144K, committed 21248K, reserved 1067008K
  class space    used 3018K, capacity 3271K, committed 3328K, reserved 1048576K
}
Event: 5.498 GC heap before
{Heap before GC invocations=5 (full 0):
 garbage-first heap   total 106496K, used 89227K [0x0000000080000000, 0x0000000100000000)
  region size 1024K, 62 young (63488K), 7 survivors (7168K)
 Metaspace       used 30263K, capacity 31144K, committed 31488K, reserved 1077248K
  class space    used 4165K, capacity 4495K, committed 4608K, reserved 1048576K
}
Event: 5.508 GC heap after
{Heap after GC invocations=6 (full 0):
 garbage-first heap   total 106496K, used 35296K [0x0000000080000000, 0x0000000100000000)
  region size 1024K, 5 young (5120K), 5 survivors (5120K)
 Metaspace       used 30263K, capacity 31144K, committed 31488K, reserved 1077248K
  class space    used 4165K, capacity 4495K, committed 4608K, reserved 1048576K
}
Event: 6.115 GC heap before
{Heap before GC invocations=6 (full 0):
 garbage-first heap   total 106496K, used 86496K [0x0000000080000000, 0x0000000100000000)
  region size 1024K, 47 young (48128K), 5 survivors (5120K)
 Metaspace       used 33689K, capacity 34678K, committed 34944K, reserved 1079296K
  class space    used 4539K, capacity 4878K, committed 4992K, reserved 1048576K
}
Event: 6.121 GC heap after
{Heap after GC invocations=7 (full 0):
 garbage-first heap   total 106496K, used 46930K [0x0000000080000000, 0x0000000100000000)
  region size 1024K, 5 young (5120K), 5 survivors (5120K)
 Metaspace       used 33689K, capacity 34678K, committed 34944K, reserved 1079296K
  class space    used 4539K, capacity 4878K, committed 4992K, reserved 1048576K
}
Event: 6.398 GC heap before
{Heap before GC invocations=7 (full 0):
 garbage-first heap   total 106496K, used 61266K [0x0000000080000000, 0x0000000100000000)
  region size 1024K, 20 young (20480K), 5 survivors (5120K)
 Metaspace       used 34809K, capacity 35828K, committed 35840K, reserved 1079296K
  class space    used 4726K, capacity 5111K, committed 5120K, reserved 1048576K
}
Event: 6.405 GC heap after
{Heap after GC invocations=8 (full 0):
 garbage-first heap   total 106496K, used 48612K [0x0000000080000000, 0x0000000100000000)
  region size 1024K, 2 young (2048K), 2 survivors (2048K)
 Metaspace       used 34809K, capacity 35828K, committed 35840K, reserved 1079296K
  class space    used 4726K, capacity 5111K, committed 5120K, reserved 1048576K
}
Event: 7.250 GC heap before
{Heap before GC invocations=9 (full 0):
 garbage-first heap   total 106496K, used 81380K [0x0000000080000000, 0x0000000100000000)
  region size 1024K, 34 young (34816K), 2 survivors (2048K)
 Metaspace       used 36825K, capacity 38128K, committed 38272K, reserved 1081344K
  class space    used 5069K, capacity 5473K, committed 5504K, reserved 1048576K
}
Event: 7.257 GC heap after
{Heap after GC invocations=10 (full 0):
 garbage-first heap   total 106496K, used 50072K [0x0000000080000000, 0x0000000100000000)
  region size 1024K, 3 young (3072K), 3 survivors (3072K)
 Metaspace       used 36825K, capacity 38128K, committed 38272K, reserved 1081344K
  class space    used 5069K, capacity 5473K, committed 5504K, reserved 1048576K
}
Event: 7.935 GC heap before
{Heap before GC invocations=10 (full 0):
 garbage-first heap   total 106496K, used 82840K [0x0000000080000000, 0x0000000100000000)
  region size 1024K, 36 young (36864K), 3 survivors (3072K)
 Metaspace       used 38560K, capacity 39858K, committed 40064K, reserved 1083392K
  class space    used 5247K, capacity 5680K, committed 5760K, reserved 1048576K
}
Event: 7.942 GC heap after
{Heap after GC invocations=11 (full 0):
 garbage-first heap   total 106496K, used 52107K [0x0000000080000000, 0x0000000100000000)
  region size 1024K, 4 young (4096K), 4 survivors (4096K)
 Metaspace       used 38560K, capacity 39858K, committed 40064K, reserved 1083392K
  class space    used 5247K, capacity 5680K, committed 5760K, reserved 1048576K
}
Event: 7.966 GC heap before
{Heap before GC invocations=11 (full 0):
 garbage-first heap   total 106496K, used 53131K [0x0000000080000000, 0x0000000100000000)
  region size 1024K, 6 young (6144K), 4 survivors (4096K)
 Metaspace       used 38594K, capacity 39922K, committed 40064K, reserved 1083392K
  class space    used 5252K, capacity 5680K, committed 5760K, reserved 1048576K
}
Event: 7.973 GC heap after
{Heap after GC invocations=12 (full 0):
 garbage-first heap   total 106496K, used 54066K [0x0000000080000000, 0x0000000100000000)
  region size 1024K, 4 young (4096K), 4 survivors (4096K)
 Metaspace       used 38594K, capacity 39922K, committed 40064K, reserved 1083392K
  class space    used 5252K, capacity 5680K, committed 5760K, reserved 1048576K
}
Event: 8.092 GC heap before
{Heap before GC invocations=13 (full 0):
 garbage-first heap   total 106496K, used 57138K [0x0000000080000000, 0x0000000100000000)
  region size 1024K, 8 young (8192K), 4 survivors (4096K)
 Metaspace       used 38597K, capacity 39922K, committed 40064K, reserved 1083392K
  class space    used 5252K, capacity 5680K, committed 5760K, reserved 1048576K
}
Event: 8.096 GC heap after
{Heap after GC invocations=14 (full 0):
 garbage-first heap   total 106496K, used 56789K [0x0000000080000000, 0x0000000100000000)
  region size 1024K, 4 young (4096K), 4 survivors (4096K)
 Metaspace       used 38597K, capacity 39922K, committed 40064K, reserved 1083392K
  class space    used 5252K, capacity 5680K, committed 5760K, reserved 1048576K
}
Event: 8.430 GC heap before
{Heap before GC invocations=15 (full 0):
 garbage-first heap   total 106496K, used 77269K [0x0000000080000000, 0x0000000100000000)
  region size 1024K, 22 young (22528K), 4 survivors (4096K)
 Metaspace       used 40986K, capacity 42337K, committed 42624K, reserved 1085440K
  class space    used 5505K, capacity 5907K, committed 6016K, reserved 1048576K
}
Event: 8.433 GC heap after
{Heap after GC invocations=16 (full 0):
 garbage-first heap   total 106496K, used 61880K [0x0000000080000000, 0x0000000100000000)
  region size 1024K, 3 young (3072K), 3 survivors (3072K)
 Metaspace       used 40986K, capacity 42337K, committed 42624K, reserved 1085440K
  class space    used 5505K, capacity 5907K, committed 6016K, reserved 1048576K
}

Deoptimization events (20 events):
Event: 8.385 Thread 0x0000023763177000 DEOPT PACKING pc=0x00000237529fd4dc sp=0x000000cd352f81a0
Event: 8.385 Thread 0x0000023763177000 DEOPT UNPACKING pc=0x000002374ae3912f sp=0x000000cd352f8150 mode 2
Event: 8.386 Thread 0x0000023763177000 Uncommon trap: trap_request=0xffffffc6 fr.pc=0x00000237529fd4dc relative=0x000000000000563c
Event: 8.386 Thread 0x0000023763177000 Uncommon trap: reason=bimorphic_or_optimized_type_check action=maybe_recompile pc=0x00000237529fd4dc method=java.net.URL.<init>(Ljava/net/URL;Ljava/lang/String;Ljava/net/URLStreamHandler;)V @ 504 c2
Event: 8.386 Thread 0x0000023763177000 DEOPT PACKING pc=0x00000237529fd4dc sp=0x000000cd352f81a0
Event: 8.386 Thread 0x0000023763177000 DEOPT UNPACKING pc=0x000002374ae3912f sp=0x000000cd352f8150 mode 2
Event: 8.468 Thread 0x0000023763177000 Uncommon trap: trap_request=0xffffff45 fr.pc=0x0000023752b56b00 relative=0x00000000000002a0
Event: 8.468 Thread 0x0000023763177000 Uncommon trap: reason=unstable_if action=reinterpret pc=0x0000023752b56b00 method=java.io.WinNTFileSystem.prefixLength(Ljava/lang/String;)I @ 42 c2
Event: 8.468 Thread 0x0000023763177000 DEOPT PACKING pc=0x0000023752b56b00 sp=0x000000cd352f8b70
Event: 8.468 Thread 0x0000023763177000 DEOPT UNPACKING pc=0x000002374ae3912f sp=0x000000cd352f8af8 mode 2
Event: 8.498 Thread 0x0000023763177000 DEOPT PACKING pc=0x000002374bb62d81 sp=0x000000cd352f9dd0
Event: 8.498 Thread 0x0000023763177000 DEOPT UNPACKING pc=0x000002374ae3964e sp=0x000000cd352f92c8 mode 0
Event: 8.513 Thread 0x0000023763177000 Uncommon trap: trap_request=0xffffffc6 fr.pc=0x00000237529a271c relative=0x000000000000025c
Event: 8.513 Thread 0x0000023763177000 Uncommon trap: reason=bimorphic_or_optimized_type_check action=maybe_recompile pc=0x00000237529a271c method=com.google.common.base.CharMatcher.indexIn(Ljava/lang/CharSequence;I)I @ 31 c2
Event: 8.513 Thread 0x0000023763177000 DEOPT PACKING pc=0x00000237529a271c sp=0x000000cd352f8610
Event: 8.513 Thread 0x0000023763177000 DEOPT UNPACKING pc=0x000002374ae3912f sp=0x000000cd352f85b8 mode 2
Event: 8.515 Thread 0x0000023763177000 Uncommon trap: trap_request=0xffffffc6 fr.pc=0x00000237529a271c relative=0x000000000000025c
Event: 8.515 Thread 0x0000023763177000 Uncommon trap: reason=bimorphic_or_optimized_type_check action=maybe_recompile pc=0x00000237529a271c method=com.google.common.base.CharMatcher.indexIn(Ljava/lang/CharSequence;I)I @ 31 c2
Event: 8.515 Thread 0x0000023763177000 DEOPT PACKING pc=0x00000237529a271c sp=0x000000cd352fa070
Event: 8.515 Thread 0x0000023763177000 DEOPT UNPACKING pc=0x000002374ae3912f sp=0x000000cd352fa018 mode 2

Classes unloaded (0 events):
No events

Classes redefined (0 events):
No events

Internal exceptions (20 events):
Event: 7.075 Thread 0x0000023763177000 Exception <a 'java/lang/ClassNotFoundException'{0x0000000084d0b240}: org/gradle/api/internal/artifacts/dsl/DefaultRepositoryHandler_DecoratedCustomizer> (0x0000000084d0b240) 
thrown [t:/workspace/open/src/hotspot/share/classfile/systemDictionary.cpp, line 232]
Event: 7.124 Thread 0x0000023763177000 Exception <a 'java/lang/NoSuchMethodError'{0x0000000084a6d378}: 'int java.lang.invoke.DirectMethodHandle$Holder.invokeStaticInit(java.lang.Object, java.lang.Object, java.lang.Object, java.lang.Object)'> (0x0000000084a6d378) 
thrown [t:/workspace/open/src/hotspot/share/interpreter/linkResolver.cpp, line 767]
Event: 7.621 Thread 0x0000023763177000 Exception <a 'java/lang/NoSuchMethodError'{0x00000000858799b0}: 'void java.lang.invoke.DirectMethodHandle$Holder.invokeStatic(java.lang.Object, java.lang.Object, java.lang.Object, int, java.lang.Object)'> (0x00000000858799b0) 
thrown [t:/workspace/open/src/hotspot/share/interpreter/linkResolver.cpp, line 767]
Event: 7.904 Thread 0x0000023763177000 Exception <a 'java/lang/ClassNotFoundException'{0x00000000848cb3f0}: build_7ilc9gtpay31uorq56iuilr5bBeanInfo> (0x00000000848cb3f0) 
thrown [t:/workspace/open/src/hotspot/share/classfile/systemDictionary.cpp, line 232]
Event: 7.904 Thread 0x0000023763177000 Exception <a 'java/lang/ClassNotFoundException'{0x00000000848d4150}: build_7ilc9gtpay31uorq56iuilr5bCustomizer> (0x00000000848d4150) 
thrown [t:/workspace/open/src/hotspot/share/classfile/systemDictionary.cpp, line 232]
Event: 8.154 Thread 0x0000023763177000 Exception <a 'java/lang/ClassNotFoundException'{0x00000000865074e8}: org/gradle/api/tasks/Delete_DecoratedBeanInfo> (0x00000000865074e8) 
thrown [t:/workspace/open/src/hotspot/share/classfile/systemDictionary.cpp, line 232]
Event: 8.154 Thread 0x0000023763177000 Exception <a 'java/lang/ClassNotFoundException'{0x000000008652c248}: org/gradle/api/tasks/DeleteBeanInfo> (0x000000008652c248) 
thrown [t:/workspace/open/src/hotspot/share/classfile/systemDictionary.cpp, line 232]
Event: 8.155 Thread 0x0000023763177000 Exception <a 'java/lang/ClassNotFoundException'{0x0000000086553900}: org/gradle/api/internal/ConventionTaskBeanInfo> (0x0000000086553900) 
thrown [t:/workspace/open/src/hotspot/share/classfile/systemDictionary.cpp, line 232]
Event: 8.156 Thread 0x0000023763177000 Exception <a 'java/lang/ClassNotFoundException'{0x00000000865781d0}: org/gradle/api/DefaultTaskBeanInfo> (0x00000000865781d0) 
thrown [t:/workspace/open/src/hotspot/share/classfile/systemDictionary.cpp, line 232]
Event: 8.157 Thread 0x0000023763177000 Exception <a 'java/lang/ClassNotFoundException'{0x00000000865a0398}: org/gradle/api/internal/AbstractTaskBeanInfo> (0x00000000865a0398) 
thrown [t:/workspace/open/src/hotspot/share/classfile/systemDictionary.cpp, line 232]
Event: 8.157 Thread 0x0000023763177000 Exception <a 'java/lang/ClassNotFoundException'{0x00000000865c8250}: org/gradle/api/internal/AbstractTaskCustomizer> (0x00000000865c8250) 
thrown [t:/workspace/open/src/hotspot/share/classfile/systemDictionary.cpp, line 232]
Event: 8.160 Thread 0x0000023763177000 Exception <a 'java/lang/ClassNotFoundException'{0x000000008642fe98}: org/gradle/api/DefaultTaskCustomizer> (0x000000008642fe98) 
thrown [t:/workspace/open/src/hotspot/share/classfile/systemDictionary.cpp, line 232]
Event: 8.163 Thread 0x0000023763177000 Exception <a 'java/lang/ClassNotFoundException'{0x00000000864acb00}: org/gradle/api/internal/ConventionTaskCustomizer> (0x00000000864acb00) 
thrown [t:/workspace/open/src/hotspot/share/classfile/systemDictionary.cpp, line 232]
Event: 8.164 Thread 0x0000023763177000 Exception <a 'java/lang/ClassNotFoundException'{0x00000000864e0878}: org/gradle/api/tasks/DeleteCustomizer> (0x00000000864e0878) 
thrown [t:/workspace/open/src/hotspot/share/classfile/systemDictionary.cpp, line 232]
Event: 8.165 Thread 0x0000023763177000 Exception <a 'java/lang/ClassNotFoundException'{0x000000008631b2e8}: org/gradle/api/tasks/Delete_DecoratedCustomizer> (0x000000008631b2e8) 
thrown [t:/workspace/open/src/hotspot/share/classfile/systemDictionary.cpp, line 232]
Event: 8.504 Thread 0x0000023763177000 Exception <a 'java/lang/ClassNotFoundException'{0x0000000086452880}: build_72qvrnbu59kjeglq5q2lidltaBeanInfo> (0x0000000086452880) 
thrown [t:/workspace/open/src/hotspot/share/classfile/systemDictionary.cpp, line 232]
Event: 8.504 Thread 0x0000023763177000 Exception <a 'java/lang/ClassNotFoundException'{0x000000008645b688}: build_72qvrnbu59kjeglq5q2lidltaCustomizer> (0x000000008645b688) 
thrown [t:/workspace/open/src/hotspot/share/classfile/systemDictionary.cpp, line 232]
Event: 8.511 Thread 0x0000023763177000 Exception <a 'java/lang/ClassNotFoundException'{0x00000000864d0bb0}: org/gradle/plugin/use/internal/PluginRequestCollector$PluginDependenciesSpecImplBeanInfo> (0x00000000864d0bb0) 
thrown [t:/workspace/open/src/hotspot/share/classfile/systemDictionary.cpp, line 232]
Event: 8.512 Thread 0x0000023763177000 Exception <a 'java/lang/ClassNotFoundException'{0x00000000864f8128}: org/gradle/plugin/use/internal/PluginRequestCollector$PluginDependenciesSpecImplCustomizer> (0x00000000864f8128) 
thrown [t:/workspace/open/src/hotspot/share/classfile/systemDictionary.cpp, line 232]
Event: 8.526 Thread 0x0000023763177000 Exception <a 'java/lang/NoSuchMethodError'{0x000000008636fa50}: 'void java.lang.invoke.DirectMethodHandle$Holder.invokeInterface(java.lang.Object, java.lang.Object)'> (0x000000008636fa50) 
thrown [t:/workspace/open/src/hotspot/share/interpreter/linkResolver.cpp, line 767]

Events (20 events):
Event: 8.609 loading class com/android/builder/core/AbstractProductFlavor
Event: 8.609 loading class com/android/builder/core/AbstractProductFlavor done
Event: 8.610 loading class com/android/builder/internal/BaseConfigImpl
Event: 8.610 loading class com/android/builder/internal/BaseConfigImpl done
Event: 8.611 loading class com/android/build/gradle/internal/dsl/BuildType
Event: 8.611 loading class com/android/build/gradle/internal/dsl/BuildType done
Event: 8.613 loading class com/android/build/gradle/internal/dsl/CoreBuildType
Event: 8.613 loading class com/android/build/gradle/internal/dsl/CoreBuildType done
Event: 8.613 loading class com/android/builder/model/BuildType
Event: 8.613 loading class com/android/builder/model/BuildType done
Event: 8.615 loading class com/android/build/api/dsl/ApplicationBuildType
Event: 8.615 loading class com/android/build/api/dsl/ApplicationBuildType done
Event: 8.615 loading class com/android/build/api/dsl/BuildType
Event: 8.615 loading class com/android/build/api/dsl/BuildType done
Event: 8.616 loading class com/android/build/api/dsl/LibraryBuildType
Event: 8.616 loading class com/android/build/api/dsl/LibraryBuildType done
Event: 8.616 loading class com/android/build/api/dsl/DynamicFeatureBuildType
Event: 8.616 loading class com/android/build/api/dsl/DynamicFeatureBuildType done
Event: 8.617 loading class com/android/build/api/dsl/TestBuildType
Event: 8.617 loading class com/android/build/api/dsl/TestBuildType done


Dynamic libraries:
0x00007ff66ba70000 - 0x00007ff66ba7f000 	C:\Program Files\Java\jdk-13.0.1\bin\java.exe
0x00007ffd2c170000 - 0x00007ffd2c365000 	C:\Windows\SYSTEM32\ntdll.dll
0x00007ffd2b420000 - 0x00007ffd2b4dd000 	C:\Windows\System32\KERNEL32.DLL
0x00007ffd29d30000 - 0x00007ffd29ff9000 	C:\Windows\System32\KERNELBASE.dll
0x00007ffd2a0a0000 - 0x00007ffd2a1a0000 	C:\Windows\System32\ucrtbase.dll
0x00007ffd1ba30000 - 0x00007ffd1ba45000 	C:\Program Files\Java\jdk-13.0.1\bin\VCRUNTIME140.dll
0x00007ffd1b8e0000 - 0x00007ffd1b8f8000 	C:\Program Files\Java\jdk-13.0.1\bin\jli.dll
0x00007ffd2a610000 - 0x00007ffd2a6bc000 	C:\Windows\System32\ADVAPI32.dll
0x00007ffd2a840000 - 0x00007ffd2a8de000 	C:\Windows\System32\msvcrt.dll
0x00007ffd2a7a0000 - 0x00007ffd2a83b000 	C:\Windows\System32\sechost.dll
0x00007ffd2a8e0000 - 0x00007ffd2aa0a000 	C:\Windows\System32\RPCRT4.dll
0x00007ffd2b280000 - 0x00007ffd2b420000 	C:\Windows\System32\USER32.dll
0x00007ffd2a1a0000 - 0x00007ffd2a1c2000 	C:\Windows\System32\win32u.dll
0x00007ffd28cb0000 - 0x00007ffd28f4a000 	C:\Windows\WinSxS\amd64_microsoft.windows.common-controls_6595b64144ccf1df_6.0.19041.1110_none_60b5254171f9507e\COMCTL32.dll
0x00007ffd2b250000 - 0x00007ffd2b27a000 	C:\Windows\System32\GDI32.dll
0x00007ffd299d0000 - 0x00007ffd29adb000 	C:\Windows\System32\gdi32full.dll
0x00007ffd2a000000 - 0x00007ffd2a09d000 	C:\Windows\System32\msvcp_win.dll
0x00007ffd1f310000 - 0x00007ffd1f31a000 	C:\Windows\SYSTEM32\VERSION.dll
0x00007ffd2a6c0000 - 0x00007ffd2a6f0000 	C:\Windows\System32\IMM32.DLL
0x00007ffd1b080000 - 0x00007ffd1b11b000 	C:\Program Files\Java\jdk-13.0.1\bin\msvcp140.dll
0x00007ffce1da0000 - 0x00007ffce2906000 	C:\Program Files\Java\jdk-13.0.1\bin\server\jvm.dll
0x00007ffd2ab00000 - 0x00007ffd2ab08000 	C:\Windows\System32\PSAPI.DLL
0x00007ffd16f00000 - 0x00007ffd16f27000 	C:\Windows\SYSTEM32\WINMM.dll
0x00007ffd24860000 - 0x00007ffd24869000 	C:\Windows\SYSTEM32\WSOCK32.dll
0x00007ffd2bf80000 - 0x00007ffd2bfeb000 	C:\Windows\System32\WS2_32.dll
0x00007ffd27ad0000 - 0x00007ffd27ae2000 	C:\Windows\SYSTEM32\kernel.appcore.dll
0x00007ffd26c60000 - 0x00007ffd26c70000 	C:\Program Files\Java\jdk-13.0.1\bin\verify.dll
0x00007ffd292c0000 - 0x00007ffd294a4000 	C:\Windows\SYSTEM32\DBGHELP.DLL
0x00007ffd29070000 - 0x00007ffd2909c000 	C:\Windows\SYSTEM32\dbgcore.DLL
0x00007ffd29ae0000 - 0x00007ffd29b63000 	C:\Windows\System32\bcryptPrimitives.dll
0x00007ffd1b8b0000 - 0x00007ffd1b8d6000 	C:\Program Files\Java\jdk-13.0.1\bin\java.dll
0x00007ffd1b870000 - 0x00007ffd1b887000 	C:\Program Files\Java\jdk-13.0.1\bin\zip.dll
0x00007ffd1b070000 - 0x00007ffd1b07a000 	C:\Program Files\Java\jdk-13.0.1\bin\jimage.dll
0x00007ffd2ab10000 - 0x00007ffd2b24f000 	C:\Windows\System32\SHELL32.dll
0x00007ffd27340000 - 0x00007ffd27ad0000 	C:\Windows\SYSTEM32\windows.storage.dll
0x00007ffd2b700000 - 0x00007ffd2ba55000 	C:\Windows\System32\combase.dll
0x00007ffd28c10000 - 0x00007ffd28c3c000 	C:\Windows\SYSTEM32\Wldp.dll
0x00007ffd2a6f0000 - 0x00007ffd2a79e000 	C:\Windows\System32\SHCORE.dll
0x00007ffd2c0c0000 - 0x00007ffd2c115000 	C:\Windows\System32\shlwapi.dll
0x00007ffd297e0000 - 0x00007ffd297ff000 	C:\Windows\SYSTEM32\profapi.dll
0x00007ffd1a100000 - 0x00007ffd1a119000 	C:\Program Files\Java\jdk-13.0.1\bin\net.dll
0x00007ffd1b760000 - 0x00007ffd1b868000 	C:\Windows\SYSTEM32\WINHTTP.dll
0x00007ffd28ae0000 - 0x00007ffd28b4a000 	C:\Windows\system32\mswsock.dll
0x00007ffd1a0e0000 - 0x00007ffd1a0f3000 	C:\Program Files\Java\jdk-13.0.1\bin\nio.dll
0x00007ffd0b6d0000 - 0x00007ffd0b6f7000 	C:\Users\QuangThanh\.gradle\native\fdc75f09e3144964f2cf3f50f0aa648679c211496f362492102eb8c894070792\windows-amd64\native-platform.dll
0x00007ffcec650000 - 0x00007ffcec7e6000 	C:\Users\QuangThanh\.gradle\native\12488b8bf47d2d4c9fbf2f6322a914ad602e24e48041cd04a747c6da556b65c4\windows-amd64\native-platform-file-events.dll
0x00007ffd1b060000 - 0x00007ffd1b069000 	C:\Program Files\Java\jdk-13.0.1\bin\management.dll
0x00007ffd1b050000 - 0x00007ffd1b05b000 	C:\Program Files\Java\jdk-13.0.1\bin\management_ext.dll
0x00007ffd29620000 - 0x00007ffd29638000 	C:\Windows\SYSTEM32\CRYPTSP.dll
0x00007ffd28310000 - 0x00007ffd28344000 	C:\Windows\system32\rsaenh.dll
0x00007ffd299a0000 - 0x00007ffd299c7000 	C:\Windows\System32\bcrypt.dll
0x00007ffd29760000 - 0x00007ffd2978e000 	C:\Windows\SYSTEM32\USERENV.dll
0x00007ffd28bd0000 - 0x00007ffd28bdc000 	C:\Windows\SYSTEM32\CRYPTBASE.dll
0x00007ffd28660000 - 0x00007ffd2869b000 	C:\Windows\SYSTEM32\IPHLPAPI.DLL
0x00007ffd2c120000 - 0x00007ffd2c128000 	C:\Windows\System32\NSI.dll
0x00007ffd1f2b0000 - 0x00007ffd1f2c7000 	C:\Windows\SYSTEM32\dhcpcsvc6.DLL
0x00007ffd1f6a0000 - 0x00007ffd1f6bd000 	C:\Windows\SYSTEM32\dhcpcsvc.DLL
0x00007ffd286a0000 - 0x00007ffd2876c000 	C:\Windows\SYSTEM32\DNSAPI.dll
0x00007ffd20020000 - 0x00007ffd2002b000 	C:\Windows\SYSTEM32\WINNSI.DLL

dbghelp: loaded successfully - version: 4.0.5 - missing functions: none
symbol engine: initialized successfully - sym options: 0x614 - pdb path: .;C:\Program Files\Java\jdk-13.0.1\bin;C:\Windows\SYSTEM32;C:\Windows\WinSxS\amd64_microsoft.windows.common-controls_6595b64144ccf1df_6.0.19041.1110_none_60b5254171f9507e;C:\Program Files\Java\jdk-13.0.1\bin\server;C:\Users\QuangThanh\.gradle\native\fdc75f09e3144964f2cf3f50f0aa648679c211496f362492102eb8c894070792\windows-amd64;C:\Users\QuangThanh\.gradle\native\12488b8bf47d2d4c9fbf2f6322a914ad602e24e48041cd04a747c6da556b65c4\windows-amd64

VM Arguments:
jvm_args: --add-opens=java.base/java.util=ALL-UNNAMED --add-opens=java.base/java.lang=ALL-UNNAMED --add-opens=java.base/java.lang.invoke=ALL-UNNAMED --add-opens=java.prefs/java.util.prefs=ALL-UNNAMED -Xmx2048m -Dfile.encoding=UTF-8 -Duser.country=US -Duser.language=en -Duser.variant 
java_command: org.gradle.launcher.daemon.bootstrap.GradleDaemon 6.7.1
java_class_path (initial): C:\Users\QuangThanh\.gradle\wrapper\dists\gradle-6.7.1-bin\bwlcbys1h7rz3272sye1xwiv6\gradle-6.7.1\lib\gradle-launcher-6.7.1.jar
Launcher Type: SUN_STANDARD

[Global flags]
     intx CICompilerCount                          = 3                                         {product} {ergonomic}
     uint ConcGCThreads                            = 1                                         {product} {ergonomic}
     uint G1ConcRefinementThreads                  = 4                                         {product} {ergonomic}
   size_t G1HeapRegionSize                         = 1048576                                   {product} {ergonomic}
    uintx GCDrainStackTargetSize                   = 64                                        {product} {ergonomic}
   size_t InitialHeapSize                          = 134217728                                 {product} {ergonomic}
   size_t MarkStackSize                            = 4194304                                   {product} {ergonomic}
   size_t MaxHeapSize                              = 2147483648                                {product} {command line}
   size_t MaxNewSize                               = 1287651328                                {product} {ergonomic}
   size_t MinHeapDeltaBytes                        = 1048576                                   {product} {ergonomic}
   size_t MinHeapSize                              = 8388608                                   {product} {ergonomic}
    uintx NonNMethodCodeHeapSize                   = 5830732                                {pd product} {ergonomic}
    uintx NonProfiledCodeHeapSize                  = 122913754                              {pd product} {ergonomic}
    uintx ProfiledCodeHeapSize                     = 122913754                              {pd product} {ergonomic}
    uintx ReservedCodeCacheSize                    = 251658240                              {pd product} {ergonomic}
     bool SegmentedCodeCache                       = true                                      {product} {ergonomic}
   size_t SoftMaxHeapSize                          = 2147483648                             {manageable} {ergonomic}
     bool UseCompressedClassPointers               = true                                 {lp64_product} {ergonomic}
     bool UseCompressedOops                        = true                                 {lp64_product} {ergonomic}
     bool UseG1GC                                  = true                                      {product} {ergonomic}
     bool UseLargePagesIndividualAllocation        = false                                  {pd product} {ergonomic}

Logging:
Log output configuration:
 #0: stdout all=warning uptime,level,tags
 #1: stderr all=off uptime,level,tags

Environment Variables:
JAVA_HOME=C:\Program Files\Java\jdk-13.0.1\
CLASSPATH=C:\Program Files\Java\jdk-13.0.1\lib
PATH=C:\ProgramData\Oracle\Java\javapath;C:\Program Files (x86)\Common Files\Oracle\Java\javapath;C:\Program Files\Java\jdk-13.0.1\bin;C:\Windows\system32;C:\Windows;C:\Windows\System32\Wbem;C:\Windows\System32\WindowsPowerShell\v1.0\;C:\Windows\System32\OpenSSH\;C:\Program Files\NVIDIA Corporation\NVIDIA NvDLISR;C:\Program Files\Git\cmd;C:\Program Files (x86)\NVIDIA Corporation\PhysX\Common;C:\Program Files\dotnet\;C:\Program Files\Microsoft SQL Server\130\Tools\Binn\;C:\Program Files\Microsoft SQL Server\Client SDK\ODBC\170\Tools\Binn\;C:\Program Files\nodejs\;";C:\Users\QuangThanh\AppData\Local\Android\Sdk\platform-tools;C:\Users\QuangThanh\AppData\Local\Android\Sdk\tools;C:\Users\QuangThanh\AppData\Local\Android\Sdk\tools\bin";C:\Users\QuangThanh\AppData\Roaming\npm;C:\Program Files\Java\jdk-13.0.1\bin;D:\VisualCode\Microsoft VS Code\bin
USERNAME=MSI
OS=Windows_NT
PROCESSOR_IDENTIFIER=Intel64 Family 6 Model 158 Stepping 9, GenuineIntel



---------------  S Y S T E M  ---------------

OS: Windows 10 , 64 bit Build 19041 (10.0.19041.1151)

CPU:total 4 (initial active 4) (4 cores per cpu, 1 threads per core) family 6 model 158 stepping 9, cmov, cx8, fxsr, mmx, sse, sse2, sse3, ssse3, sse4.1, sse4.2, popcnt, avx, avx2, aes, clmul, erms, 3dnowpref, lzcnt, tsc, tscinvbit, bmi1, bmi2, adx, fma

Memory: 4k page, system-wide physical 8109M (398M free)
TotalPageFile size 32685M (AvailPageFile size 4M)
current process WorkingSet (physical memory assigned to process): 302M, peak: 302M
current process commit charge ("private bytes"): 340M, peak: 341M

vm_info: Java HotSpot(TM) 64-Bit Server VM (13.0.1+9) for windows-amd64 JRE (13.0.1+9), built on Oct  6 2019 12:37:49 by "mach5one" with unknown MS VC++:1916

END.
